#
# There is insufficient memory for the Java Runtime Environment to continue.
# Native memory allocation (malloc) failed to allocate 73616 bytes for Chunk::new
# Possible reasons:
#   The system is out of physical RAM or swap space
#   The process is running with CompressedOops enabled, and the Java Heap may be blocking the growth of the native heap
# Possible solutions:
#   Reduce memory load on the system
#   Increase physical memory or swap space
#   Check if swap backing store is full
#   Decrease Java heap size (-Xmx/-Xms)
#   Decrease number of Java threads
#   Decrease Java thread stack sizes (-Xss)
#   Set larger code cache with -XX:ReservedCodeCacheSize=
#   JVM is running with Unscaled Compressed Oops mode in which the Java heap is
#     placed in the first 4GB address space. The Java Heap base address is the
#     maximum limit for the native heap growth. Please use -XX:HeapBaseMinAddress
#     to set the Java Heap base and to place the Java Heap above 4GB virtual address.
# This output file may be truncated or incomplete.
#
#  Out of Memory Error (arena.cpp:168), pid=16456, tid=9636
#
# JRE version: Java(TM) SE Runtime Environment (21.0.4+8) (build 21.0.4+8-LTS-274)
# Java VM: Java HotSpot(TM) 64-Bit Server VM (21.0.4+8-LTS-274, mixed mode, sharing, tiered, compressed oops, compressed class ptrs, g1 gc, windows-amd64)
# No core dump will be written. Minidumps are not enabled by default on client versions of Windows
#

---------------  S U M M A R Y ------------

Command Line: --add-opens=java.base/java.lang=ALL-UNNAMED --add-opens=java.base/java.lang.invoke=ALL-UNNAMED --add-opens=java.base/java.util=ALL-UNNAMED --add-opens=java.prefs/java.util.prefs=ALL-UNNAMED --add-exports=jdk.compiler/com.sun.tools.javac.api=ALL-UNNAMED --add-exports=jdk.compiler/com.sun.tools.javac.util=ALL-UNNAMED --add-opens=java.base/java.util=ALL-UNNAMED --add-opens=java.prefs/java.util.prefs=ALL-UNNAMED --add-opens=java.base/java.nio.charset=ALL-UNNAMED --add-opens=java.base/java.net=ALL-UNNAMED --add-opens=java.base/java.util.concurrent.atomic=ALL-UNNAMED --add-opens=java.xml/javax.xml.namespace=ALL-UNNAMED -XX:MaxMetaspaceSize=384m -XX:+HeapDumpOnOutOfMemoryError -Xms256m -Xmx512m -Dfile.encoding=windows-1252 -Duser.country=US -Duser.language=en -Duser.variant -javaagent:C:\Users\TUAN ANH\.gradle\wrapper\dists\gradle-8.11.1-bin\bpt9gzteqjrbo1mjrsomdt32c\gradle-8.11.1\lib\agents\gradle-instrumentation-agent-8.11.1.jar org.gradle.launcher.daemon.bootstrap.GradleDaemon 8.11.1

Host: 11th Gen Intel(R) Core(TM) i5-1135G7 @ 2.40GHz, 8 cores, 11G,  Windows 11 , 64 bit Build 22621 (10.0.22621.4391)
Time: Tue Feb  4 16:24:32 2025 SE Asia Standard Time elapsed time: 39.613957 seconds (0d 0h 0m 39s)

---------------  T H R E A D  ---------------

Current thread (0x000001d179d28160):  JavaThread "C2 CompilerThread0" daemon [_thread_in_native, id=9636, stack(0x0000001ffca00000,0x0000001ffcb00000) (1024K)]


Current CompileTask:
C2:  39614 3623       4       jdk.internal.org.objectweb.asm.Frame::setInputFrameFromDescriptor (175 bytes)

Stack: [0x0000001ffca00000,0x0000001ffcb00000]
Native frames: (J=compiled Java code, j=interpreted, Vv=VM code, C=native code)
V  [jvm.dll+0x6c8e59]
V  [jvm.dll+0x853181]
V  [jvm.dll+0x8556ae]
V  [jvm.dll+0x855d83]
V  [jvm.dll+0x27d526]
V  [jvm.dll+0xc4aad]
V  [jvm.dll+0xc4fe3]
V  [jvm.dll+0x5d4bfa]
V  [jvm.dll+0x1deed1]
V  [jvm.dll+0x2463d2]
V  [jvm.dll+0x24585f]
V  [jvm.dll+0x1c69de]
V  [jvm.dll+0x254d49]
V  [jvm.dll+0x2532da]
V  [jvm.dll+0x3ed426]
V  [jvm.dll+0x7fd65b]
V  [jvm.dll+0x6c753d]
C  [ucrtbase.dll+0x29333]
C  [KERNEL32.DLL+0x1259d]
C  [ntdll.dll+0x5af38]


---------------  P R O C E S S  ---------------

Threads class SMR info:
_java_thread_list=0x000001d1151a46d0, length=31, elements={
0x000001d15cfc30c0, 0x000001d179d1e840, 0x000001d179d1fa00, 0x000001d179d21bd0,
0x000001d179d25c40, 0x000001d179d26790, 0x000001d179d272e0, 0x000001d179d28160,
0x000001d179d2a120, 0x000001d179cf0170, 0x000001d17e1bfb50, 0x000001d17fb46450,
0x000001d115084e20, 0x000001d115277150, 0x000001d17f430820, 0x000001d1152bf740,
0x000001d11532e630, 0x000001d11532ff10, 0x000001d17f3ab1e0, 0x000001d17f3ad2b0,
0x000001d17f3ab870, 0x000001d17f3aab50, 0x000001d17f3ad940, 0x000001d17f3ac590,
0x000001d17f3aa4c0, 0x000001d17f3acc20, 0x000001d17f0196f0, 0x000001d17f0189d0,
0x000001d17f01e5b0, 0x000001d17f01c4e0, 0x000001d17f01df20
}

Java Threads: ( => current thread )
  0x000001d15cfc30c0 JavaThread "main"                              [_thread_blocked, id=9872, stack(0x0000001ffbb00000,0x0000001ffbc00000) (1024K)]
  0x000001d179d1e840 JavaThread "Reference Handler"          daemon [_thread_blocked, id=8440, stack(0x0000001ffc400000,0x0000001ffc500000) (1024K)]
  0x000001d179d1fa00 JavaThread "Finalizer"                  daemon [_thread_blocked, id=22380, stack(0x0000001ffc500000,0x0000001ffc600000) (1024K)]
  0x000001d179d21bd0 JavaThread "Signal Dispatcher"          daemon [_thread_blocked, id=19192, stack(0x0000001ffc600000,0x0000001ffc700000) (1024K)]
  0x000001d179d25c40 JavaThread "Attach Listener"            daemon [_thread_blocked, id=11268, stack(0x0000001ffc700000,0x0000001ffc800000) (1024K)]
  0x000001d179d26790 JavaThread "Service Thread"             daemon [_thread_blocked, id=9444, stack(0x0000001ffc800000,0x0000001ffc900000) (1024K)]
  0x000001d179d272e0 JavaThread "Monitor Deflation Thread"   daemon [_thread_blocked, id=4864, stack(0x0000001ffc900000,0x0000001ffca00000) (1024K)]
=>0x000001d179d28160 JavaThread "C2 CompilerThread0"         daemon [_thread_in_native, id=9636, stack(0x0000001ffca00000,0x0000001ffcb00000) (1024K)]
  0x000001d179d2a120 JavaThread "C1 CompilerThread0"         daemon [_thread_blocked, id=22808, stack(0x0000001ffcb00000,0x0000001ffcc00000) (1024K)]
  0x000001d179cf0170 JavaThread "Common-Cleaner"             daemon [_thread_blocked, id=15048, stack(0x0000001ffcc00000,0x0000001ffcd00000) (1024K)]
  0x000001d17e1bfb50 JavaThread "Notification Thread"        daemon [_thread_blocked, id=7568, stack(0x0000001ffcd00000,0x0000001ffce00000) (1024K)]
  0x000001d17fb46450 JavaThread "Daemon health stats"               [_thread_blocked, id=15224, stack(0x0000001ffcf00000,0x0000001ffd000000) (1024K)]
  0x000001d115084e20 JavaThread "Incoming local TCP Connector on port 57168"        [_thread_in_native, id=6256, stack(0x0000001ffce00000,0x0000001ffcf00000) (1024K)]
  0x000001d115277150 JavaThread "Daemon periodic checks"            [_thread_blocked, id=20084, stack(0x0000001ffd500000,0x0000001ffd600000) (1024K)]
  0x000001d17f430820 JavaThread "Daemon"                            [_thread_blocked, id=12596, stack(0x0000001ffd600000,0x0000001ffd700000) (1024K)]
  0x000001d1152bf740 JavaThread "Handler for socket connection from /127.0.0.1:57168 to /127.0.0.1:57172"        [_thread_in_native, id=11384, stack(0x0000001ffd700000,0x0000001ffd800000) (1024K)]
  0x000001d11532e630 JavaThread "Cancel handler"                    [_thread_blocked, id=13292, stack(0x0000001ffd800000,0x0000001ffd900000) (1024K)]
  0x000001d11532ff10 JavaThread "Daemon worker"                     [_thread_in_vm, id=24712, stack(0x0000001ffd900000,0x0000001ffda00000) (1024K)]
  0x000001d17f3ab1e0 JavaThread "Asynchronous log dispatcher for DefaultDaemonConnection: socket connection from /127.0.0.1:57168 to /127.0.0.1:57172"        [_thread_blocked, id=24412, stack(0x0000001ffda00000,0x0000001ffdb00000) (1024K)]
  0x000001d17f3ad2b0 JavaThread "Stdin handler"                     [_thread_blocked, id=24996, stack(0x0000001ffdb00000,0x0000001ffdc00000) (1024K)]
  0x000001d17f3ab870 JavaThread "Daemon client event forwarder"        [_thread_blocked, id=25252, stack(0x0000001ffdc00000,0x0000001ffdd00000) (1024K)]
  0x000001d17f3aab50 JavaThread "Cache worker for journal cache (C:\Users\TUAN ANH\.gradle\caches\journal-1)"        [_thread_blocked, id=25128, stack(0x0000001ffdd00000,0x0000001ffde00000) (1024K)]
  0x000001d17f3ad940 JavaThread "File lock request listener"        [_thread_in_native, id=19512, stack(0x0000001ffde00000,0x0000001ffdf00000) (1024K)]
  0x000001d17f3ac590 JavaThread "File lock release action executor"        [_thread_blocked, id=10512, stack(0x0000001ffdf00000,0x0000001ffe000000) (1024K)]
  0x000001d17f3aa4c0 JavaThread "Cache worker for file hash cache (C:\Users\TUAN ANH\.gradle\caches\8.11.1\fileHashes)"        [_thread_blocked, id=15344, stack(0x0000001ffe000000,0x0000001ffe100000) (1024K)]
  0x000001d17f3acc20 JavaThread "Cache worker for file content cache (C:\Users\TUAN ANH\.gradle\caches\8.11.1\fileContent)"        [_thread_blocked, id=25948, stack(0x0000001ffe100000,0x0000001ffe200000) (1024K)]
  0x000001d17f0196f0 JavaThread "Cache worker for file hash cache (D:\HK2_N4\KTPM\01_ecommerce_backend\order-service\.gradle\8.11.1\fileHashes)"        [_thread_blocked, id=23240, stack(0x0000001ffe500000,0x0000001ffe600000) (1024K)]
  0x000001d17f0189d0 JavaThread "Cache worker for Build Output Cleanup Cache (D:\HK2_N4\KTPM\01_ecommerce_backend\order-service\.gradle\buildOutputCleanup)"        [_thread_blocked, id=6732, stack(0x0000001ffe600000,0x0000001ffe700000) (1024K)]
  0x000001d17f01e5b0 JavaThread "File watcher server"        daemon [_thread_in_native, id=26512, stack(0x0000001ffe700000,0x0000001ffe800000) (1024K)]
  0x000001d17f01c4e0 JavaThread "File watcher consumer"      daemon [_thread_blocked, id=20080, stack(0x0000001ffe800000,0x0000001ffe900000) (1024K)]
  0x000001d17f01df20 JavaThread "Cache worker for checksums cache (D:\HK2_N4\KTPM\01_ecommerce_backend\order-service\.gradle\8.11.1\checksums)"        [_thread_blocked, id=756, stack(0x0000001ffe900000,0x0000001ffea00000) (1024K)]
Total: 31

Other Threads:
  0x000001d179d01590 VMThread "VM Thread"                           [id=14736, stack(0x0000001ffc300000,0x0000001ffc400000) (1024K)]
  0x000001d179cef280 WatcherThread "VM Periodic Task Thread"        [id=24728, stack(0x0000001ffc200000,0x0000001ffc300000) (1024K)]
  0x000001d15f135320 WorkerThread "GC Thread#0"                     [id=19124, stack(0x0000001ffbd00000,0x0000001ffbe00000) (1024K)]
  0x000001d17e700150 WorkerThread "GC Thread#1"                     [id=23208, stack(0x0000001ffd000000,0x0000001ffd100000) (1024K)]
  0x000001d17e684cf0 WorkerThread "GC Thread#2"                     [id=11972, stack(0x0000001ffd100000,0x0000001ffd200000) (1024K)]
  0x000001d17e685090 WorkerThread "GC Thread#3"                     [id=25060, stack(0x0000001ffd200000,0x0000001ffd300000) (1024K)]
  0x000001d17e6ccc70 WorkerThread "GC Thread#4"                     [id=22844, stack(0x0000001ffd300000,0x0000001ffd400000) (1024K)]
  0x000001d17e6cd010 WorkerThread "GC Thread#5"                     [id=11792, stack(0x0000001ffd400000,0x0000001ffd500000) (1024K)]
  0x000001d115917570 WorkerThread "GC Thread#6"                     [id=25712, stack(0x0000001ffe200000,0x0000001ffe300000) (1024K)]
  0x000001d115916350 WorkerThread "GC Thread#7"                     [id=18684, stack(0x0000001ffe300000,0x0000001ffe400000) (1024K)]
  0x000001d15f13a300 ConcurrentGCThread "G1 Main Marker"            [id=20972, stack(0x0000001ffbe00000,0x0000001ffbf00000) (1024K)]
  0x000001d15f13ae00 WorkerThread "G1 Conc#0"                       [id=7716, stack(0x0000001ffbf00000,0x0000001ffc000000) (1024K)]
  0x000001d1159166f0 WorkerThread "G1 Conc#1"                       [id=9896, stack(0x0000001ffe400000,0x0000001ffe500000) (1024K)]
  0x000001d179bbc5a0 ConcurrentGCThread "G1 Refine#0"               [id=24628, stack(0x0000001ffc000000,0x0000001ffc100000) (1024K)]
  0x000001d179bbd0d0 ConcurrentGCThread "G1 Service"                [id=6624, stack(0x0000001ffc100000,0x0000001ffc200000) (1024K)]
Total: 15

Threads with active compile tasks:
C2 CompilerThread0    39656 3623       4       jdk.internal.org.objectweb.asm.Frame::setInputFrameFromDescriptor (175 bytes)
Total: 1

VM state: not at safepoint (normal execution)

VM Mutex/Monitor currently owned by a thread:  ([mutex/lock_event])
[0x00007ff84b2c5e18] Metaspace_lock - owner thread: 0x000001d11532ff10

Heap address: 0x00000000e0000000, size: 512 MB, Compressed Oops mode: 32-bit

CDS archive(s) mapped at: [0x000001d100000000-0x000001d100c90000-0x000001d100c90000), size 13172736, SharedBaseAddress: 0x000001d100000000, ArchiveRelocationMode: 1.
Compressed class space mapped at: 0x000001d101000000-0x000001d115000000, reserved size: 335544320
Narrow klass base: 0x000001d100000000, Narrow klass shift: 0, Narrow klass range: 0x100000000

GC Precious Log:
 CardTable entry size: 512
 Card Set container configuration: InlinePtr #cards 5 size 8 Array Of Cards #cards 12 size 40 Howl #buckets 4 coarsen threshold 1843 Howl Bitmap #cards 512 size 80 coarsen threshold 460 Card regions per heap region 1 cards per card region 2048
 CPUs: 8 total, 8 available
 Memory: 12067M
 Large Page Support: Disabled
 NUMA Support: Disabled
 Compressed Oops: Enabled (32-bit)
 Heap Region Size: 1M
 Heap Min Capacity: 256M
 Heap Initial Capacity: 256M
 Heap Max Capacity: 512M
 Pre-touch: Disabled
 Parallel Workers: 8
 Concurrent Workers: 2
 Concurrent Refinement Workers: 8
 Periodic GC: Disabled

Heap:
 garbage-first heap   total 262144K, used 68884K [0x00000000e0000000, 0x0000000100000000)
  region size 1024K, 58 young (59392K), 12 survivors (12288K)
 Metaspace       used 26439K, committed 27392K, reserved 393216K
  class space    used 3956K, committed 4416K, reserved 327680K

Heap Regions: E=young(eden), S=young(survivor), O=old, HS=humongous(starts), HC=humongous(continues), CS=collection set, F=free, TAMS=top-at-mark-start, PB=parsable bottom
|   0|0x00000000e0000000, 0x00000000e0100000, 0x00000000e0100000|100%| O|  |TAMS 0x00000000e0000000| PB 0x00000000e0000000| Untracked 
|   1|0x00000000e0100000, 0x00000000e0200000, 0x00000000e0200000|100%|HS|  |TAMS 0x00000000e0100000| PB 0x00000000e0100000| Complete 
|   2|0x00000000e0200000, 0x00000000e0300000, 0x00000000e0300000|100%|HC|  |TAMS 0x00000000e0200000| PB 0x00000000e0200000| Complete 
|   3|0x00000000e0300000, 0x00000000e0400000, 0x00000000e0400000|100%|HC|  |TAMS 0x00000000e0300000| PB 0x00000000e0300000| Complete 
|   4|0x00000000e0400000, 0x00000000e0500000, 0x00000000e0500000|100%| O|  |TAMS 0x00000000e0400000| PB 0x00000000e0400000| Untracked 
|   5|0x00000000e0500000, 0x00000000e0600000, 0x00000000e0600000|100%| O|  |TAMS 0x00000000e0500000| PB 0x00000000e0500000| Untracked 
|   6|0x00000000e0600000, 0x00000000e0700000, 0x00000000e0700000|100%|HS|  |TAMS 0x00000000e0600000| PB 0x00000000e0600000| Complete 
|   7|0x00000000e0700000, 0x00000000e0700000, 0x00000000e0800000|  0%| F|  |TAMS 0x00000000e0700000| PB 0x00000000e0700000| Untracked 
|   8|0x00000000e0800000, 0x00000000e0900000, 0x00000000e0900000|100%| O|  |TAMS 0x00000000e0800000| PB 0x00000000e0800000| Untracked 
|   9|0x00000000e0900000, 0x00000000e0a00000, 0x00000000e0a00000|100%| O|Cm|TAMS 0x00000000e0900000| PB 0x00000000e0900000| Complete 
|  10|0x00000000e0a00000, 0x00000000e0b00000, 0x00000000e0b00000|100%| O|  |TAMS 0x00000000e0a00000| PB 0x00000000e0a00000| Untracked 
|  11|0x00000000e0b00000, 0x00000000e0c00000, 0x00000000e0c00000|100%| O|  |TAMS 0x00000000e0b00000| PB 0x00000000e0b00000| Untracked 
|  12|0x00000000e0c00000, 0x00000000e0c67770, 0x00000000e0d00000| 40%| O|  |TAMS 0x00000000e0c00000| PB 0x00000000e0c00000| Untracked 
|  13|0x00000000e0d00000, 0x00000000e0d00000, 0x00000000e0e00000|  0%| F|  |TAMS 0x00000000e0d00000| PB 0x00000000e0d00000| Untracked 
|  14|0x00000000e0e00000, 0x00000000e0e00000, 0x00000000e0f00000|  0%| F|  |TAMS 0x00000000e0e00000| PB 0x00000000e0e00000| Untracked 
|  15|0x00000000e0f00000, 0x00000000e0f00000, 0x00000000e1000000|  0%| F|  |TAMS 0x00000000e0f00000| PB 0x00000000e0f00000| Untracked 
|  16|0x00000000e1000000, 0x00000000e1000000, 0x00000000e1100000|  0%| F|  |TAMS 0x00000000e1000000| PB 0x00000000e1000000| Untracked 
|  17|0x00000000e1100000, 0x00000000e1100000, 0x00000000e1200000|  0%| F|  |TAMS 0x00000000e1100000| PB 0x00000000e1100000| Untracked 
|  18|0x00000000e1200000, 0x00000000e1200000, 0x00000000e1300000|  0%| F|  |TAMS 0x00000000e1200000| PB 0x00000000e1200000| Untracked 
|  19|0x00000000e1300000, 0x00000000e1300000, 0x00000000e1400000|  0%| F|  |TAMS 0x00000000e1300000| PB 0x00000000e1300000| Untracked 
|  20|0x00000000e1400000, 0x00000000e1400000, 0x00000000e1500000|  0%| F|  |TAMS 0x00000000e1400000| PB 0x00000000e1400000| Untracked 
|  21|0x00000000e1500000, 0x00000000e1500000, 0x00000000e1600000|  0%| F|  |TAMS 0x00000000e1500000| PB 0x00000000e1500000| Untracked 
|  22|0x00000000e1600000, 0x00000000e1600000, 0x00000000e1700000|  0%| F|  |TAMS 0x00000000e1600000| PB 0x00000000e1600000| Untracked 
|  23|0x00000000e1700000, 0x00000000e1700000, 0x00000000e1800000|  0%| F|  |TAMS 0x00000000e1700000| PB 0x00000000e1700000| Untracked 
|  24|0x00000000e1800000, 0x00000000e1800000, 0x00000000e1900000|  0%| F|  |TAMS 0x00000000e1800000| PB 0x00000000e1800000| Untracked 
|  25|0x00000000e1900000, 0x00000000e1900000, 0x00000000e1a00000|  0%| F|  |TAMS 0x00000000e1900000| PB 0x00000000e1900000| Untracked 
|  26|0x00000000e1a00000, 0x00000000e1a00000, 0x00000000e1b00000|  0%| F|  |TAMS 0x00000000e1a00000| PB 0x00000000e1a00000| Untracked 
|  27|0x00000000e1b00000, 0x00000000e1b00000, 0x00000000e1c00000|  0%| F|  |TAMS 0x00000000e1b00000| PB 0x00000000e1b00000| Untracked 
|  28|0x00000000e1c00000, 0x00000000e1c00000, 0x00000000e1d00000|  0%| F|  |TAMS 0x00000000e1c00000| PB 0x00000000e1c00000| Untracked 
|  29|0x00000000e1d00000, 0x00000000e1d00000, 0x00000000e1e00000|  0%| F|  |TAMS 0x00000000e1d00000| PB 0x00000000e1d00000| Untracked 
|  30|0x00000000e1e00000, 0x00000000e1e00000, 0x00000000e1f00000|  0%| F|  |TAMS 0x00000000e1e00000| PB 0x00000000e1e00000| Untracked 
|  31|0x00000000e1f00000, 0x00000000e1f00000, 0x00000000e2000000|  0%| F|  |TAMS 0x00000000e1f00000| PB 0x00000000e1f00000| Untracked 
|  32|0x00000000e2000000, 0x00000000e2000000, 0x00000000e2100000|  0%| F|  |TAMS 0x00000000e2000000| PB 0x00000000e2000000| Untracked 
|  33|0x00000000e2100000, 0x00000000e2100000, 0x00000000e2200000|  0%| F|  |TAMS 0x00000000e2100000| PB 0x00000000e2100000| Untracked 
|  34|0x00000000e2200000, 0x00000000e2200000, 0x00000000e2300000|  0%| F|  |TAMS 0x00000000e2200000| PB 0x00000000e2200000| Untracked 
|  35|0x00000000e2300000, 0x00000000e2300000, 0x00000000e2400000|  0%| F|  |TAMS 0x00000000e2300000| PB 0x00000000e2300000| Untracked 
|  36|0x00000000e2400000, 0x00000000e2400000, 0x00000000e2500000|  0%| F|  |TAMS 0x00000000e2400000| PB 0x00000000e2400000| Untracked 
|  37|0x00000000e2500000, 0x00000000e2500000, 0x00000000e2600000|  0%| F|  |TAMS 0x00000000e2500000| PB 0x00000000e2500000| Untracked 
|  38|0x00000000e2600000, 0x00000000e2600000, 0x00000000e2700000|  0%| F|  |TAMS 0x00000000e2600000| PB 0x00000000e2600000| Untracked 
|  39|0x00000000e2700000, 0x00000000e2700000, 0x00000000e2800000|  0%| F|  |TAMS 0x00000000e2700000| PB 0x00000000e2700000| Untracked 
|  40|0x00000000e2800000, 0x00000000e2800000, 0x00000000e2900000|  0%| F|  |TAMS 0x00000000e2800000| PB 0x00000000e2800000| Untracked 
|  41|0x00000000e2900000, 0x00000000e2900000, 0x00000000e2a00000|  0%| F|  |TAMS 0x00000000e2900000| PB 0x00000000e2900000| Untracked 
|  42|0x00000000e2a00000, 0x00000000e2a00000, 0x00000000e2b00000|  0%| F|  |TAMS 0x00000000e2a00000| PB 0x00000000e2a00000| Untracked 
|  43|0x00000000e2b00000, 0x00000000e2b00000, 0x00000000e2c00000|  0%| F|  |TAMS 0x00000000e2b00000| PB 0x00000000e2b00000| Untracked 
|  44|0x00000000e2c00000, 0x00000000e2c00000, 0x00000000e2d00000|  0%| F|  |TAMS 0x00000000e2c00000| PB 0x00000000e2c00000| Untracked 
|  45|0x00000000e2d00000, 0x00000000e2d00000, 0x00000000e2e00000|  0%| F|  |TAMS 0x00000000e2d00000| PB 0x00000000e2d00000| Untracked 
|  46|0x00000000e2e00000, 0x00000000e2e00000, 0x00000000e2f00000|  0%| F|  |TAMS 0x00000000e2e00000| PB 0x00000000e2e00000| Untracked 
|  47|0x00000000e2f00000, 0x00000000e2f00000, 0x00000000e3000000|  0%| F|  |TAMS 0x00000000e2f00000| PB 0x00000000e2f00000| Untracked 
|  48|0x00000000e3000000, 0x00000000e3000000, 0x00000000e3100000|  0%| F|  |TAMS 0x00000000e3000000| PB 0x00000000e3000000| Untracked 
|  49|0x00000000e3100000, 0x00000000e3100000, 0x00000000e3200000|  0%| F|  |TAMS 0x00000000e3100000| PB 0x00000000e3100000| Untracked 
|  50|0x00000000e3200000, 0x00000000e3200000, 0x00000000e3300000|  0%| F|  |TAMS 0x00000000e3200000| PB 0x00000000e3200000| Untracked 
|  51|0x00000000e3300000, 0x00000000e3300000, 0x00000000e3400000|  0%| F|  |TAMS 0x00000000e3300000| PB 0x00000000e3300000| Untracked 
|  52|0x00000000e3400000, 0x00000000e3400000, 0x00000000e3500000|  0%| F|  |TAMS 0x00000000e3400000| PB 0x00000000e3400000| Untracked 
|  53|0x00000000e3500000, 0x00000000e3500000, 0x00000000e3600000|  0%| F|  |TAMS 0x00000000e3500000| PB 0x00000000e3500000| Untracked 
|  54|0x00000000e3600000, 0x00000000e3600000, 0x00000000e3700000|  0%| F|  |TAMS 0x00000000e3600000| PB 0x00000000e3600000| Untracked 
|  55|0x00000000e3700000, 0x00000000e3700000, 0x00000000e3800000|  0%| F|  |TAMS 0x00000000e3700000| PB 0x00000000e3700000| Untracked 
|  56|0x00000000e3800000, 0x00000000e3800000, 0x00000000e3900000|  0%| F|  |TAMS 0x00000000e3800000| PB 0x00000000e3800000| Untracked 
|  57|0x00000000e3900000, 0x00000000e3900000, 0x00000000e3a00000|  0%| F|  |TAMS 0x00000000e3900000| PB 0x00000000e3900000| Untracked 
|  58|0x00000000e3a00000, 0x00000000e3a00000, 0x00000000e3b00000|  0%| F|  |TAMS 0x00000000e3a00000| PB 0x00000000e3a00000| Untracked 
|  59|0x00000000e3b00000, 0x00000000e3b00000, 0x00000000e3c00000|  0%| F|  |TAMS 0x00000000e3b00000| PB 0x00000000e3b00000| Untracked 
|  60|0x00000000e3c00000, 0x00000000e3c00000, 0x00000000e3d00000|  0%| F|  |TAMS 0x00000000e3c00000| PB 0x00000000e3c00000| Untracked 
|  61|0x00000000e3d00000, 0x00000000e3d00000, 0x00000000e3e00000|  0%| F|  |TAMS 0x00000000e3d00000| PB 0x00000000e3d00000| Untracked 
|  62|0x00000000e3e00000, 0x00000000e3e00000, 0x00000000e3f00000|  0%| F|  |TAMS 0x00000000e3e00000| PB 0x00000000e3e00000| Untracked 
|  63|0x00000000e3f00000, 0x00000000e3f00000, 0x00000000e4000000|  0%| F|  |TAMS 0x00000000e3f00000| PB 0x00000000e3f00000| Untracked 
|  64|0x00000000e4000000, 0x00000000e4000000, 0x00000000e4100000|  0%| F|  |TAMS 0x00000000e4000000| PB 0x00000000e4000000| Untracked 
|  65|0x00000000e4100000, 0x00000000e4100000, 0x00000000e4200000|  0%| F|  |TAMS 0x00000000e4100000| PB 0x00000000e4100000| Untracked 
|  66|0x00000000e4200000, 0x00000000e4200000, 0x00000000e4300000|  0%| F|  |TAMS 0x00000000e4200000| PB 0x00000000e4200000| Untracked 
|  67|0x00000000e4300000, 0x00000000e4300000, 0x00000000e4400000|  0%| F|  |TAMS 0x00000000e4300000| PB 0x00000000e4300000| Untracked 
|  68|0x00000000e4400000, 0x00000000e4400000, 0x00000000e4500000|  0%| F|  |TAMS 0x00000000e4400000| PB 0x00000000e4400000| Untracked 
|  69|0x00000000e4500000, 0x00000000e4500000, 0x00000000e4600000|  0%| F|  |TAMS 0x00000000e4500000| PB 0x00000000e4500000| Untracked 
|  70|0x00000000e4600000, 0x00000000e4600000, 0x00000000e4700000|  0%| F|  |TAMS 0x00000000e4600000| PB 0x00000000e4600000| Untracked 
|  71|0x00000000e4700000, 0x00000000e4700000, 0x00000000e4800000|  0%| F|  |TAMS 0x00000000e4700000| PB 0x00000000e4700000| Untracked 
|  72|0x00000000e4800000, 0x00000000e4800000, 0x00000000e4900000|  0%| F|  |TAMS 0x00000000e4800000| PB 0x00000000e4800000| Untracked 
|  73|0x00000000e4900000, 0x00000000e4900000, 0x00000000e4a00000|  0%| F|  |TAMS 0x00000000e4900000| PB 0x00000000e4900000| Untracked 
|  74|0x00000000e4a00000, 0x00000000e4a00000, 0x00000000e4b00000|  0%| F|  |TAMS 0x00000000e4a00000| PB 0x00000000e4a00000| Untracked 
|  75|0x00000000e4b00000, 0x00000000e4b00000, 0x00000000e4c00000|  0%| F|  |TAMS 0x00000000e4b00000| PB 0x00000000e4b00000| Untracked 
|  76|0x00000000e4c00000, 0x00000000e4c00000, 0x00000000e4d00000|  0%| F|  |TAMS 0x00000000e4c00000| PB 0x00000000e4c00000| Untracked 
|  77|0x00000000e4d00000, 0x00000000e4d00000, 0x00000000e4e00000|  0%| F|  |TAMS 0x00000000e4d00000| PB 0x00000000e4d00000| Untracked 
|  78|0x00000000e4e00000, 0x00000000e4e00000, 0x00000000e4f00000|  0%| F|  |TAMS 0x00000000e4e00000| PB 0x00000000e4e00000| Untracked 
|  79|0x00000000e4f00000, 0x00000000e4f00000, 0x00000000e5000000|  0%| F|  |TAMS 0x00000000e4f00000| PB 0x00000000e4f00000| Untracked 
|  80|0x00000000e5000000, 0x00000000e5000000, 0x00000000e5100000|  0%| F|  |TAMS 0x00000000e5000000| PB 0x00000000e5000000| Untracked 
|  81|0x00000000e5100000, 0x00000000e5100000, 0x00000000e5200000|  0%| F|  |TAMS 0x00000000e5100000| PB 0x00000000e5100000| Untracked 
|  82|0x00000000e5200000, 0x00000000e5200000, 0x00000000e5300000|  0%| F|  |TAMS 0x00000000e5200000| PB 0x00000000e5200000| Untracked 
|  83|0x00000000e5300000, 0x00000000e5300000, 0x00000000e5400000|  0%| F|  |TAMS 0x00000000e5300000| PB 0x00000000e5300000| Untracked 
|  84|0x00000000e5400000, 0x00000000e5400000, 0x00000000e5500000|  0%| F|  |TAMS 0x00000000e5400000| PB 0x00000000e5400000| Untracked 
|  85|0x00000000e5500000, 0x00000000e5500000, 0x00000000e5600000|  0%| F|  |TAMS 0x00000000e5500000| PB 0x00000000e5500000| Untracked 
|  86|0x00000000e5600000, 0x00000000e5600000, 0x00000000e5700000|  0%| F|  |TAMS 0x00000000e5600000| PB 0x00000000e5600000| Untracked 
|  87|0x00000000e5700000, 0x00000000e5700000, 0x00000000e5800000|  0%| F|  |TAMS 0x00000000e5700000| PB 0x00000000e5700000| Untracked 
|  88|0x00000000e5800000, 0x00000000e5800000, 0x00000000e5900000|  0%| F|  |TAMS 0x00000000e5800000| PB 0x00000000e5800000| Untracked 
|  89|0x00000000e5900000, 0x00000000e5900000, 0x00000000e5a00000|  0%| F|  |TAMS 0x00000000e5900000| PB 0x00000000e5900000| Untracked 
|  90|0x00000000e5a00000, 0x00000000e5a00000, 0x00000000e5b00000|  0%| F|  |TAMS 0x00000000e5a00000| PB 0x00000000e5a00000| Untracked 
|  91|0x00000000e5b00000, 0x00000000e5b00000, 0x00000000e5c00000|  0%| F|  |TAMS 0x00000000e5b00000| PB 0x00000000e5b00000| Untracked 
|  92|0x00000000e5c00000, 0x00000000e5c00000, 0x00000000e5d00000|  0%| F|  |TAMS 0x00000000e5c00000| PB 0x00000000e5c00000| Untracked 
|  93|0x00000000e5d00000, 0x00000000e5d00000, 0x00000000e5e00000|  0%| F|  |TAMS 0x00000000e5d00000| PB 0x00000000e5d00000| Untracked 
|  94|0x00000000e5e00000, 0x00000000e5e00000, 0x00000000e5f00000|  0%| F|  |TAMS 0x00000000e5e00000| PB 0x00000000e5e00000| Untracked 
|  95|0x00000000e5f00000, 0x00000000e5f00000, 0x00000000e6000000|  0%| F|  |TAMS 0x00000000e5f00000| PB 0x00000000e5f00000| Untracked 
|  96|0x00000000e6000000, 0x00000000e6000000, 0x00000000e6100000|  0%| F|  |TAMS 0x00000000e6000000| PB 0x00000000e6000000| Untracked 
|  97|0x00000000e6100000, 0x00000000e6100000, 0x00000000e6200000|  0%| F|  |TAMS 0x00000000e6100000| PB 0x00000000e6100000| Untracked 
|  98|0x00000000e6200000, 0x00000000e6200000, 0x00000000e6300000|  0%| F|  |TAMS 0x00000000e6200000| PB 0x00000000e6200000| Untracked 
|  99|0x00000000e6300000, 0x00000000e6300000, 0x00000000e6400000|  0%| F|  |TAMS 0x00000000e6300000| PB 0x00000000e6300000| Untracked 
| 100|0x00000000e6400000, 0x00000000e6400000, 0x00000000e6500000|  0%| F|  |TAMS 0x00000000e6400000| PB 0x00000000e6400000| Untracked 
| 101|0x00000000e6500000, 0x00000000e6500000, 0x00000000e6600000|  0%| F|  |TAMS 0x00000000e6500000| PB 0x00000000e6500000| Untracked 
| 102|0x00000000e6600000, 0x00000000e6600000, 0x00000000e6700000|  0%| F|  |TAMS 0x00000000e6600000| PB 0x00000000e6600000| Untracked 
| 103|0x00000000e6700000, 0x00000000e6700000, 0x00000000e6800000|  0%| F|  |TAMS 0x00000000e6700000| PB 0x00000000e6700000| Untracked 
| 104|0x00000000e6800000, 0x00000000e6800000, 0x00000000e6900000|  0%| F|  |TAMS 0x00000000e6800000| PB 0x00000000e6800000| Untracked 
| 105|0x00000000e6900000, 0x00000000e6900000, 0x00000000e6a00000|  0%| F|  |TAMS 0x00000000e6900000| PB 0x00000000e6900000| Untracked 
| 106|0x00000000e6a00000, 0x00000000e6a00000, 0x00000000e6b00000|  0%| F|  |TAMS 0x00000000e6a00000| PB 0x00000000e6a00000| Untracked 
| 107|0x00000000e6b00000, 0x00000000e6b00000, 0x00000000e6c00000|  0%| F|  |TAMS 0x00000000e6b00000| PB 0x00000000e6b00000| Untracked 
| 108|0x00000000e6c00000, 0x00000000e6c00000, 0x00000000e6d00000|  0%| F|  |TAMS 0x00000000e6c00000| PB 0x00000000e6c00000| Untracked 
| 109|0x00000000e6d00000, 0x00000000e6d00000, 0x00000000e6e00000|  0%| F|  |TAMS 0x00000000e6d00000| PB 0x00000000e6d00000| Untracked 
| 110|0x00000000e6e00000, 0x00000000e6e00000, 0x00000000e6f00000|  0%| F|  |TAMS 0x00000000e6e00000| PB 0x00000000e6e00000| Untracked 
| 111|0x00000000e6f00000, 0x00000000e6f00000, 0x00000000e7000000|  0%| F|  |TAMS 0x00000000e6f00000| PB 0x00000000e6f00000| Untracked 
| 112|0x00000000e7000000, 0x00000000e7000000, 0x00000000e7100000|  0%| F|  |TAMS 0x00000000e7000000| PB 0x00000000e7000000| Untracked 
| 113|0x00000000e7100000, 0x00000000e7100000, 0x00000000e7200000|  0%| F|  |TAMS 0x00000000e7100000| PB 0x00000000e7100000| Untracked 
| 114|0x00000000e7200000, 0x00000000e7200000, 0x00000000e7300000|  0%| F|  |TAMS 0x00000000e7200000| PB 0x00000000e7200000| Untracked 
| 115|0x00000000e7300000, 0x00000000e7300000, 0x00000000e7400000|  0%| F|  |TAMS 0x00000000e7300000| PB 0x00000000e7300000| Untracked 
| 116|0x00000000e7400000, 0x00000000e7400000, 0x00000000e7500000|  0%| F|  |TAMS 0x00000000e7400000| PB 0x00000000e7400000| Untracked 
| 117|0x00000000e7500000, 0x00000000e7500000, 0x00000000e7600000|  0%| F|  |TAMS 0x00000000e7500000| PB 0x00000000e7500000| Untracked 
| 118|0x00000000e7600000, 0x00000000e7600000, 0x00000000e7700000|  0%| F|  |TAMS 0x00000000e7600000| PB 0x00000000e7600000| Untracked 
| 119|0x00000000e7700000, 0x00000000e7700000, 0x00000000e7800000|  0%| F|  |TAMS 0x00000000e7700000| PB 0x00000000e7700000| Untracked 
| 120|0x00000000e7800000, 0x00000000e7800000, 0x00000000e7900000|  0%| F|  |TAMS 0x00000000e7800000| PB 0x00000000e7800000| Untracked 
| 121|0x00000000e7900000, 0x00000000e7900000, 0x00000000e7a00000|  0%| F|  |TAMS 0x00000000e7900000| PB 0x00000000e7900000| Untracked 
| 122|0x00000000e7a00000, 0x00000000e7a00000, 0x00000000e7b00000|  0%| F|  |TAMS 0x00000000e7a00000| PB 0x00000000e7a00000| Untracked 
| 123|0x00000000e7b00000, 0x00000000e7b00000, 0x00000000e7c00000|  0%| F|  |TAMS 0x00000000e7b00000| PB 0x00000000e7b00000| Untracked 
| 124|0x00000000e7c00000, 0x00000000e7c00000, 0x00000000e7d00000|  0%| F|  |TAMS 0x00000000e7c00000| PB 0x00000000e7c00000| Untracked 
| 125|0x00000000e7d00000, 0x00000000e7d00000, 0x00000000e7e00000|  0%| F|  |TAMS 0x00000000e7d00000| PB 0x00000000e7d00000| Untracked 
| 126|0x00000000e7e00000, 0x00000000e7e00000, 0x00000000e7f00000|  0%| F|  |TAMS 0x00000000e7e00000| PB 0x00000000e7e00000| Untracked 
| 127|0x00000000e7f00000, 0x00000000e7f00000, 0x00000000e8000000|  0%| F|  |TAMS 0x00000000e7f00000| PB 0x00000000e7f00000| Untracked 
| 128|0x00000000e8000000, 0x00000000e8000000, 0x00000000e8100000|  0%| F|  |TAMS 0x00000000e8000000| PB 0x00000000e8000000| Untracked 
| 129|0x00000000e8100000, 0x00000000e8100000, 0x00000000e8200000|  0%| F|  |TAMS 0x00000000e8100000| PB 0x00000000e8100000| Untracked 
| 130|0x00000000e8200000, 0x00000000e8200000, 0x00000000e8300000|  0%| F|  |TAMS 0x00000000e8200000| PB 0x00000000e8200000| Untracked 
| 131|0x00000000e8300000, 0x00000000e8300000, 0x00000000e8400000|  0%| F|  |TAMS 0x00000000e8300000| PB 0x00000000e8300000| Untracked 
| 132|0x00000000e8400000, 0x00000000e8400000, 0x00000000e8500000|  0%| F|  |TAMS 0x00000000e8400000| PB 0x00000000e8400000| Untracked 
| 133|0x00000000e8500000, 0x00000000e8500000, 0x00000000e8600000|  0%| F|  |TAMS 0x00000000e8500000| PB 0x00000000e8500000| Untracked 
| 134|0x00000000e8600000, 0x00000000e8600000, 0x00000000e8700000|  0%| F|  |TAMS 0x00000000e8600000| PB 0x00000000e8600000| Untracked 
| 135|0x00000000e8700000, 0x00000000e8700000, 0x00000000e8800000|  0%| F|  |TAMS 0x00000000e8700000| PB 0x00000000e8700000| Untracked 
| 136|0x00000000e8800000, 0x00000000e8800000, 0x00000000e8900000|  0%| F|  |TAMS 0x00000000e8800000| PB 0x00000000e8800000| Untracked 
| 137|0x00000000e8900000, 0x00000000e8900000, 0x00000000e8a00000|  0%| F|  |TAMS 0x00000000e8900000| PB 0x00000000e8900000| Untracked 
| 138|0x00000000e8a00000, 0x00000000e8a00000, 0x00000000e8b00000|  0%| F|  |TAMS 0x00000000e8a00000| PB 0x00000000e8a00000| Untracked 
| 139|0x00000000e8b00000, 0x00000000e8b00000, 0x00000000e8c00000|  0%| F|  |TAMS 0x00000000e8b00000| PB 0x00000000e8b00000| Untracked 
| 140|0x00000000e8c00000, 0x00000000e8c00000, 0x00000000e8d00000|  0%| F|  |TAMS 0x00000000e8c00000| PB 0x00000000e8c00000| Untracked 
| 141|0x00000000e8d00000, 0x00000000e8d00000, 0x00000000e8e00000|  0%| F|  |TAMS 0x00000000e8d00000| PB 0x00000000e8d00000| Untracked 
| 142|0x00000000e8e00000, 0x00000000e8e00000, 0x00000000e8f00000|  0%| F|  |TAMS 0x00000000e8e00000| PB 0x00000000e8e00000| Untracked 
| 143|0x00000000e8f00000, 0x00000000e8f00000, 0x00000000e9000000|  0%| F|  |TAMS 0x00000000e8f00000| PB 0x00000000e8f00000| Untracked 
| 144|0x00000000e9000000, 0x00000000e9000000, 0x00000000e9100000|  0%| F|  |TAMS 0x00000000e9000000| PB 0x00000000e9000000| Untracked 
| 145|0x00000000e9100000, 0x00000000e9100000, 0x00000000e9200000|  0%| F|  |TAMS 0x00000000e9100000| PB 0x00000000e9100000| Untracked 
| 146|0x00000000e9200000, 0x00000000e9200000, 0x00000000e9300000|  0%| F|  |TAMS 0x00000000e9200000| PB 0x00000000e9200000| Untracked 
| 147|0x00000000e9300000, 0x00000000e9300000, 0x00000000e9400000|  0%| F|  |TAMS 0x00000000e9300000| PB 0x00000000e9300000| Untracked 
| 148|0x00000000e9400000, 0x00000000e94dd9f0, 0x00000000e9500000| 86%| S|CS|TAMS 0x00000000e9400000| PB 0x00000000e9400000| Complete 
| 149|0x00000000e9500000, 0x00000000e9600000, 0x00000000e9600000|100%| S|CS|TAMS 0x00000000e9500000| PB 0x00000000e9500000| Complete 
| 150|0x00000000e9600000, 0x00000000e9700000, 0x00000000e9700000|100%| S|CS|TAMS 0x00000000e9600000| PB 0x00000000e9600000| Complete 
| 151|0x00000000e9700000, 0x00000000e9800000, 0x00000000e9800000|100%| S|CS|TAMS 0x00000000e9700000| PB 0x00000000e9700000| Complete 
| 152|0x00000000e9800000, 0x00000000e9900000, 0x00000000e9900000|100%| S|CS|TAMS 0x00000000e9800000| PB 0x00000000e9800000| Complete 
| 153|0x00000000e9900000, 0x00000000e9a00000, 0x00000000e9a00000|100%| S|CS|TAMS 0x00000000e9900000| PB 0x00000000e9900000| Complete 
| 154|0x00000000e9a00000, 0x00000000e9b00000, 0x00000000e9b00000|100%| S|CS|TAMS 0x00000000e9a00000| PB 0x00000000e9a00000| Complete 
| 155|0x00000000e9b00000, 0x00000000e9c00000, 0x00000000e9c00000|100%| S|CS|TAMS 0x00000000e9b00000| PB 0x00000000e9b00000| Complete 
| 156|0x00000000e9c00000, 0x00000000e9d00000, 0x00000000e9d00000|100%| S|CS|TAMS 0x00000000e9c00000| PB 0x00000000e9c00000| Complete 
| 157|0x00000000e9d00000, 0x00000000e9e00000, 0x00000000e9e00000|100%| S|CS|TAMS 0x00000000e9d00000| PB 0x00000000e9d00000| Complete 
| 158|0x00000000e9e00000, 0x00000000e9f00000, 0x00000000e9f00000|100%| S|CS|TAMS 0x00000000e9e00000| PB 0x00000000e9e00000| Complete 
| 159|0x00000000e9f00000, 0x00000000ea000000, 0x00000000ea000000|100%| S|CS|TAMS 0x00000000e9f00000| PB 0x00000000e9f00000| Complete 
| 160|0x00000000ea000000, 0x00000000ea000000, 0x00000000ea100000|  0%| F|  |TAMS 0x00000000ea000000| PB 0x00000000ea000000| Untracked 
| 161|0x00000000ea100000, 0x00000000ea100000, 0x00000000ea200000|  0%| F|  |TAMS 0x00000000ea100000| PB 0x00000000ea100000| Untracked 
| 162|0x00000000ea200000, 0x00000000ea200000, 0x00000000ea300000|  0%| F|  |TAMS 0x00000000ea200000| PB 0x00000000ea200000| Untracked 
| 163|0x00000000ea300000, 0x00000000ea300000, 0x00000000ea400000|  0%| F|  |TAMS 0x00000000ea300000| PB 0x00000000ea300000| Untracked 
| 164|0x00000000ea400000, 0x00000000ea400000, 0x00000000ea500000|  0%| F|  |TAMS 0x00000000ea400000| PB 0x00000000ea400000| Untracked 
| 165|0x00000000ea500000, 0x00000000ea500000, 0x00000000ea600000|  0%| F|  |TAMS 0x00000000ea500000| PB 0x00000000ea500000| Untracked 
| 166|0x00000000ea600000, 0x00000000ea600000, 0x00000000ea700000|  0%| F|  |TAMS 0x00000000ea600000| PB 0x00000000ea600000| Untracked 
| 167|0x00000000ea700000, 0x00000000ea700000, 0x00000000ea800000|  0%| F|  |TAMS 0x00000000ea700000| PB 0x00000000ea700000| Untracked 
| 168|0x00000000ea800000, 0x00000000ea800000, 0x00000000ea900000|  0%| F|  |TAMS 0x00000000ea800000| PB 0x00000000ea800000| Untracked 
| 169|0x00000000ea900000, 0x00000000ea900000, 0x00000000eaa00000|  0%| F|  |TAMS 0x00000000ea900000| PB 0x00000000ea900000| Untracked 
| 170|0x00000000eaa00000, 0x00000000eaa00000, 0x00000000eab00000|  0%| F|  |TAMS 0x00000000eaa00000| PB 0x00000000eaa00000| Untracked 
| 171|0x00000000eab00000, 0x00000000eab00000, 0x00000000eac00000|  0%| F|  |TAMS 0x00000000eab00000| PB 0x00000000eab00000| Untracked 
| 172|0x00000000eac00000, 0x00000000eac00000, 0x00000000ead00000|  0%| F|  |TAMS 0x00000000eac00000| PB 0x00000000eac00000| Untracked 
| 173|0x00000000ead00000, 0x00000000ead00000, 0x00000000eae00000|  0%| F|  |TAMS 0x00000000ead00000| PB 0x00000000ead00000| Untracked 
| 174|0x00000000eae00000, 0x00000000eae00000, 0x00000000eaf00000|  0%| F|  |TAMS 0x00000000eae00000| PB 0x00000000eae00000| Untracked 
| 175|0x00000000eaf00000, 0x00000000eaf00000, 0x00000000eb000000|  0%| F|  |TAMS 0x00000000eaf00000| PB 0x00000000eaf00000| Untracked 
| 176|0x00000000eb000000, 0x00000000eb000000, 0x00000000eb100000|  0%| F|  |TAMS 0x00000000eb000000| PB 0x00000000eb000000| Untracked 
| 177|0x00000000eb100000, 0x00000000eb100000, 0x00000000eb200000|  0%| F|  |TAMS 0x00000000eb100000| PB 0x00000000eb100000| Untracked 
| 178|0x00000000eb200000, 0x00000000eb200000, 0x00000000eb300000|  0%| F|  |TAMS 0x00000000eb200000| PB 0x00000000eb200000| Untracked 
| 179|0x00000000eb300000, 0x00000000eb300000, 0x00000000eb400000|  0%| F|  |TAMS 0x00000000eb300000| PB 0x00000000eb300000| Untracked 
| 180|0x00000000eb400000, 0x00000000eb400000, 0x00000000eb500000|  0%| F|  |TAMS 0x00000000eb400000| PB 0x00000000eb400000| Untracked 
| 181|0x00000000eb500000, 0x00000000eb500000, 0x00000000eb600000|  0%| F|  |TAMS 0x00000000eb500000| PB 0x00000000eb500000| Untracked 
| 182|0x00000000eb600000, 0x00000000eb600000, 0x00000000eb700000|  0%| F|  |TAMS 0x00000000eb600000| PB 0x00000000eb600000| Untracked 
| 183|0x00000000eb700000, 0x00000000eb700000, 0x00000000eb800000|  0%| F|  |TAMS 0x00000000eb700000| PB 0x00000000eb700000| Untracked 
| 184|0x00000000eb800000, 0x00000000eb800000, 0x00000000eb900000|  0%| F|  |TAMS 0x00000000eb800000| PB 0x00000000eb800000| Untracked 
| 185|0x00000000eb900000, 0x00000000eb900000, 0x00000000eba00000|  0%| F|  |TAMS 0x00000000eb900000| PB 0x00000000eb900000| Untracked 
| 186|0x00000000eba00000, 0x00000000eba00000, 0x00000000ebb00000|  0%| F|  |TAMS 0x00000000eba00000| PB 0x00000000eba00000| Untracked 
| 187|0x00000000ebb00000, 0x00000000ebb00000, 0x00000000ebc00000|  0%| F|  |TAMS 0x00000000ebb00000| PB 0x00000000ebb00000| Untracked 
| 188|0x00000000ebc00000, 0x00000000ebc00000, 0x00000000ebd00000|  0%| F|  |TAMS 0x00000000ebc00000| PB 0x00000000ebc00000| Untracked 
| 189|0x00000000ebd00000, 0x00000000ebd00000, 0x00000000ebe00000|  0%| F|  |TAMS 0x00000000ebd00000| PB 0x00000000ebd00000| Untracked 
| 190|0x00000000ebe00000, 0x00000000ebe00000, 0x00000000ebf00000|  0%| F|  |TAMS 0x00000000ebe00000| PB 0x00000000ebe00000| Untracked 
| 191|0x00000000ebf00000, 0x00000000ebf00000, 0x00000000ec000000|  0%| F|  |TAMS 0x00000000ebf00000| PB 0x00000000ebf00000| Untracked 
| 192|0x00000000ec000000, 0x00000000ec000000, 0x00000000ec100000|  0%| F|  |TAMS 0x00000000ec000000| PB 0x00000000ec000000| Untracked 
| 193|0x00000000ec100000, 0x00000000ec100000, 0x00000000ec200000|  0%| F|  |TAMS 0x00000000ec100000| PB 0x00000000ec100000| Untracked 
| 194|0x00000000ec200000, 0x00000000ec200000, 0x00000000ec300000|  0%| F|  |TAMS 0x00000000ec200000| PB 0x00000000ec200000| Untracked 
| 195|0x00000000ec300000, 0x00000000ec300000, 0x00000000ec400000|  0%| F|  |TAMS 0x00000000ec300000| PB 0x00000000ec300000| Untracked 
| 196|0x00000000ec400000, 0x00000000ec400000, 0x00000000ec500000|  0%| F|  |TAMS 0x00000000ec400000| PB 0x00000000ec400000| Untracked 
| 197|0x00000000ec500000, 0x00000000ec500000, 0x00000000ec600000|  0%| F|  |TAMS 0x00000000ec500000| PB 0x00000000ec500000| Untracked 
| 198|0x00000000ec600000, 0x00000000ec600000, 0x00000000ec700000|  0%| F|  |TAMS 0x00000000ec600000| PB 0x00000000ec600000| Untracked 
| 199|0x00000000ec700000, 0x00000000ec700000, 0x00000000ec800000|  0%| F|  |TAMS 0x00000000ec700000| PB 0x00000000ec700000| Untracked 
| 200|0x00000000ec800000, 0x00000000ec800000, 0x00000000ec900000|  0%| F|  |TAMS 0x00000000ec800000| PB 0x00000000ec800000| Untracked 
| 201|0x00000000ec900000, 0x00000000ec900000, 0x00000000eca00000|  0%| F|  |TAMS 0x00000000ec900000| PB 0x00000000ec900000| Untracked 
| 202|0x00000000eca00000, 0x00000000eca00000, 0x00000000ecb00000|  0%| F|  |TAMS 0x00000000eca00000| PB 0x00000000eca00000| Untracked 
| 203|0x00000000ecb00000, 0x00000000ecb00000, 0x00000000ecc00000|  0%| F|  |TAMS 0x00000000ecb00000| PB 0x00000000ecb00000| Untracked 
| 204|0x00000000ecc00000, 0x00000000ecc00000, 0x00000000ecd00000|  0%| F|  |TAMS 0x00000000ecc00000| PB 0x00000000ecc00000| Untracked 
| 205|0x00000000ecd00000, 0x00000000ecd00000, 0x00000000ece00000|  0%| F|  |TAMS 0x00000000ecd00000| PB 0x00000000ecd00000| Untracked 
| 206|0x00000000ece00000, 0x00000000ece00000, 0x00000000ecf00000|  0%| F|  |TAMS 0x00000000ece00000| PB 0x00000000ece00000| Untracked 
| 207|0x00000000ecf00000, 0x00000000ecf00000, 0x00000000ed000000|  0%| F|  |TAMS 0x00000000ecf00000| PB 0x00000000ecf00000| Untracked 
| 208|0x00000000ed000000, 0x00000000ed000000, 0x00000000ed100000|  0%| F|  |TAMS 0x00000000ed000000| PB 0x00000000ed000000| Untracked 
| 209|0x00000000ed100000, 0x00000000ed100000, 0x00000000ed200000|  0%| F|  |TAMS 0x00000000ed100000| PB 0x00000000ed100000| Untracked 
| 210|0x00000000ed200000, 0x00000000ed300000, 0x00000000ed300000|100%| E|  |TAMS 0x00000000ed200000| PB 0x00000000ed200000| Complete 
| 211|0x00000000ed300000, 0x00000000ed400000, 0x00000000ed400000|100%| E|CS|TAMS 0x00000000ed300000| PB 0x00000000ed300000| Complete 
| 212|0x00000000ed400000, 0x00000000ed500000, 0x00000000ed500000|100%| E|CS|TAMS 0x00000000ed400000| PB 0x00000000ed400000| Complete 
| 213|0x00000000ed500000, 0x00000000ed600000, 0x00000000ed600000|100%| E|CS|TAMS 0x00000000ed500000| PB 0x00000000ed500000| Complete 
| 214|0x00000000ed600000, 0x00000000ed700000, 0x00000000ed700000|100%| E|CS|TAMS 0x00000000ed600000| PB 0x00000000ed600000| Complete 
| 215|0x00000000ed700000, 0x00000000ed800000, 0x00000000ed800000|100%| E|CS|TAMS 0x00000000ed700000| PB 0x00000000ed700000| Complete 
| 216|0x00000000ed800000, 0x00000000ed900000, 0x00000000ed900000|100%| E|CS|TAMS 0x00000000ed800000| PB 0x00000000ed800000| Complete 
| 217|0x00000000ed900000, 0x00000000eda00000, 0x00000000eda00000|100%| E|CS|TAMS 0x00000000ed900000| PB 0x00000000ed900000| Complete 
| 218|0x00000000eda00000, 0x00000000edb00000, 0x00000000edb00000|100%| E|CS|TAMS 0x00000000eda00000| PB 0x00000000eda00000| Complete 
| 219|0x00000000edb00000, 0x00000000edc00000, 0x00000000edc00000|100%| E|CS|TAMS 0x00000000edb00000| PB 0x00000000edb00000| Complete 
| 220|0x00000000edc00000, 0x00000000edd00000, 0x00000000edd00000|100%| E|CS|TAMS 0x00000000edc00000| PB 0x00000000edc00000| Complete 
| 221|0x00000000edd00000, 0x00000000ede00000, 0x00000000ede00000|100%| E|CS|TAMS 0x00000000edd00000| PB 0x00000000edd00000| Complete 
| 222|0x00000000ede00000, 0x00000000edf00000, 0x00000000edf00000|100%| E|CS|TAMS 0x00000000ede00000| PB 0x00000000ede00000| Complete 
| 223|0x00000000edf00000, 0x00000000ee000000, 0x00000000ee000000|100%| E|CS|TAMS 0x00000000edf00000| PB 0x00000000edf00000| Complete 
| 224|0x00000000ee000000, 0x00000000ee100000, 0x00000000ee100000|100%| E|CS|TAMS 0x00000000ee000000| PB 0x00000000ee000000| Complete 
| 225|0x00000000ee100000, 0x00000000ee200000, 0x00000000ee200000|100%| E|CS|TAMS 0x00000000ee100000| PB 0x00000000ee100000| Complete 
| 226|0x00000000ee200000, 0x00000000ee300000, 0x00000000ee300000|100%| E|CS|TAMS 0x00000000ee200000| PB 0x00000000ee200000| Complete 
| 227|0x00000000ee300000, 0x00000000ee400000, 0x00000000ee400000|100%| E|CS|TAMS 0x00000000ee300000| PB 0x00000000ee300000| Complete 
| 228|0x00000000ee400000, 0x00000000ee500000, 0x00000000ee500000|100%| E|CS|TAMS 0x00000000ee400000| PB 0x00000000ee400000| Complete 
| 229|0x00000000ee500000, 0x00000000ee600000, 0x00000000ee600000|100%| E|CS|TAMS 0x00000000ee500000| PB 0x00000000ee500000| Complete 
| 230|0x00000000ee600000, 0x00000000ee700000, 0x00000000ee700000|100%| E|CS|TAMS 0x00000000ee600000| PB 0x00000000ee600000| Complete 
| 231|0x00000000ee700000, 0x00000000ee800000, 0x00000000ee800000|100%| E|CS|TAMS 0x00000000ee700000| PB 0x00000000ee700000| Complete 
| 232|0x00000000ee800000, 0x00000000ee900000, 0x00000000ee900000|100%| E|CS|TAMS 0x00000000ee800000| PB 0x00000000ee800000| Complete 
| 233|0x00000000ee900000, 0x00000000eea00000, 0x00000000eea00000|100%| E|CS|TAMS 0x00000000ee900000| PB 0x00000000ee900000| Complete 
| 234|0x00000000eea00000, 0x00000000eeb00000, 0x00000000eeb00000|100%| E|CS|TAMS 0x00000000eea00000| PB 0x00000000eea00000| Complete 
| 235|0x00000000eeb00000, 0x00000000eec00000, 0x00000000eec00000|100%| E|CS|TAMS 0x00000000eeb00000| PB 0x00000000eeb00000| Complete 
| 236|0x00000000eec00000, 0x00000000eed00000, 0x00000000eed00000|100%| E|CS|TAMS 0x00000000eec00000| PB 0x00000000eec00000| Complete 
| 237|0x00000000eed00000, 0x00000000eee00000, 0x00000000eee00000|100%| E|CS|TAMS 0x00000000eed00000| PB 0x00000000eed00000| Complete 
| 238|0x00000000eee00000, 0x00000000eef00000, 0x00000000eef00000|100%| E|CS|TAMS 0x00000000eee00000| PB 0x00000000eee00000| Complete 
| 239|0x00000000eef00000, 0x00000000ef000000, 0x00000000ef000000|100%| E|CS|TAMS 0x00000000eef00000| PB 0x00000000eef00000| Complete 
| 240|0x00000000ef000000, 0x00000000ef100000, 0x00000000ef100000|100%| E|CS|TAMS 0x00000000ef000000| PB 0x00000000ef000000| Complete 
| 241|0x00000000ef100000, 0x00000000ef200000, 0x00000000ef200000|100%| E|CS|TAMS 0x00000000ef100000| PB 0x00000000ef100000| Complete 
| 242|0x00000000ef200000, 0x00000000ef300000, 0x00000000ef300000|100%| E|CS|TAMS 0x00000000ef200000| PB 0x00000000ef200000| Complete 
| 243|0x00000000ef300000, 0x00000000ef400000, 0x00000000ef400000|100%| E|CS|TAMS 0x00000000ef300000| PB 0x00000000ef300000| Complete 
| 244|0x00000000ef400000, 0x00000000ef500000, 0x00000000ef500000|100%| E|CS|TAMS 0x00000000ef400000| PB 0x00000000ef400000| Complete 
| 245|0x00000000ef500000, 0x00000000ef600000, 0x00000000ef600000|100%| E|CS|TAMS 0x00000000ef500000| PB 0x00000000ef500000| Complete 
| 246|0x00000000ef600000, 0x00000000ef700000, 0x00000000ef700000|100%| E|CS|TAMS 0x00000000ef600000| PB 0x00000000ef600000| Complete 
| 247|0x00000000ef700000, 0x00000000ef800000, 0x00000000ef800000|100%| E|CS|TAMS 0x00000000ef700000| PB 0x00000000ef700000| Complete 
| 248|0x00000000ef800000, 0x00000000ef900000, 0x00000000ef900000|100%| E|CS|TAMS 0x00000000ef800000| PB 0x00000000ef800000| Complete 
| 249|0x00000000ef900000, 0x00000000efa00000, 0x00000000efa00000|100%| E|CS|TAMS 0x00000000ef900000| PB 0x00000000ef900000| Complete 
| 250|0x00000000efa00000, 0x00000000efb00000, 0x00000000efb00000|100%| E|CS|TAMS 0x00000000efa00000| PB 0x00000000efa00000| Complete 
| 251|0x00000000efb00000, 0x00000000efc00000, 0x00000000efc00000|100%| E|CS|TAMS 0x00000000efb00000| PB 0x00000000efb00000| Complete 
| 252|0x00000000efc00000, 0x00000000efd00000, 0x00000000efd00000|100%| E|CS|TAMS 0x00000000efc00000| PB 0x00000000efc00000| Complete 
| 253|0x00000000efd00000, 0x00000000efe00000, 0x00000000efe00000|100%| E|CS|TAMS 0x00000000efd00000| PB 0x00000000efd00000| Complete 
| 254|0x00000000efe00000, 0x00000000eff00000, 0x00000000eff00000|100%| E|CS|TAMS 0x00000000efe00000| PB 0x00000000efe00000| Complete 
| 255|0x00000000eff00000, 0x00000000f0000000, 0x00000000f0000000|100%| E|  |TAMS 0x00000000eff00000| PB 0x00000000eff00000| Complete 

Card table byte_map: [0x000001d1769b0000,0x000001d176ab0000] _byte_map_base: 0x000001d1762b0000

Marking Bits: (CMBitMap*) 0x000001d15f135a20
 Bits: [0x000001d176ab0000, 0x000001d1772b0000)

Polling page: 0x000001d15e8d0000

Metaspace:

Usage:
  Non-class:     21.96 MB used.
      Class:      3.86 MB used.
       Both:     25.82 MB used.

Virtual space:
  Non-class space:       64.00 MB reserved,      22.44 MB ( 35%) committed,  1 nodes.
      Class space:      320.00 MB reserved,       4.31 MB (  1%) committed,  1 nodes.
             Both:      384.00 MB reserved,      26.75 MB (  7%) committed. 

Chunk freelists:
   Non-Class:  9.11 MB
       Class:  11.69 MB
        Both:  20.80 MB

MaxMetaspaceSize: 384.00 MB
CompressedClassSpaceSize: 320.00 MB
Initial GC threshold: 21.00 MB
Current GC threshold: 35.12 MB
CDS: on
 - commit_granule_bytes: 65536.
 - commit_granule_words: 8192.
 - virtual_space_node_default_size: 8388608.
 - enlarge_chunks_in_place: 1.
 - use_allocation_guard: 0.


Internal statistics:

num_allocs_failed_limit: 3.
num_arena_births: 1666.
num_arena_deaths: 0.
num_vsnodes_births: 2.
num_vsnodes_deaths: 0.
num_space_committed: 428.
num_space_uncommitted: 0.
num_chunks_returned_to_freelist: 3.
num_chunks_taken_from_freelist: 2872.
num_chunk_merges: 3.
num_chunk_splits: 1840.
num_chunks_enlarged: 1140.
num_inconsistent_stats: 0.

CodeHeap 'non-profiled nmethods': size=120000Kb used=2040Kb max_used=2040Kb free=117959Kb
 bounds [0x000001d16f050000, 0x000001d16f2c0000, 0x000001d176580000]
CodeHeap 'profiled nmethods': size=120000Kb used=7281Kb max_used=7281Kb free=112718Kb
 bounds [0x000001d167580000, 0x000001d167ca0000, 0x000001d16eab0000]
CodeHeap 'non-nmethods': size=5760Kb used=1680Kb max_used=1709Kb free=4079Kb
 bounds [0x000001d16eab0000, 0x000001d16ed20000, 0x000001d16f050000]
 total_blobs=4207 nmethods=3625 adapters=486
 compilation: enabled
              stopped_count=0, restarted_count=0
 full_count=0

Compilation events (20 events):
Event: 39.517 Thread 0x000001d179d2a120 3614       3       com.google.common.collect.ImmutableList::asImmutableList (69 bytes)
Event: 39.518 Thread 0x000001d179d28160 nmethod 3610 0x000001d16f24bb10 code [0x000001d16f24bd00, 0x000001d16f24c508]
Event: 39.518 Thread 0x000001d179d2a120 nmethod 3614 0x000001d167c98910 code [0x000001d167c98ba0, 0x000001d167c99738]
Event: 39.521 Thread 0x000001d179d28160 3615       4       java.lang.invoke.MethodType::equals (56 bytes)
Event: 39.529 Thread 0x000001d179d28160 nmethod 3615 0x000001d16f24c890 code [0x000001d16f24ca40, 0x000001d16f24cdc8]
Event: 39.532 Thread 0x000001d179d2a120 3616       3       java.util.StringJoiner::checkAddLength (50 bytes)
Event: 39.533 Thread 0x000001d179d2a120 nmethod 3616 0x000001d167c99b90 code [0x000001d167c99d60, 0x000001d167c9a170]
Event: 39.536 Thread 0x000001d179d28160 3617       4       java.lang.String::equalsIgnoreCase (45 bytes)
Event: 39.537 Thread 0x000001d179d28160 nmethod 3617 0x000001d16f24d090 code [0x000001d16f24d220, 0x000001d16f24d350]
Event: 39.538 Thread 0x000001d179d2a120 3618       3       com.google.common.collect.ImmutableCollection$Builder::addAll (34 bytes)
Event: 39.538 Thread 0x000001d179d2a120 nmethod 3618 0x000001d167c9a390 code [0x000001d167c9a580, 0x000001d167c9aa60]
Event: 39.545 Thread 0x000001d179d2a120 3619       1       org.gradle.internal.reflect.MutablePropertyDetails::getBackingField (5 bytes)
Event: 39.545 Thread 0x000001d179d2a120 nmethod 3619 0x000001d16f24d490 code [0x000001d16f24d620, 0x000001d16f24d6e8]
Event: 39.545 Thread 0x000001d179d2a120 3620       3       org.objectweb.asm.Type::getMethodDescriptor (66 bytes)
Event: 39.546 Thread 0x000001d179d2a120 nmethod 3620 0x000001d167c9ac10 code [0x000001d167c9ae40, 0x000001d167c9b430]
Event: 39.553 Thread 0x000001d179d28160 3622       4       java.lang.Integer::stringSize (47 bytes)
Event: 39.555 Thread 0x000001d179d28160 nmethod 3622 0x000001d16f24da90 code [0x000001d16f24dc00, 0x000001d16f24dce8]
Event: 39.555 Thread 0x000001d179d28160 3623       4       jdk.internal.org.objectweb.asm.Frame::setInputFrameFromDescriptor (175 bytes)
Event: 39.556 Thread 0x000001d179d2a120 3625       3       java.lang.invoke.LambdaForm::arguments (47 bytes)
Event: 39.557 Thread 0x000001d179d2a120 nmethod 3625 0x000001d167c9b790 code [0x000001d167c9b9c0, 0x000001d167c9c240]

GC Heap History (8 events):
Event: 3.281 GC heap before
{Heap before GC invocations=0 (full 0):
 garbage-first heap   total 262144K, used 22528K [0x00000000e0000000, 0x0000000100000000)
  region size 1024K, 23 young (23552K), 0 survivors (0K)
 Metaspace       used 1075K, committed 1216K, reserved 393216K
  class space    used 78K, committed 128K, reserved 327680K
}
Event: 3.751 GC heap after
{Heap after GC invocations=1 (full 0):
 garbage-first heap   total 262144K, used 3162K [0x00000000e0000000, 0x0000000100000000)
  region size 1024K, 3 young (3072K), 3 survivors (3072K)
 Metaspace       used 1075K, committed 1216K, reserved 393216K
  class space    used 78K, committed 128K, reserved 327680K
}
Event: 6.237 GC heap before
{Heap before GC invocations=1 (full 0):
 garbage-first heap   total 262144K, used 39002K [0x00000000e0000000, 0x0000000100000000)
  region size 1024K, 35 young (35840K), 3 survivors (3072K)
 Metaspace       used 4385K, committed 4608K, reserved 393216K
  class space    used 539K, committed 640K, reserved 327680K
}
Event: 6.241 GC heap after
{Heap after GC invocations=2 (full 0):
 garbage-first heap   total 262144K, used 10599K [0x00000000e0000000, 0x0000000100000000)
  region size 1024K, 5 young (5120K), 5 survivors (5120K)
 Metaspace       used 4385K, committed 4608K, reserved 393216K
  class space    used 539K, committed 640K, reserved 327680K
}
Event: 9.312 GC heap before
{Heap before GC invocations=2 (full 0):
 garbage-first heap   total 262144K, used 59751K [0x00000000e0000000, 0x0000000100000000)
  region size 1024K, 51 young (52224K), 5 survivors (5120K)
 Metaspace       used 4790K, committed 4992K, reserved 393216K
  class space    used 602K, committed 704K, reserved 327680K
}
Event: 9.316 GC heap after
{Heap after GC invocations=3 (full 0):
 garbage-first heap   total 262144K, used 16352K [0x00000000e0000000, 0x0000000100000000)
  region size 1024K, 5 young (5120K), 5 survivors (5120K)
 Metaspace       used 4790K, committed 4992K, reserved 393216K
  class space    used 602K, committed 704K, reserved 327680K
}
Event: 31.431 GC heap before
{Heap before GC invocations=3 (full 0):
 garbage-first heap   total 262144K, used 108512K [0x00000000e0000000, 0x0000000100000000)
  region size 1024K, 96 young (98304K), 5 survivors (5120K)
 Metaspace       used 20840K, committed 21504K, reserved 393216K
  class space    used 3008K, committed 3328K, reserved 327680K
}
Event: 31.453 GC heap after
{Heap after GC invocations=4 (full 0):
 garbage-first heap   total 262144K, used 23828K [0x00000000e0000000, 0x0000000100000000)
  region size 1024K, 12 young (12288K), 12 survivors (12288K)
 Metaspace       used 20840K, committed 21504K, reserved 393216K
  class space    used 3008K, committed 3328K, reserved 327680K
}

Dll operation events (15 events):
Event: 0.154 Loaded shared library C:\Program Files\Java\jdk-21\bin\java.dll
Event: 1.280 Loaded shared library C:\Program Files\Java\jdk-21\bin\zip.dll
Event: 1.281 Loaded shared library C:\Program Files\Java\jdk-21\bin\jsvml.dll
Event: 1.299 Loaded shared library C:\Program Files\Java\jdk-21\bin\instrument.dll
Event: 1.308 Loaded shared library C:\Program Files\Java\jdk-21\bin\net.dll
Event: 1.316 Loaded shared library C:\Program Files\Java\jdk-21\bin\nio.dll
Event: 1.320 Loaded shared library C:\Program Files\Java\jdk-21\bin\zip.dll
Event: 2.816 Loaded shared library C:\Program Files\Java\jdk-21\bin\jimage.dll
Event: 3.984 Loaded shared library C:\Program Files\Java\jdk-21\bin\verify.dll
Event: 4.606 Loaded shared library C:\Users\TUAN ANH\.gradle\native\c067742578af261105cb4f569cf0c3c89f3d7b1fecec35dd04571415982c5e48\windows-amd64\native-platform.dll
Event: 4.614 Loaded shared library C:\Users\TUAN ANH\.gradle\native\100fb08df4bc3b14c8652ba06237920a3bd2aa13389f12d3474272988ae205f9\windows-amd64\native-platform-file-events.dll
Event: 10.002 Loaded shared library C:\Program Files\Java\jdk-21\bin\management.dll
Event: 10.008 Loaded shared library C:\Program Files\Java\jdk-21\bin\management_ext.dll
Event: 10.632 Loaded shared library C:\Program Files\Java\jdk-21\bin\extnet.dll
Event: 12.291 Loaded shared library C:\Program Files\Java\jdk-21\bin\sunmscapi.dll

Deoptimization events (20 events):
Event: 31.166 Thread 0x000001d11532ff10 Uncommon trap: trap_request=0xffffff45 fr.pc=0x000001d16f204890 relative=0x00000000000002b0
Event: 31.166 Thread 0x000001d11532ff10 Uncommon trap: reason=unstable_if action=reinterpret pc=0x000001d16f204890 method=java.util.HashMap.getNode(Ljava/lang/Object;)Ljava/util/HashMap$Node; @ 131 c2
Event: 31.166 Thread 0x000001d11532ff10 DEOPT PACKING pc=0x000001d16f204890 sp=0x0000001ffd9fb9d0
Event: 31.166 Thread 0x000001d11532ff10 DEOPT UNPACKING pc=0x000001d16eb07da2 sp=0x0000001ffd9fb940 mode 2
Event: 31.166 Thread 0x000001d11532ff10 Uncommon trap: trap_request=0xffffff45 fr.pc=0x000001d16f203e0c relative=0x000000000000076c
Event: 31.166 Thread 0x000001d11532ff10 Uncommon trap: reason=unstable_if action=reinterpret pc=0x000001d16f203e0c method=java.util.HashMap.putVal(ILjava/lang/Object;Ljava/lang/Object;ZZ)Ljava/lang/Object; @ 206 c2
Event: 31.166 Thread 0x000001d11532ff10 DEOPT PACKING pc=0x000001d16f203e0c sp=0x0000001ffd9fb940
Event: 31.166 Thread 0x000001d11532ff10 DEOPT UNPACKING pc=0x000001d16eb07da2 sp=0x0000001ffd9fb8c8 mode 2
Event: 32.445 Thread 0x000001d11532ff10 Uncommon trap: trap_request=0xffffff45 fr.pc=0x000001d16f1739ac relative=0x00000000000003cc
Event: 32.445 Thread 0x000001d11532ff10 Uncommon trap: reason=unstable_if action=reinterpret pc=0x000001d16f1739ac method=jdk.internal.org.objectweb.asm.SymbolTable.addType(Ljava/lang/String;)I @ 33 c2
Event: 32.446 Thread 0x000001d11532ff10 DEOPT PACKING pc=0x000001d16f1739ac sp=0x0000001ffd9fa160
Event: 32.446 Thread 0x000001d11532ff10 DEOPT UNPACKING pc=0x000001d16eb07da2 sp=0x0000001ffd9fa0e8 mode 2
Event: 34.427 Thread 0x000001d11532ff10 Uncommon trap: trap_request=0xffffff45 fr.pc=0x000001d16f1c2498 relative=0x0000000000000d78
Event: 34.427 Thread 0x000001d11532ff10 Uncommon trap: reason=unstable_if action=reinterpret pc=0x000001d16f1c2498 method=jdk.internal.org.objectweb.asm.SymbolTable.addType(Ljava/lang/String;)I @ 33 c2
Event: 34.427 Thread 0x000001d11532ff10 DEOPT PACKING pc=0x000001d16f1c2498 sp=0x0000001ffd9fbf30
Event: 34.427 Thread 0x000001d11532ff10 DEOPT UNPACKING pc=0x000001d16eb07da2 sp=0x0000001ffd9fbe68 mode 2
Event: 36.884 Thread 0x000001d11532ff10 Uncommon trap: trap_request=0xffffff76 fr.pc=0x000001d16f21fc84 relative=0x00000000000001c4
Event: 36.884 Thread 0x000001d11532ff10 Uncommon trap: reason=predicate action=maybe_recompile pc=0x000001d16f21fc84 method=com.google.common.base.CharMatcher.indexIn(Ljava/lang/CharSequence;I)I @ 19 c2
Event: 36.884 Thread 0x000001d11532ff10 DEOPT PACKING pc=0x000001d16f21fc84 sp=0x0000001ffd9fb120
Event: 36.884 Thread 0x000001d11532ff10 DEOPT UNPACKING pc=0x000001d16eb07da2 sp=0x0000001ffd9fb0b0 mode 2

Classes loaded (20 events):
Event: 32.012 Loading class java/util/zip/DeflaterOutputStream done
Event: 32.013 Loading class java/util/zip/GZIPOutputStream done
Event: 32.014 Loading class java/io/UnsupportedEncodingException
Event: 32.014 Loading class java/io/UnsupportedEncodingException done
Event: 34.587 Loading class java/util/function/UnaryOperator
Event: 34.587 Loading class java/util/function/UnaryOperator done
Event: 36.853 Loading class java/util/concurrent/TimeoutException
Event: 36.854 Loading class java/util/concurrent/TimeoutException done
Event: 36.854 Loading class java/util/concurrent/CancellationException
Event: 36.855 Loading class java/util/concurrent/CancellationException done
Event: 37.577 Loading class java/util/concurrent/locks/AbstractQueuedSynchronizer$SharedNode
Event: 37.578 Loading class java/util/concurrent/locks/AbstractQueuedSynchronizer$SharedNode done
Event: 37.957 Loading class java/io/InterruptedIOException
Event: 37.961 Loading class java/io/InterruptedIOException done
Event: 38.003 Loading class java/util/ArrayDeque$DeqSpliterator
Event: 38.004 Loading class java/util/ArrayDeque$DeqSpliterator done
Event: 38.986 Loading class jdk/internal/reflect/MethodHandleIntegerFieldAccessorImpl
Event: 38.986 Loading class jdk/internal/reflect/MethodHandleIntegerFieldAccessorImpl done
Event: 39.555 Loading class java/lang/invoke/BoundMethodHandle$Species_LLLLLLLLLLLLLLLLLLLLLLLL
Event: 39.555 Loading class java/lang/invoke/BoundMethodHandle$Species_LLLLLLLLLLLLLLLLLLLLLLLL done

Classes unloaded (0 events):
No events

Classes redefined (0 events):
No events

Internal exceptions (20 events):
Event: 32.613 Thread 0x000001d11532ff10 Exception <a 'java/lang/NoSuchMethodError'{0x00000000ef6ea340}: 'java.lang.Object java.lang.invoke.DirectMethodHandle$Holder.invokeSpecial(java.lang.Object, java.lang.Object, java.lang.Object, java.lang.Object, java.lang.Object, java.lang.Object, java.lang.Object, java.lang.Object, java.lang.Object, java.lang.Object, java.lang.Object, java.lang.Object, java.lang.Object, java.lang.Object, java.lang.Object, java.lang.Object, java.lang.Object, java.lang.Object, java.lang.Object, java.lang.Object, java.lang.Ob
Event: 32.613 Thread 0x000001d11532ff10 Exception <a 'java/lang/NoSuchMethodError'{0x00000000ef6efb38}: 'java.lang.Object java.lang.invoke.Invokers$Holder.invoker(java.lang.Object, java.lang.Object, java.lang.Object, java.lang.Object, java.lang.Object, java.lang.Object, java.lang.Object, java.lang.Object, java.lang.Object, java.lang.Object, java.lang.Object, java.lang.Object, java.lang.Object, java.lang.Object, java.lang.Object, java.lang.Object, java.lang.Object, java.lang.Object, java.lang.Object, java.lang.Object, java.lang.Object, java.lang.
Event: 32.614 Thread 0x000001d11532ff10 Exception <a 'java/lang/NoSuchMethodError'{0x00000000ef6f5d10}: 'java.lang.Object java.lang.invoke.DelegatingMethodHandle$Holder.delegate(java.lang.Object, java.lang.Object, java.lang.Object, java.lang.Object, java.lang.Object, java.lang.Object, java.lang.Object, java.lang.Object, java.lang.Object, java.lang.Object, java.lang.Object, java.lang.Object, java.lang.Object, java.lang.Object, java.lang.Object, java.lang.Object, java.lang.Object, java.lang.Object, java.lang.Object, java.lang.Object, java.lang.Obj
Event: 33.027 Thread 0x000001d11532ff10 Exception <a 'java/lang/NoSuchMethodError'{0x00000000ef3067b8}: 'java.lang.Object java.lang.invoke.DirectMethodHandle$Holder.invokeStaticInit(java.lang.Object, java.lang.Object, java.lang.Object, java.lang.Object)'> (0x00000000ef3067b8) 
thrown [s\open\src\hotspot\share\interpreter\linkResolver.cpp, line 773]
Event: 33.118 Thread 0x000001d11532ff10 Exception <a 'java/lang/NoSuchMethodError'{0x00000000ef2bfab0}: 'void java.lang.invoke.DirectMethodHandle$Holder.invokeStatic(java.lang.Object, java.lang.Object, java.lang.Object, java.lang.Object)'> (0x00000000ef2bfab0) 
thrown [s\open\src\hotspot\share\interpreter\linkResolver.cpp, line 773]
Event: 33.455 Thread 0x000001d11532ff10 Exception <a 'java/lang/NoSuchMethodError'{0x00000000ef1479d8}: 'java.lang.Object java.lang.invoke.DirectMethodHandle$Holder.invokeVirtual(java.lang.Object, java.lang.Object, java.lang.Object, java.lang.Object, java.lang.Object, java.lang.Object, java.lang.Object, java.lang.Object, java.lang.Object, java.lang.Object, java.lang.Object, java.lang.Object, java.lang.Object)'> (0x00000000ef1479d8) 
thrown [s\open\src\hotspot\share\interpreter\linkResolver.cpp, line 773]
Event: 33.455 Thread 0x000001d11532ff10 Exception <a 'java/lang/NoSuchMethodError'{0x00000000ef14cbe0}: 'java.lang.Object java.lang.invoke.DirectMethodHandle$Holder.invokeSpecial(java.lang.Object, java.lang.Object, java.lang.Object, java.lang.Object, java.lang.Object, java.lang.Object, java.lang.Object, java.lang.Object, java.lang.Object, java.lang.Object, java.lang.Object, java.lang.Object, java.lang.Object, java.lang.Object)'> (0x00000000ef14cbe0) 
thrown [s\open\src\hotspot\share\interpreter\linkResolver.cpp, line 773]
Event: 33.456 Thread 0x000001d11532ff10 Exception <a 'java/lang/NoSuchMethodError'{0x00000000ef151920}: 'java.lang.Object java.lang.invoke.DelegatingMethodHandle$Holder.reinvoke_L(java.lang.Object, java.lang.Object, java.lang.Object, java.lang.Object, java.lang.Object, java.lang.Object, java.lang.Object, java.lang.Object, java.lang.Object, java.lang.Object, java.lang.Object, java.lang.Object, java.lang.Object)'> (0x00000000ef151920) 
thrown [s\open\src\hotspot\share\interpreter\linkResolver.cpp, line 773]
Event: 34.045 Thread 0x000001d11532ff10 Exception <a 'java/lang/NoSuchMethodError'{0x00000000ef0fb308}: 'void java.lang.invoke.DirectMethodHandle$Holder.invokeStaticInit(java.lang.Object, java.lang.Object)'> (0x00000000ef0fb308) 
thrown [s\open\src\hotspot\share\interpreter\linkResolver.cpp, line 773]
Event: 37.975 Thread 0x000001d11532ff10 Exception <a 'java/lang/NoSuchMethodError'{0x00000000ee80c6a0}: 'int java.lang.invoke.DirectMethodHandle$Holder.invokeVirtual(java.lang.Object, java.lang.Object)'> (0x00000000ee80c6a0) 
thrown [s\open\src\hotspot\share\interpreter\linkResolver.cpp, line 773]
Event: 38.187 Thread 0x000001d11532ff10 Exception <a 'java/lang/NoSuchMethodError'{0x00000000ee511dd0}: 'void java.lang.invoke.DirectMethodHandle$Holder.invokeInterface(java.lang.Object, java.lang.Object, java.lang.Object, java.lang.Object, java.lang.Object)'> (0x00000000ee511dd0) 
thrown [s\open\src\hotspot\share\interpreter\linkResolver.cpp, line 773]
Event: 38.231 Thread 0x000001d11532ff10 Exception <a 'java/lang/NoSuchMethodError'{0x00000000ee54e7c8}: 'void java.lang.invoke.DirectMethodHandle$Holder.invokeStatic(java.lang.Object, java.lang.Object, java.lang.Object, java.lang.Object, java.lang.Object, java.lang.Object)'> (0x00000000ee54e7c8) 
thrown [s\open\src\hotspot\share\interpreter\linkResolver.cpp, line 773]
Event: 38.981 Thread 0x000001d11532ff10 Exception <a 'java/lang/NoSuchMethodError'{0x00000000eda8de88}: 'java.lang.Object java.lang.invoke.DirectMethodHandle$Holder.newInvokeSpecial(java.lang.Object, java.lang.Object, int, int)'> (0x00000000eda8de88) 
thrown [s\open\src\hotspot\share\interpreter\linkResolver.cpp, line 773]
Event: 38.986 Thread 0x000001d11532ff10 Exception <a 'java/lang/NoSuchMethodError'{0x00000000edac86b0}: 'void java.lang.invoke.DirectMethodHandle$Holder.invokeSpecial(java.lang.Object, java.lang.Object, int)'> (0x00000000edac86b0) 
thrown [s\open\src\hotspot\share\interpreter\linkResolver.cpp, line 773]
Event: 38.986 Thread 0x000001d11532ff10 Exception <a 'java/lang/NoSuchMethodError'{0x00000000edaccc40}: 'void java.lang.invoke.Invokers$Holder.invokeExact_MT(java.lang.Object, int, java.lang.Object)'> (0x00000000edaccc40) 
thrown [s\open\src\hotspot\share\interpreter\linkResolver.cpp, line 773]
Event: 39.129 Thread 0x000001d11532ff10 Exception <a 'java/lang/NoSuchMethodError'{0x00000000ed8d9cd8}: 'java.lang.Object java.lang.invoke.DirectMethodHandle$Holder.newInvokeSpecial(java.lang.Object, java.lang.Object, java.lang.Object, java.lang.Object, java.lang.Object, java.lang.Object, java.lang.Object, java.lang.Object, java.lang.Object, java.lang.Object, java.lang.Object)'> (0x00000000ed8d9cd8) 
thrown [s\open\src\hotspot\share\interpreter\linkResolver.cpp, line 773]
Event: 39.294 Thread 0x000001d11532ff10 Exception <a 'java/lang/NoSuchMethodError'{0x00000000ed60d778}: 'java.lang.Object java.lang.invoke.DirectMethodHandle$Holder.invokeSpecialIFC(java.lang.Object, java.lang.Object, java.lang.Object, java.lang.Object)'> (0x00000000ed60d778) 
thrown [s\open\src\hotspot\share\interpreter\linkResolver.cpp, line 773]
Event: 39.548 Thread 0x000001d11532ff10 Exception <a 'java/lang/NoSuchMethodError'{0x00000000ed4d4070}: 'java.lang.Object java.lang.invoke.DirectMethodHandle$Holder.invokeVirtual(java.lang.Object, java.lang.Object, java.lang.Object, java.lang.Object, java.lang.Object, java.lang.Object, java.lang.Object, java.lang.Object, java.lang.Object, java.lang.Object, java.lang.Object, java.lang.Object, java.lang.Object, java.lang.Object, java.lang.Object, java.lang.Object, java.lang.Object, java.lang.Object, java.lang.Object, java.lang.Object, java.lang.Ob
Event: 39.549 Thread 0x000001d11532ff10 Exception <a 'java/lang/NoSuchMethodError'{0x00000000ed4dab60}: 'java.lang.Object java.lang.invoke.DelegatingMethodHandle$Holder.reinvoke_L(java.lang.Object, java.lang.Object, java.lang.Object, java.lang.Object, java.lang.Object, java.lang.Object, java.lang.Object, java.lang.Object, java.lang.Object, java.lang.Object, java.lang.Object, java.lang.Object, java.lang.Object, java.lang.Object, java.lang.Object, java.lang.Object, java.lang.Object, java.lang.Object, java.lang.Object, java.lang.Object, java.lang.O
Event: 39.556 Thread 0x000001d11532ff10 Exception <a 'java/lang/NoSuchMethodError'{0x00000000ed3a92e0}: 'java.lang.Object java.lang.invoke.DirectMethodHandle$Holder.invokeStatic(java.lang.Object, java.lang.Object, java.lang.Object, java.lang.Object, java.lang.Object, java.lang.Object, java.lang.Object, java.lang.Object, java.lang.Object, java.lang.Object, java.lang.Object, java.lang.Object, java.lang.Object, java.lang.Object, java.lang.Object, java.lang.Object, java.lang.Object, java.lang.Object, java.lang.Object, java.lang.Object, java.lang.Obj

ZGC Phase Switch (0 events):
No events

VM Operations (20 events):
Event: 31.465 Executing VM operation: G1PauseRemark
Event: 31.469 Executing VM operation: G1PauseRemark done
Event: 31.472 Executing VM operation: G1PauseCleanup
Event: 31.476 Executing VM operation: G1PauseCleanup done
Event: 32.493 Executing VM operation: Cleanup
Event: 32.599 Executing VM operation: Cleanup done
Event: 33.648 Executing VM operation: Cleanup
Event: 33.853 Executing VM operation: Cleanup done
Event: 34.854 Executing VM operation: Cleanup
Event: 34.871 Executing VM operation: Cleanup done
Event: 35.879 Executing VM operation: Cleanup
Event: 35.879 Executing VM operation: Cleanup done
Event: 36.885 Executing VM operation: Cleanup
Event: 36.891 Executing VM operation: Cleanup done
Event: 37.903 Executing VM operation: Cleanup
Event: 37.948 Executing VM operation: Cleanup done
Event: 38.083 Executing VM operation: HandshakeAllThreads (Deoptimize)
Event: 38.083 Executing VM operation: HandshakeAllThreads (Deoptimize) done
Event: 39.097 Executing VM operation: Cleanup
Event: 39.101 Executing VM operation: Cleanup done

Events (20 events):
Event: 10.149 Thread 0x000001d17ef2d2a0 Thread exited: 0x000001d17ef2d2a0
Event: 10.804 Thread 0x000001d115084e20 Thread added: 0x000001d115084e20
Event: 11.229 Thread 0x000001d115277150 Thread added: 0x000001d115277150
Event: 12.356 Thread 0x000001d17f430820 Thread added: 0x000001d17f430820
Event: 12.367 Thread 0x000001d1152bf740 Thread added: 0x000001d1152bf740
Event: 12.409 Thread 0x000001d11532e630 Thread added: 0x000001d11532e630
Event: 12.601 Thread 0x000001d11532ff10 Thread added: 0x000001d11532ff10
Event: 12.709 Thread 0x000001d17f3ab1e0 Thread added: 0x000001d17f3ab1e0
Event: 12.722 Thread 0x000001d17f3ad2b0 Thread added: 0x000001d17f3ad2b0
Event: 12.730 Thread 0x000001d17f3ab870 Thread added: 0x000001d17f3ab870
Event: 16.264 Thread 0x000001d17f3aab50 Thread added: 0x000001d17f3aab50
Event: 16.280 Thread 0x000001d17f3ad940 Thread added: 0x000001d17f3ad940
Event: 20.551 Thread 0x000001d17f3ac590 Thread added: 0x000001d17f3ac590
Event: 20.622 Thread 0x000001d17f3aa4c0 Thread added: 0x000001d17f3aa4c0
Event: 30.820 Thread 0x000001d17f3acc20 Thread added: 0x000001d17f3acc20
Event: 32.217 Thread 0x000001d17f0196f0 Thread added: 0x000001d17f0196f0
Event: 32.458 Thread 0x000001d17f0189d0 Thread added: 0x000001d17f0189d0
Event: 37.577 Thread 0x000001d17f01e5b0 Thread added: 0x000001d17f01e5b0
Event: 37.969 Thread 0x000001d17f01c4e0 Thread added: 0x000001d17f01c4e0
Event: 39.144 Thread 0x000001d17f01df20 Thread added: 0x000001d17f01df20


Dynamic libraries:
0x00007ff6f7880000 - 0x00007ff6f7890000 	C:\Program Files\Java\jdk-21\bin\java.exe
0x00007ff8ab730000 - 0x00007ff8ab947000 	C:\WINDOWS\SYSTEM32\ntdll.dll
0x00007ff8aa0c0000 - 0x00007ff8aa184000 	C:\WINDOWS\System32\KERNEL32.DLL
0x00007ff8a8e80000 - 0x00007ff8a923a000 	C:\WINDOWS\System32\KERNELBASE.dll
0x00007ff8a9300000 - 0x00007ff8a9411000 	C:\WINDOWS\System32\ucrtbase.dll
0x00007ff8a0840000 - 0x00007ff8a0859000 	C:\Program Files\Java\jdk-21\bin\jli.dll
0x00007ff8ab260000 - 0x00007ff8ab312000 	C:\WINDOWS\System32\ADVAPI32.dll
0x00007ff8ab100000 - 0x00007ff8ab1a7000 	C:\WINDOWS\System32\msvcrt.dll
0x00007ff8aaec0000 - 0x00007ff8aaf67000 	C:\WINDOWS\System32\sechost.dll
0x00007ff8a8d50000 - 0x00007ff8a8d78000 	C:\WINDOWS\System32\bcrypt.dll
0x00007ff8a9fa0000 - 0x00007ff8aa0b4000 	C:\WINDOWS\System32\RPCRT4.dll
0x00007ff8a9860000 - 0x00007ff8a9a0e000 	C:\WINDOWS\System32\USER32.dll
0x00007ff8a89f0000 - 0x00007ff8a8a16000 	C:\WINDOWS\System32\win32u.dll
0x00007ff8ab400000 - 0x00007ff8ab429000 	C:\WINDOWS\System32\GDI32.dll
0x00007ff8a8c30000 - 0x00007ff8a8d4b000 	C:\WINDOWS\System32\gdi32full.dll
0x00007ff8a8b90000 - 0x00007ff8a8c2a000 	C:\WINDOWS\System32\msvcp_win.dll
0x00007ff8a0080000 - 0x00007ff8a009b000 	C:\Program Files\Java\jdk-21\bin\VCRUNTIME140.dll
0x00007ff891120000 - 0x00007ff8913b2000 	C:\WINDOWS\WinSxS\amd64_microsoft.windows.common-controls_6595b64144ccf1df_6.0.22621.4541_none_2710d1c57384c085\COMCTL32.dll
0x00007ff89d3d0000 - 0x00007ff89d3da000 	C:\WINDOWS\SYSTEM32\VERSION.dll
0x00007ff8ab1b0000 - 0x00007ff8ab1e1000 	C:\WINDOWS\System32\IMM32.DLL
0x00007ff8a1570000 - 0x00007ff8a157c000 	C:\Program Files\Java\jdk-21\bin\vcruntime140_1.dll
0x00007ff899d30000 - 0x00007ff899dbe000 	C:\Program Files\Java\jdk-21\bin\msvcp140.dll
0x00007ff84a690000 - 0x00007ff84b3a3000 	C:\Program Files\Java\jdk-21\bin\server\jvm.dll
0x00007ff8a97e0000 - 0x00007ff8a9851000 	C:\WINDOWS\System32\WS2_32.dll
0x00007ff8a7860000 - 0x00007ff8a78ad000 	C:\WINDOWS\SYSTEM32\POWRPROF.dll
0x00007ff8a07f0000 - 0x00007ff8a0824000 	C:\WINDOWS\SYSTEM32\WINMM.dll
0x00007ff8a7830000 - 0x00007ff8a7843000 	C:\WINDOWS\SYSTEM32\UMPDC.dll
0x00007ff8a7aa0000 - 0x00007ff8a7ab8000 	C:\WINDOWS\SYSTEM32\kernel.appcore.dll
0x00007ff8a1000000 - 0x00007ff8a100a000 	C:\Program Files\Java\jdk-21\bin\jimage.dll
0x00007ff8a6110000 - 0x00007ff8a6342000 	C:\WINDOWS\SYSTEM32\DBGHELP.DLL
0x00007ff8a9440000 - 0x00007ff8a97d1000 	C:\WINDOWS\System32\combase.dll
0x00007ff8ab320000 - 0x00007ff8ab3f7000 	C:\WINDOWS\System32\OLEAUT32.dll
0x00007ff896270000 - 0x00007ff8962a2000 	C:\WINDOWS\SYSTEM32\dbgcore.DLL
0x00007ff8a8d80000 - 0x00007ff8a8dfb000 	C:\WINDOWS\System32\bcryptPrimitives.dll
0x00007ff8a08d0000 - 0x00007ff8a08df000 	C:\Program Files\Java\jdk-21\bin\instrument.dll
0x00007ff8a0060000 - 0x00007ff8a007f000 	C:\Program Files\Java\jdk-21\bin\java.dll
0x00007ff8aa190000 - 0x00007ff8aaa09000 	C:\WINDOWS\System32\SHELL32.dll
0x00007ff8a68f0000 - 0x00007ff8a71f9000 	C:\WINDOWS\SYSTEM32\windows.storage.dll
0x00007ff8a67b0000 - 0x00007ff8a68ef000 	C:\WINDOWS\SYSTEM32\wintypes.dll
0x00007ff8a9d30000 - 0x00007ff8a9e2a000 	C:\WINDOWS\System32\SHCORE.dll
0x00007ff8ab090000 - 0x00007ff8ab0ee000 	C:\WINDOWS\System32\shlwapi.dll
0x00007ff8a8920000 - 0x00007ff8a894b000 	C:\WINDOWS\SYSTEM32\profapi.dll
0x00007ff8a0040000 - 0x00007ff8a0058000 	C:\Program Files\Java\jdk-21\bin\zip.dll
0x00007ff8980c0000 - 0x00007ff898197000 	C:\Program Files\Java\jdk-21\bin\jsvml.dll
0x00007ff8a0830000 - 0x00007ff8a0840000 	C:\Program Files\Java\jdk-21\bin\net.dll
0x00007ff8a1f60000 - 0x00007ff8a2096000 	C:\WINDOWS\SYSTEM32\WINHTTP.dll
0x00007ff8a7fa0000 - 0x00007ff8a8009000 	C:\WINDOWS\system32\mswsock.dll
0x00007ff8a0020000 - 0x00007ff8a0036000 	C:\Program Files\Java\jdk-21\bin\nio.dll
0x00007ff8a0000000 - 0x00007ff8a0010000 	C:\Program Files\Java\jdk-21\bin\verify.dll
0x00007ff8a1010000 - 0x00007ff8a1037000 	C:\Users\TUAN ANH\.gradle\native\c067742578af261105cb4f569cf0c3c89f3d7b1fecec35dd04571415982c5e48\windows-amd64\native-platform.dll
0x00007ff897f70000 - 0x00007ff8980b4000 	C:\Users\TUAN ANH\.gradle\native\100fb08df4bc3b14c8652ba06237920a3bd2aa13389f12d3474272988ae205f9\windows-amd64\native-platform-file-events.dll
0x00007ff89fff0000 - 0x00007ff89fffa000 	C:\Program Files\Java\jdk-21\bin\management.dll
0x00007ff89ffe0000 - 0x00007ff89ffeb000 	C:\Program Files\Java\jdk-21\bin\management_ext.dll
0x00007ff8ab0f0000 - 0x00007ff8ab0f8000 	C:\WINDOWS\System32\PSAPI.DLL
0x00007ff8a8200000 - 0x00007ff8a821b000 	C:\WINDOWS\SYSTEM32\CRYPTSP.dll
0x00007ff8a7a60000 - 0x00007ff8a7a95000 	C:\WINDOWS\system32\rsaenh.dll
0x00007ff8a8090000 - 0x00007ff8a80b8000 	C:\WINDOWS\SYSTEM32\USERENV.dll
0x00007ff8a81f0000 - 0x00007ff8a81fc000 	C:\WINDOWS\SYSTEM32\CRYPTBASE.dll
0x00007ff8a7450000 - 0x00007ff8a747d000 	C:\WINDOWS\SYSTEM32\IPHLPAPI.DLL
0x00007ff8aae90000 - 0x00007ff8aae99000 	C:\WINDOWS\System32\NSI.dll
0x00007ff89ffd0000 - 0x00007ff89ffd9000 	C:\Program Files\Java\jdk-21\bin\extnet.dll
0x00007ff89e680000 - 0x00007ff89e68e000 	C:\Program Files\Java\jdk-21\bin\sunmscapi.dll
0x00007ff8a8a20000 - 0x00007ff8a8b86000 	C:\WINDOWS\System32\CRYPT32.dll
0x00007ff8a8390000 - 0x00007ff8a83bd000 	C:\WINDOWS\SYSTEM32\ncrypt.dll
0x00007ff8a8350000 - 0x00007ff8a8387000 	C:\WINDOWS\SYSTEM32\NTASN1.dll
0x00007ff8884e0000 - 0x00007ff8884e8000 	C:\WINDOWS\system32\wshunix.dll

dbghelp: loaded successfully - version: 4.0.5 - missing functions: none
symbol engine: initialized successfully - sym options: 0x614 - pdb path: .;C:\Program Files\Java\jdk-21\bin;C:\WINDOWS\SYSTEM32;C:\WINDOWS\WinSxS\amd64_microsoft.windows.common-controls_6595b64144ccf1df_6.0.22621.4541_none_2710d1c57384c085;C:\Program Files\Java\jdk-21\bin\server;C:\Users\TUAN ANH\.gradle\native\c067742578af261105cb4f569cf0c3c89f3d7b1fecec35dd04571415982c5e48\windows-amd64;C:\Users\TUAN ANH\.gradle\native\100fb08df4bc3b14c8652ba06237920a3bd2aa13389f12d3474272988ae205f9\windows-amd64

VM Arguments:
jvm_args: --add-opens=java.base/java.lang=ALL-UNNAMED --add-opens=java.base/java.lang.invoke=ALL-UNNAMED --add-opens=java.base/java.util=ALL-UNNAMED --add-opens=java.prefs/java.util.prefs=ALL-UNNAMED --add-exports=jdk.compiler/com.sun.tools.javac.api=ALL-UNNAMED --add-exports=jdk.compiler/com.sun.tools.javac.util=ALL-UNNAMED --add-opens=java.base/java.util=ALL-UNNAMED --add-opens=java.prefs/java.util.prefs=ALL-UNNAMED --add-opens=java.base/java.nio.charset=ALL-UNNAMED --add-opens=java.base/java.net=ALL-UNNAMED --add-opens=java.base/java.util.concurrent.atomic=ALL-UNNAMED --add-opens=java.xml/javax.xml.namespace=ALL-UNNAMED -XX:MaxMetaspaceSize=384m -XX:+HeapDumpOnOutOfMemoryError -Xms256m -Xmx512m -Dfile.encoding=windows-1252 -Duser.country=US -Duser.language=en -Duser.variant -javaagent:C:\Users\TUAN ANH\.gradle\wrapper\dists\gradle-8.11.1-bin\bpt9gzteqjrbo1mjrsomdt32c\gradle-8.11.1\lib\agents\gradle-instrumentation-agent-8.11.1.jar 
java_command: org.gradle.launcher.daemon.bootstrap.GradleDaemon 8.11.1
java_class_path (initial): C:\Users\TUAN ANH\.gradle\wrapper\dists\gradle-8.11.1-bin\bpt9gzteqjrbo1mjrsomdt32c\gradle-8.11.1\lib\gradle-daemon-main-8.11.1.jar
Launcher Type: SUN_STANDARD

[Global flags]
     intx CICompilerCount                          = 4                                         {product} {ergonomic}
   size_t CompressedClassSpaceSize                 = 335544320                                 {product} {ergonomic}
     uint ConcGCThreads                            = 2                                         {product} {ergonomic}
     uint G1ConcRefinementThreads                  = 8                                         {product} {ergonomic}
   size_t G1HeapRegionSize                         = 1048576                                   {product} {ergonomic}
    uintx GCDrainStackTargetSize                   = 64                                        {product} {ergonomic}
     bool HeapDumpOnOutOfMemoryError               = true                                   {manageable} {command line}
   size_t InitialHeapSize                          = 268435456                                 {product} {command line}
   size_t MarkStackSize                            = 4194304                                   {product} {ergonomic}
   size_t MaxHeapSize                              = 536870912                                 {product} {command line}
   size_t MaxMetaspaceSize                         = 402653184                                 {product} {command line}
   size_t MaxNewSize                               = 321912832                                 {product} {ergonomic}
   size_t MinHeapDeltaBytes                        = 1048576                                   {product} {ergonomic}
   size_t MinHeapSize                              = 268435456                                 {product} {command line}
    uintx NonNMethodCodeHeapSize                   = 5839372                                {pd product} {ergonomic}
    uintx NonProfiledCodeHeapSize                  = 122909434                              {pd product} {ergonomic}
    uintx ProfiledCodeHeapSize                     = 122909434                              {pd product} {ergonomic}
    uintx ReservedCodeCacheSize                    = 251658240                              {pd product} {ergonomic}
     bool SegmentedCodeCache                       = true                                      {product} {ergonomic}
   size_t SoftMaxHeapSize                          = 536870912                              {manageable} {ergonomic}
     bool UseCompressedOops                        = true                           {product lp64_product} {ergonomic}
     bool UseG1GC                                  = true                                      {product} {ergonomic}
     bool UseLargePagesIndividualAllocation        = false                                  {pd product} {ergonomic}

Logging:
Log output configuration:
 #0: stdout all=warning uptime,level,tags foldmultilines=false
 #1: stderr all=off uptime,level,tags foldmultilines=false

Environment Variables:
PATH=C:\Program Files\Common Files\Oracle\Java\javapath;C:\Windows;C:\Windows\System32\Wbem;C:\Windows\System32\WindowsPowerShell\v1.0\;C:\Windows\System32\OpenSSH\;C:\Program Files (x86)\NVIDIA Corporation\PhysX\Common;C:\Program Files\NVIDIA Corporation\NVIDIA NvDLISR;C:\WINDOWS\system32;C:\WINDOWS;C:\WINDOWS\System32\Wbem;C:\WINDOWS\System32\WindowsPowerShell\v1.0\;C:\WINDOWS\System32\OpenSSH\;C:\MinGW\bin;C:\Program Files\Azure Data Studio\bin;C:\Program Files\MongoDB\Tools\100\bin;C:\Program Files\MongoDB\Server\5.0\bin;C:\Program Files (x86)\Microsoft SQL Server\160\Tools\Binn\;C:\Program Files\Microsoft SQL Server\160\Tools\Binn\;C:\Program Files\Microsoft SQL Server\Client SDK\ODBC\170\Tools\Binn\;C:\Program Files\Microsoft SQL Server\160\DTS\Binn\;C:\Program Files (x86)\Microsoft SQL Server\160\DTS\Binn\;C:\Program Files\Git\cmd;C:\Program Files\Java\jdk-20\bin;C:\Program Files\nodejs\;C:\Program Files\dotnet\;C:\Program Files\Docker\Docker\resources\bin;C:\Users\TUAN ANH\Downloads\apache-maven-3.9.9\bin;C:\Program Files\Oracle\VirtualBox\;C:\Users\TUAN ANH\AppData\Local\Microsoft\WindowsApps;C:\Program Files\Azure Data Studio\bin;C:\Users\TUAN ANH\AppData\Local\Programs\mongosh\;C:\Users\TUAN ANH\IntelliJ IDEA 2023.3.2\bin;;C:\Users\TUAN ANH\AppData\Local\GitHubDesktop\bin;C:\Users\TUAN ANH\AppData\Local\Programs\Microsoft VS Code\bin;C:\Users\TUAN ANH\AppData\Roaming\npm;C:\Users\TUAN ANH\.dotnet\tools
USERNAME=TUAN ANH
OS=Windows_NT
PROCESSOR_IDENTIFIER=Intel64 Family 6 Model 140 Stepping 1, GenuineIntel
TMP=C:\Users\TUANAN~1\AppData\Local\Temp
TEMP=C:\Users\TUANAN~1\AppData\Local\Temp




Periodic native trim disabled

---------------  S Y S T E M  ---------------

OS:
 Windows 11 , 64 bit Build 22621 (10.0.22621.4391)
OS uptime: 1 days 9:06 hours
Hyper-V role detected

CPU: total 8 (initial active 8) (4 cores per cpu, 2 threads per core) family 6 model 140 stepping 1 microcode 0x8a, cx8, cmov, fxsr, ht, mmx, 3dnowpref, sse, sse2, sse3, ssse3, sse4.1, sse4.2, popcnt, lzcnt, tsc, tscinvbit, avx, avx2, aes, erms, clmul, bmi1, bmi2, adx, avx512f, avx512dq, avx512cd, avx512bw, avx512vl, sha, fma, vzeroupper, avx512_vpopcntdq, avx512_vpclmulqdq, avx512_vaes, avx512_vnni, clflush, clflushopt, clwb, avx512_vbmi2, avx512_vbmi, hv, rdtscp, rdpid, fsrm, gfni, avx512_bitalg, f16c, cet_ibt, cet_ss, avx512_ifma
Processor Information for all 8 processors :
  Max Mhz: 2419, Current Mhz: 2419, Mhz Limit: 2419

Memory: 4k page, system-wide physical 12067M (143M free)
TotalPageFile size 34453M (AvailPageFile size 3M)
current process WorkingSet (physical memory assigned to process): 233M, peak: 236M
current process commit charge ("private bytes"): 413M, peak: 417M

vm_info: Java HotSpot(TM) 64-Bit Server VM (21.0.4+8-LTS-274) for windows-amd64 JRE (21.0.4+8-LTS-274), built on 2024-06-05T05:23:33Z by "mach5one" with MS VC++ 17.6 (VS2022)

END.
