#
# There is insufficient memory for the Java Runtime Environment to continue.
# Native memory allocation (malloc) failed to allocate 448992 bytes for Chunk::new
# Possible reasons:
#   The system is out of physical RAM or swap space
#   The process is running with CompressedOops enabled, and the Java Heap may be blocking the growth of the native heap
# Possible solutions:
#   Reduce memory load on the system
#   Increase physical memory or swap space
#   Check if swap backing store is full
#   Decrease Java heap size (-Xmx/-Xms)
#   Decrease number of Java threads
#   Decrease Java thread stack sizes (-Xss)
#   Set larger code cache with -XX:ReservedCodeCacheSize=
#   JVM is running with Unscaled Compressed Oops mode in which the Java heap is
#     placed in the first 4GB address space. The Java Heap base address is the
#     maximum limit for the native heap growth. Please use -XX:HeapBaseMinAddress
#     to set the Java Heap base and to place the Java Heap above 4GB virtual address.
# This output file may be truncated or incomplete.
#
#  Out of Memory Error (arena.cpp:168), pid=19572, tid=17552
#
# JRE version: Java(TM) SE Runtime Environment (21.0.4+8) (build 21.0.4+8-LTS-274)
# Java VM: Java HotSpot(TM) 64-Bit Server VM (21.0.4+8-LTS-274, mixed mode, sharing, tiered, compressed oops, compressed class ptrs, g1 gc, windows-amd64)
# No core dump will be written. Minidumps are not enabled by default on client versions of Windows
#

---------------  S U M M A R Y ------------

Command Line: --add-opens=java.base/java.lang=ALL-UNNAMED --add-opens=java.base/java.lang.invoke=ALL-UNNAMED --add-opens=java.base/java.util=ALL-UNNAMED --add-opens=java.prefs/java.util.prefs=ALL-UNNAMED --add-exports=jdk.compiler/com.sun.tools.javac.api=ALL-UNNAMED --add-exports=jdk.compiler/com.sun.tools.javac.util=ALL-UNNAMED --add-opens=java.base/java.util=ALL-UNNAMED --add-opens=java.prefs/java.util.prefs=ALL-UNNAMED --add-opens=java.base/java.nio.charset=ALL-UNNAMED --add-opens=java.base/java.net=ALL-UNNAMED --add-opens=java.base/java.util.concurrent.atomic=ALL-UNNAMED --add-opens=java.xml/javax.xml.namespace=ALL-UNNAMED -XX:MaxMetaspaceSize=384m -XX:+HeapDumpOnOutOfMemoryError -Xms256m -Xmx512m -Dfile.encoding=windows-1252 -Duser.country=US -Duser.language=en -Duser.variant -javaagent:C:\Users\TUAN ANH\.gradle\wrapper\dists\gradle-8.11.1-bin\bpt9gzteqjrbo1mjrsomdt32c\gradle-8.11.1\lib\agents\gradle-instrumentation-agent-8.11.1.jar org.gradle.launcher.daemon.bootstrap.GradleDaemon 8.11.1

Host: 11th Gen Intel(R) Core(TM) i5-1135G7 @ 2.40GHz, 8 cores, 11G,  Windows 11 , 64 bit Build 22621 (10.0.22621.4391)
Time: Tue Feb  4 16:24:32 2025 SE Asia Standard Time elapsed time: 39.432097 seconds (0d 0h 0m 39s)

---------------  T H R E A D  ---------------

Current thread (0x0000019cfa678160):  JavaThread "C2 CompilerThread0" daemon [_thread_in_native, id=17552, stack(0x00000027b9200000,0x00000027b9300000) (1024K)]


Current CompileTask:
C2:  39432 3563   !   4       java.util.zip.ZipFile::getInputStream (275 bytes)

Stack: [0x00000027b9200000,0x00000027b9300000]
Native frames: (J=compiled Java code, j=interpreted, Vv=VM code, C=native code)
V  [jvm.dll+0x6c8e59]
V  [jvm.dll+0x853181]
V  [jvm.dll+0x8556ae]
V  [jvm.dll+0x855d83]
V  [jvm.dll+0x27d526]
V  [jvm.dll+0xc4aad]
V  [jvm.dll+0xc4fe3]
V  [jvm.dll+0x3b400c]
V  [jvm.dll+0x3809a5]
V  [jvm.dll+0x37fe1a]
V  [jvm.dll+0x246280]
V  [jvm.dll+0x24585f]
V  [jvm.dll+0x1c69de]
V  [jvm.dll+0x254d49]
V  [jvm.dll+0x2532da]
V  [jvm.dll+0x3ed426]
V  [jvm.dll+0x7fd65b]
V  [jvm.dll+0x6c753d]
C  [ucrtbase.dll+0x29333]
C  [KERNEL32.DLL+0x1259d]
C  [ntdll.dll+0x5af38]


---------------  P R O C E S S  ---------------

Threads class SMR info:
_java_thread_list=0x0000019c96281e70, length=30, elements={
0x0000019cdd8d30c0, 0x0000019cfa66e840, 0x0000019cfa66fa00, 0x0000019cfa671bd0,
0x0000019cfa675c40, 0x0000019cfa676790, 0x0000019cfa6772e0, 0x0000019cfa678160,
0x0000019cfa679f70, 0x0000019cfa63ce20, 0x0000019cfa958b40, 0x0000019c954d8620,
0x0000019c95ff40e0, 0x0000019c9606e770, 0x0000019c96194bd0, 0x0000019c961c2420,
0x0000019c961e6020, 0x0000019c961f3c20, 0x0000019c96219d70, 0x0000019c962168f0,
0x0000019c96217ca0, 0x0000019c962196e0, 0x0000019c96216f80, 0x0000019c962189c0,
0x0000019c96217610, 0x0000019c96219050, 0x0000019c9642e460, 0x0000019c96432c90,
0x0000019c96430530, 0x0000019c96432600
}

Java Threads: ( => current thread )
  0x0000019cdd8d30c0 JavaThread "main"                              [_thread_blocked, id=20616, stack(0x00000027b8300000,0x00000027b8400000) (1024K)]
  0x0000019cfa66e840 JavaThread "Reference Handler"          daemon [_thread_blocked, id=22916, stack(0x00000027b8c00000,0x00000027b8d00000) (1024K)]
  0x0000019cfa66fa00 JavaThread "Finalizer"                  daemon [_thread_blocked, id=12048, stack(0x00000027b8d00000,0x00000027b8e00000) (1024K)]
  0x0000019cfa671bd0 JavaThread "Signal Dispatcher"          daemon [_thread_blocked, id=9568, stack(0x00000027b8e00000,0x00000027b8f00000) (1024K)]
  0x0000019cfa675c40 JavaThread "Attach Listener"            daemon [_thread_blocked, id=11732, stack(0x00000027b8f00000,0x00000027b9000000) (1024K)]
  0x0000019cfa676790 JavaThread "Service Thread"             daemon [_thread_blocked, id=25336, stack(0x00000027b9000000,0x00000027b9100000) (1024K)]
  0x0000019cfa6772e0 JavaThread "Monitor Deflation Thread"   daemon [_thread_blocked, id=1940, stack(0x00000027b9100000,0x00000027b9200000) (1024K)]
=>0x0000019cfa678160 JavaThread "C2 CompilerThread0"         daemon [_thread_in_native, id=17552, stack(0x00000027b9200000,0x00000027b9300000) (1024K)]
  0x0000019cfa679f70 JavaThread "C1 CompilerThread0"         daemon [_thread_blocked, id=24404, stack(0x00000027b9300000,0x00000027b9400000) (1024K)]
  0x0000019cfa63ce20 JavaThread "Common-Cleaner"             daemon [_thread_blocked, id=3240, stack(0x00000027b9400000,0x00000027b9500000) (1024K)]
  0x0000019cfa958b40 JavaThread "Notification Thread"        daemon [_thread_blocked, id=22860, stack(0x00000027b9500000,0x00000027b9600000) (1024K)]
  0x0000019c954d8620 JavaThread "Daemon health stats"               [_thread_blocked, id=1184, stack(0x00000027b9600000,0x00000027b9700000) (1024K)]
  0x0000019c95ff40e0 JavaThread "Incoming local TCP Connector on port 57169"        [_thread_in_native, id=5276, stack(0x00000027b9c00000,0x00000027b9d00000) (1024K)]
  0x0000019c9606e770 JavaThread "Daemon periodic checks"            [_thread_blocked, id=15848, stack(0x00000027b9d00000,0x00000027b9e00000) (1024K)]
  0x0000019c96194bd0 JavaThread "Daemon"                            [_thread_blocked, id=1208, stack(0x00000027b9e00000,0x00000027b9f00000) (1024K)]
  0x0000019c961c2420 JavaThread "Handler for socket connection from /127.0.0.1:57169 to /127.0.0.1:57171"        [_thread_in_native, id=16516, stack(0x00000027b9f00000,0x00000027ba000000) (1024K)]
  0x0000019c961e6020 JavaThread "Cancel handler"                    [_thread_blocked, id=10388, stack(0x00000027ba000000,0x00000027ba100000) (1024K)]
  0x0000019c961f3c20 JavaThread "Daemon worker"                     [_thread_in_vm, id=16020, stack(0x00000027ba100000,0x00000027ba200000) (1024K)]
  0x0000019c96219d70 JavaThread "Asynchronous log dispatcher for DefaultDaemonConnection: socket connection from /127.0.0.1:57169 to /127.0.0.1:57171"        [_thread_blocked, id=19968, stack(0x00000027ba200000,0x00000027ba300000) (1024K)]
  0x0000019c962168f0 JavaThread "Stdin handler"                     [_thread_blocked, id=15840, stack(0x00000027ba300000,0x00000027ba400000) (1024K)]
  0x0000019c96217ca0 JavaThread "Daemon client event forwarder"        [_thread_blocked, id=20544, stack(0x00000027ba400000,0x00000027ba500000) (1024K)]
  0x0000019c962196e0 JavaThread "Cache worker for journal cache (C:\Users\TUAN ANH\.gradle\caches\journal-1)"        [_thread_blocked, id=24448, stack(0x00000027ba500000,0x00000027ba600000) (1024K)]
  0x0000019c96216f80 JavaThread "File lock request listener"        [_thread_in_native, id=2508, stack(0x00000027ba600000,0x00000027ba700000) (1024K)]
  0x0000019c962189c0 JavaThread "File lock release action executor"        [_thread_blocked, id=25748, stack(0x00000027ba700000,0x00000027ba800000) (1024K)]
  0x0000019c96217610 JavaThread "Cache worker for file hash cache (C:\Users\TUAN ANH\.gradle\caches\8.11.1\fileHashes)"        [_thread_blocked, id=25824, stack(0x00000027ba800000,0x00000027ba900000) (1024K)]
  0x0000019c96219050 JavaThread "Cache worker for file content cache (C:\Users\TUAN ANH\.gradle\caches\8.11.1\fileContent)"        [_thread_blocked, id=9088, stack(0x00000027ba900000,0x00000027baa00000) (1024K)]
  0x0000019c9642e460 JavaThread "Cache worker for file hash cache (D:\HK2_N4\KTPM\01_ecommerce_backend\identity-service\.gradle\8.11.1\fileHashes)"        [_thread_blocked, id=26124, stack(0x00000027bad00000,0x00000027bae00000) (1024K)]
  0x0000019c96432c90 JavaThread "Cache worker for Build Output Cleanup Cache (D:\HK2_N4\KTPM\01_ecommerce_backend\identity-service\.gradle\buildOutputCleanup)"        [_thread_blocked, id=26448, stack(0x00000027bae00000,0x00000027baf00000) (1024K)]
  0x0000019c96430530 JavaThread "File watcher server"        daemon [_thread_in_native, id=26196, stack(0x00000027baf00000,0x00000027bb000000) (1024K)]
  0x0000019c96432600 JavaThread "File watcher consumer"      daemon [_thread_blocked, id=26340, stack(0x00000027bb000000,0x00000027bb100000) (1024K)]
Total: 30

Other Threads:
  0x0000019cfa652660 VMThread "VM Thread"                           [id=17664, stack(0x00000027b8b00000,0x00000027b8c00000) (1024K)]
  0x0000019cfa63bf30 WatcherThread "VM Periodic Task Thread"        [id=11172, stack(0x00000027b8a00000,0x00000027b8b00000) (1024K)]
  0x0000019cdfa65320 WorkerThread "GC Thread#0"                     [id=1316, stack(0x00000027b8500000,0x00000027b8600000) (1024K)]
  0x0000019cff042540 WorkerThread "GC Thread#1"                     [id=20688, stack(0x00000027b9700000,0x00000027b9800000) (1024K)]
  0x0000019cff0428e0 WorkerThread "GC Thread#2"                     [id=9496, stack(0x00000027b9800000,0x00000027b9900000) (1024K)]
  0x0000019cff13a890 WorkerThread "GC Thread#3"                     [id=24352, stack(0x00000027b9900000,0x00000027b9a00000) (1024K)]
  0x0000019cff13ac30 WorkerThread "GC Thread#4"                     [id=9096, stack(0x00000027b9a00000,0x00000027b9b00000) (1024K)]
  0x0000019cff1d6510 WorkerThread "GC Thread#5"                     [id=1460, stack(0x00000027b9b00000,0x00000027b9c00000) (1024K)]
  0x0000019c967ad290 WorkerThread "GC Thread#6"                     [id=17936, stack(0x00000027baa00000,0x00000027bab00000) (1024K)]
  0x0000019c967ad630 WorkerThread "GC Thread#7"                     [id=25768, stack(0x00000027bab00000,0x00000027bac00000) (1024K)]
  0x0000019cdfa6a300 ConcurrentGCThread "G1 Main Marker"            [id=12988, stack(0x00000027b8600000,0x00000027b8700000) (1024K)]
  0x0000019cdfa6ae00 WorkerThread "G1 Conc#0"                       [id=25196, stack(0x00000027b8700000,0x00000027b8800000) (1024K)]
  0x0000019c9548fc10 WorkerThread "G1 Conc#1"                       [id=24844, stack(0x00000027bac00000,0x00000027bad00000) (1024K)]
  0x0000019cfa50c5a0 ConcurrentGCThread "G1 Refine#0"               [id=10552, stack(0x00000027b8800000,0x00000027b8900000) (1024K)]
  0x0000019cfa50d0d0 ConcurrentGCThread "G1 Service"                [id=13648, stack(0x00000027b8900000,0x00000027b8a00000) (1024K)]
Total: 15

Threads with active compile tasks:
C2 CompilerThread0    39460 3563   !   4       java.util.zip.ZipFile::getInputStream (275 bytes)
Total: 1

VM state: not at safepoint (normal execution)

VM Mutex/Monitor currently owned by a thread: None

Heap address: 0x00000000e0000000, size: 512 MB, Compressed Oops mode: 32-bit

CDS archive(s) mapped at: [0x0000019c80000000-0x0000019c80c90000-0x0000019c80c90000), size 13172736, SharedBaseAddress: 0x0000019c80000000, ArchiveRelocationMode: 1.
Compressed class space mapped at: 0x0000019c81000000-0x0000019c95000000, reserved size: 335544320
Narrow klass base: 0x0000019c80000000, Narrow klass shift: 0, Narrow klass range: 0x100000000

GC Precious Log:
 CardTable entry size: 512
 Card Set container configuration: InlinePtr #cards 5 size 8 Array Of Cards #cards 12 size 40 Howl #buckets 4 coarsen threshold 1843 Howl Bitmap #cards 512 size 80 coarsen threshold 460 Card regions per heap region 1 cards per card region 2048
 CPUs: 8 total, 8 available
 Memory: 12067M
 Large Page Support: Disabled
 NUMA Support: Disabled
 Compressed Oops: Enabled (32-bit)
 Heap Region Size: 1M
 Heap Min Capacity: 256M
 Heap Initial Capacity: 256M
 Heap Max Capacity: 512M
 Pre-touch: Disabled
 Parallel Workers: 8
 Concurrent Workers: 2
 Concurrent Refinement Workers: 8
 Periodic GC: Disabled

Heap:
 garbage-first heap   total 262144K, used 60476K [0x00000000e0000000, 0x0000000100000000)
  region size 1024K, 52 young (53248K), 15 survivors (15360K)
 Metaspace       used 25297K, committed 26176K, reserved 393216K
  class space    used 3754K, committed 4160K, reserved 327680K

Heap Regions: E=young(eden), S=young(survivor), O=old, HS=humongous(starts), HC=humongous(continues), CS=collection set, F=free, TAMS=top-at-mark-start, PB=parsable bottom
|   0|0x00000000e0000000, 0x00000000e0100000, 0x00000000e0100000|100%|HS|  |TAMS 0x00000000e0000000| PB 0x00000000e0000000| Complete 
|   1|0x00000000e0100000, 0x00000000e0200000, 0x00000000e0200000|100%|HC|  |TAMS 0x00000000e0100000| PB 0x00000000e0100000| Complete 
|   2|0x00000000e0200000, 0x00000000e0300000, 0x00000000e0300000|100%|HC|  |TAMS 0x00000000e0200000| PB 0x00000000e0200000| Complete 
|   3|0x00000000e0300000, 0x00000000e0400000, 0x00000000e0400000|100%| O|  |TAMS 0x00000000e0300000| PB 0x00000000e0300000| Untracked 
|   4|0x00000000e0400000, 0x00000000e0500000, 0x00000000e0500000|100%| O|  |TAMS 0x00000000e0400000| PB 0x00000000e0400000| Untracked 
|   5|0x00000000e0500000, 0x00000000e0600000, 0x00000000e0600000|100%| O|  |TAMS 0x00000000e0500000| PB 0x00000000e0500000| Untracked 
|   6|0x00000000e0600000, 0x00000000e0700000, 0x00000000e0700000|100%|HS|  |TAMS 0x00000000e0600000| PB 0x00000000e0600000| Complete 
|   7|0x00000000e0700000, 0x00000000e0700000, 0x00000000e0800000|  0%| F|  |TAMS 0x00000000e0700000| PB 0x00000000e0700000| Untracked 
|   8|0x00000000e0800000, 0x00000000e0900000, 0x00000000e0900000|100%| O|  |TAMS 0x00000000e0800000| PB 0x00000000e0800000| Untracked 
|   9|0x00000000e0900000, 0x00000000e096bc48, 0x00000000e0a00000| 42%| O|  |TAMS 0x00000000e0900000| PB 0x00000000e0900000| Untracked 
|  10|0x00000000e0a00000, 0x00000000e0a00000, 0x00000000e0b00000|  0%| F|  |TAMS 0x00000000e0a00000| PB 0x00000000e0a00000| Untracked 
|  11|0x00000000e0b00000, 0x00000000e0b00000, 0x00000000e0c00000|  0%| F|  |TAMS 0x00000000e0b00000| PB 0x00000000e0b00000| Untracked 
|  12|0x00000000e0c00000, 0x00000000e0c00000, 0x00000000e0d00000|  0%| F|  |TAMS 0x00000000e0c00000| PB 0x00000000e0c00000| Untracked 
|  13|0x00000000e0d00000, 0x00000000e0d00000, 0x00000000e0e00000|  0%| F|  |TAMS 0x00000000e0d00000| PB 0x00000000e0d00000| Untracked 
|  14|0x00000000e0e00000, 0x00000000e0e00000, 0x00000000e0f00000|  0%| F|  |TAMS 0x00000000e0e00000| PB 0x00000000e0e00000| Untracked 
|  15|0x00000000e0f00000, 0x00000000e0f00000, 0x00000000e1000000|  0%| F|  |TAMS 0x00000000e0f00000| PB 0x00000000e0f00000| Untracked 
|  16|0x00000000e1000000, 0x00000000e1000000, 0x00000000e1100000|  0%| F|  |TAMS 0x00000000e1000000| PB 0x00000000e1000000| Untracked 
|  17|0x00000000e1100000, 0x00000000e1100000, 0x00000000e1200000|  0%| F|  |TAMS 0x00000000e1100000| PB 0x00000000e1100000| Untracked 
|  18|0x00000000e1200000, 0x00000000e1200000, 0x00000000e1300000|  0%| F|  |TAMS 0x00000000e1200000| PB 0x00000000e1200000| Untracked 
|  19|0x00000000e1300000, 0x00000000e1300000, 0x00000000e1400000|  0%| F|  |TAMS 0x00000000e1300000| PB 0x00000000e1300000| Untracked 
|  20|0x00000000e1400000, 0x00000000e1400000, 0x00000000e1500000|  0%| F|  |TAMS 0x00000000e1400000| PB 0x00000000e1400000| Untracked 
|  21|0x00000000e1500000, 0x00000000e1500000, 0x00000000e1600000|  0%| F|  |TAMS 0x00000000e1500000| PB 0x00000000e1500000| Untracked 
|  22|0x00000000e1600000, 0x00000000e1600000, 0x00000000e1700000|  0%| F|  |TAMS 0x00000000e1600000| PB 0x00000000e1600000| Untracked 
|  23|0x00000000e1700000, 0x00000000e1700000, 0x00000000e1800000|  0%| F|  |TAMS 0x00000000e1700000| PB 0x00000000e1700000| Untracked 
|  24|0x00000000e1800000, 0x00000000e1800000, 0x00000000e1900000|  0%| F|  |TAMS 0x00000000e1800000| PB 0x00000000e1800000| Untracked 
|  25|0x00000000e1900000, 0x00000000e1900000, 0x00000000e1a00000|  0%| F|  |TAMS 0x00000000e1900000| PB 0x00000000e1900000| Untracked 
|  26|0x00000000e1a00000, 0x00000000e1a00000, 0x00000000e1b00000|  0%| F|  |TAMS 0x00000000e1a00000| PB 0x00000000e1a00000| Untracked 
|  27|0x00000000e1b00000, 0x00000000e1b00000, 0x00000000e1c00000|  0%| F|  |TAMS 0x00000000e1b00000| PB 0x00000000e1b00000| Untracked 
|  28|0x00000000e1c00000, 0x00000000e1c00000, 0x00000000e1d00000|  0%| F|  |TAMS 0x00000000e1c00000| PB 0x00000000e1c00000| Untracked 
|  29|0x00000000e1d00000, 0x00000000e1d00000, 0x00000000e1e00000|  0%| F|  |TAMS 0x00000000e1d00000| PB 0x00000000e1d00000| Untracked 
|  30|0x00000000e1e00000, 0x00000000e1e00000, 0x00000000e1f00000|  0%| F|  |TAMS 0x00000000e1e00000| PB 0x00000000e1e00000| Untracked 
|  31|0x00000000e1f00000, 0x00000000e1f00000, 0x00000000e2000000|  0%| F|  |TAMS 0x00000000e1f00000| PB 0x00000000e1f00000| Untracked 
|  32|0x00000000e2000000, 0x00000000e2000000, 0x00000000e2100000|  0%| F|  |TAMS 0x00000000e2000000| PB 0x00000000e2000000| Untracked 
|  33|0x00000000e2100000, 0x00000000e2100000, 0x00000000e2200000|  0%| F|  |TAMS 0x00000000e2100000| PB 0x00000000e2100000| Untracked 
|  34|0x00000000e2200000, 0x00000000e2200000, 0x00000000e2300000|  0%| F|  |TAMS 0x00000000e2200000| PB 0x00000000e2200000| Untracked 
|  35|0x00000000e2300000, 0x00000000e2300000, 0x00000000e2400000|  0%| F|  |TAMS 0x00000000e2300000| PB 0x00000000e2300000| Untracked 
|  36|0x00000000e2400000, 0x00000000e2400000, 0x00000000e2500000|  0%| F|  |TAMS 0x00000000e2400000| PB 0x00000000e2400000| Untracked 
|  37|0x00000000e2500000, 0x00000000e2500000, 0x00000000e2600000|  0%| F|  |TAMS 0x00000000e2500000| PB 0x00000000e2500000| Untracked 
|  38|0x00000000e2600000, 0x00000000e2600000, 0x00000000e2700000|  0%| F|  |TAMS 0x00000000e2600000| PB 0x00000000e2600000| Untracked 
|  39|0x00000000e2700000, 0x00000000e2700000, 0x00000000e2800000|  0%| F|  |TAMS 0x00000000e2700000| PB 0x00000000e2700000| Untracked 
|  40|0x00000000e2800000, 0x00000000e2800000, 0x00000000e2900000|  0%| F|  |TAMS 0x00000000e2800000| PB 0x00000000e2800000| Untracked 
|  41|0x00000000e2900000, 0x00000000e2900000, 0x00000000e2a00000|  0%| F|  |TAMS 0x00000000e2900000| PB 0x00000000e2900000| Untracked 
|  42|0x00000000e2a00000, 0x00000000e2a00000, 0x00000000e2b00000|  0%| F|  |TAMS 0x00000000e2a00000| PB 0x00000000e2a00000| Untracked 
|  43|0x00000000e2b00000, 0x00000000e2b00000, 0x00000000e2c00000|  0%| F|  |TAMS 0x00000000e2b00000| PB 0x00000000e2b00000| Untracked 
|  44|0x00000000e2c00000, 0x00000000e2c00000, 0x00000000e2d00000|  0%| F|  |TAMS 0x00000000e2c00000| PB 0x00000000e2c00000| Untracked 
|  45|0x00000000e2d00000, 0x00000000e2d00000, 0x00000000e2e00000|  0%| F|  |TAMS 0x00000000e2d00000| PB 0x00000000e2d00000| Untracked 
|  46|0x00000000e2e00000, 0x00000000e2e00000, 0x00000000e2f00000|  0%| F|  |TAMS 0x00000000e2e00000| PB 0x00000000e2e00000| Untracked 
|  47|0x00000000e2f00000, 0x00000000e2f00000, 0x00000000e3000000|  0%| F|  |TAMS 0x00000000e2f00000| PB 0x00000000e2f00000| Untracked 
|  48|0x00000000e3000000, 0x00000000e3000000, 0x00000000e3100000|  0%| F|  |TAMS 0x00000000e3000000| PB 0x00000000e3000000| Untracked 
|  49|0x00000000e3100000, 0x00000000e3100000, 0x00000000e3200000|  0%| F|  |TAMS 0x00000000e3100000| PB 0x00000000e3100000| Untracked 
|  50|0x00000000e3200000, 0x00000000e3200000, 0x00000000e3300000|  0%| F|  |TAMS 0x00000000e3200000| PB 0x00000000e3200000| Untracked 
|  51|0x00000000e3300000, 0x00000000e3300000, 0x00000000e3400000|  0%| F|  |TAMS 0x00000000e3300000| PB 0x00000000e3300000| Untracked 
|  52|0x00000000e3400000, 0x00000000e3400000, 0x00000000e3500000|  0%| F|  |TAMS 0x00000000e3400000| PB 0x00000000e3400000| Untracked 
|  53|0x00000000e3500000, 0x00000000e3500000, 0x00000000e3600000|  0%| F|  |TAMS 0x00000000e3500000| PB 0x00000000e3500000| Untracked 
|  54|0x00000000e3600000, 0x00000000e3600000, 0x00000000e3700000|  0%| F|  |TAMS 0x00000000e3600000| PB 0x00000000e3600000| Untracked 
|  55|0x00000000e3700000, 0x00000000e3700000, 0x00000000e3800000|  0%| F|  |TAMS 0x00000000e3700000| PB 0x00000000e3700000| Untracked 
|  56|0x00000000e3800000, 0x00000000e3800000, 0x00000000e3900000|  0%| F|  |TAMS 0x00000000e3800000| PB 0x00000000e3800000| Untracked 
|  57|0x00000000e3900000, 0x00000000e3900000, 0x00000000e3a00000|  0%| F|  |TAMS 0x00000000e3900000| PB 0x00000000e3900000| Untracked 
|  58|0x00000000e3a00000, 0x00000000e3a00000, 0x00000000e3b00000|  0%| F|  |TAMS 0x00000000e3a00000| PB 0x00000000e3a00000| Untracked 
|  59|0x00000000e3b00000, 0x00000000e3b00000, 0x00000000e3c00000|  0%| F|  |TAMS 0x00000000e3b00000| PB 0x00000000e3b00000| Untracked 
|  60|0x00000000e3c00000, 0x00000000e3c00000, 0x00000000e3d00000|  0%| F|  |TAMS 0x00000000e3c00000| PB 0x00000000e3c00000| Untracked 
|  61|0x00000000e3d00000, 0x00000000e3d00000, 0x00000000e3e00000|  0%| F|  |TAMS 0x00000000e3d00000| PB 0x00000000e3d00000| Untracked 
|  62|0x00000000e3e00000, 0x00000000e3e00000, 0x00000000e3f00000|  0%| F|  |TAMS 0x00000000e3e00000| PB 0x00000000e3e00000| Untracked 
|  63|0x00000000e3f00000, 0x00000000e3f00000, 0x00000000e4000000|  0%| F|  |TAMS 0x00000000e3f00000| PB 0x00000000e3f00000| Untracked 
|  64|0x00000000e4000000, 0x00000000e4000000, 0x00000000e4100000|  0%| F|  |TAMS 0x00000000e4000000| PB 0x00000000e4000000| Untracked 
|  65|0x00000000e4100000, 0x00000000e4100000, 0x00000000e4200000|  0%| F|  |TAMS 0x00000000e4100000| PB 0x00000000e4100000| Untracked 
|  66|0x00000000e4200000, 0x00000000e4200000, 0x00000000e4300000|  0%| F|  |TAMS 0x00000000e4200000| PB 0x00000000e4200000| Untracked 
|  67|0x00000000e4300000, 0x00000000e4300000, 0x00000000e4400000|  0%| F|  |TAMS 0x00000000e4300000| PB 0x00000000e4300000| Untracked 
|  68|0x00000000e4400000, 0x00000000e4400000, 0x00000000e4500000|  0%| F|  |TAMS 0x00000000e4400000| PB 0x00000000e4400000| Untracked 
|  69|0x00000000e4500000, 0x00000000e4500000, 0x00000000e4600000|  0%| F|  |TAMS 0x00000000e4500000| PB 0x00000000e4500000| Untracked 
|  70|0x00000000e4600000, 0x00000000e4600000, 0x00000000e4700000|  0%| F|  |TAMS 0x00000000e4600000| PB 0x00000000e4600000| Untracked 
|  71|0x00000000e4700000, 0x00000000e4700000, 0x00000000e4800000|  0%| F|  |TAMS 0x00000000e4700000| PB 0x00000000e4700000| Untracked 
|  72|0x00000000e4800000, 0x00000000e4800000, 0x00000000e4900000|  0%| F|  |TAMS 0x00000000e4800000| PB 0x00000000e4800000| Untracked 
|  73|0x00000000e4900000, 0x00000000e4900000, 0x00000000e4a00000|  0%| F|  |TAMS 0x00000000e4900000| PB 0x00000000e4900000| Untracked 
|  74|0x00000000e4a00000, 0x00000000e4a00000, 0x00000000e4b00000|  0%| F|  |TAMS 0x00000000e4a00000| PB 0x00000000e4a00000| Untracked 
|  75|0x00000000e4b00000, 0x00000000e4b00000, 0x00000000e4c00000|  0%| F|  |TAMS 0x00000000e4b00000| PB 0x00000000e4b00000| Untracked 
|  76|0x00000000e4c00000, 0x00000000e4c00000, 0x00000000e4d00000|  0%| F|  |TAMS 0x00000000e4c00000| PB 0x00000000e4c00000| Untracked 
|  77|0x00000000e4d00000, 0x00000000e4d00000, 0x00000000e4e00000|  0%| F|  |TAMS 0x00000000e4d00000| PB 0x00000000e4d00000| Untracked 
|  78|0x00000000e4e00000, 0x00000000e4e00000, 0x00000000e4f00000|  0%| F|  |TAMS 0x00000000e4e00000| PB 0x00000000e4e00000| Untracked 
|  79|0x00000000e4f00000, 0x00000000e4f00000, 0x00000000e5000000|  0%| F|  |TAMS 0x00000000e4f00000| PB 0x00000000e4f00000| Untracked 
|  80|0x00000000e5000000, 0x00000000e5000000, 0x00000000e5100000|  0%| F|  |TAMS 0x00000000e5000000| PB 0x00000000e5000000| Untracked 
|  81|0x00000000e5100000, 0x00000000e5100000, 0x00000000e5200000|  0%| F|  |TAMS 0x00000000e5100000| PB 0x00000000e5100000| Untracked 
|  82|0x00000000e5200000, 0x00000000e5200000, 0x00000000e5300000|  0%| F|  |TAMS 0x00000000e5200000| PB 0x00000000e5200000| Untracked 
|  83|0x00000000e5300000, 0x00000000e5300000, 0x00000000e5400000|  0%| F|  |TAMS 0x00000000e5300000| PB 0x00000000e5300000| Untracked 
|  84|0x00000000e5400000, 0x00000000e5400000, 0x00000000e5500000|  0%| F|  |TAMS 0x00000000e5400000| PB 0x00000000e5400000| Untracked 
|  85|0x00000000e5500000, 0x00000000e5500000, 0x00000000e5600000|  0%| F|  |TAMS 0x00000000e5500000| PB 0x00000000e5500000| Untracked 
|  86|0x00000000e5600000, 0x00000000e5600000, 0x00000000e5700000|  0%| F|  |TAMS 0x00000000e5600000| PB 0x00000000e5600000| Untracked 
|  87|0x00000000e5700000, 0x00000000e5700000, 0x00000000e5800000|  0%| F|  |TAMS 0x00000000e5700000| PB 0x00000000e5700000| Untracked 
|  88|0x00000000e5800000, 0x00000000e5800000, 0x00000000e5900000|  0%| F|  |TAMS 0x00000000e5800000| PB 0x00000000e5800000| Untracked 
|  89|0x00000000e5900000, 0x00000000e5900000, 0x00000000e5a00000|  0%| F|  |TAMS 0x00000000e5900000| PB 0x00000000e5900000| Untracked 
|  90|0x00000000e5a00000, 0x00000000e5a00000, 0x00000000e5b00000|  0%| F|  |TAMS 0x00000000e5a00000| PB 0x00000000e5a00000| Untracked 
|  91|0x00000000e5b00000, 0x00000000e5b00000, 0x00000000e5c00000|  0%| F|  |TAMS 0x00000000e5b00000| PB 0x00000000e5b00000| Untracked 
|  92|0x00000000e5c00000, 0x00000000e5c00000, 0x00000000e5d00000|  0%| F|  |TAMS 0x00000000e5c00000| PB 0x00000000e5c00000| Untracked 
|  93|0x00000000e5d00000, 0x00000000e5d00000, 0x00000000e5e00000|  0%| F|  |TAMS 0x00000000e5d00000| PB 0x00000000e5d00000| Untracked 
|  94|0x00000000e5e00000, 0x00000000e5e00000, 0x00000000e5f00000|  0%| F|  |TAMS 0x00000000e5e00000| PB 0x00000000e5e00000| Untracked 
|  95|0x00000000e5f00000, 0x00000000e5f00000, 0x00000000e6000000|  0%| F|  |TAMS 0x00000000e5f00000| PB 0x00000000e5f00000| Untracked 
|  96|0x00000000e6000000, 0x00000000e6000000, 0x00000000e6100000|  0%| F|  |TAMS 0x00000000e6000000| PB 0x00000000e6000000| Untracked 
|  97|0x00000000e6100000, 0x00000000e6100000, 0x00000000e6200000|  0%| F|  |TAMS 0x00000000e6100000| PB 0x00000000e6100000| Untracked 
|  98|0x00000000e6200000, 0x00000000e6200000, 0x00000000e6300000|  0%| F|  |TAMS 0x00000000e6200000| PB 0x00000000e6200000| Untracked 
|  99|0x00000000e6300000, 0x00000000e6300000, 0x00000000e6400000|  0%| F|  |TAMS 0x00000000e6300000| PB 0x00000000e6300000| Untracked 
| 100|0x00000000e6400000, 0x00000000e6400000, 0x00000000e6500000|  0%| F|  |TAMS 0x00000000e6400000| PB 0x00000000e6400000| Untracked 
| 101|0x00000000e6500000, 0x00000000e6500000, 0x00000000e6600000|  0%| F|  |TAMS 0x00000000e6500000| PB 0x00000000e6500000| Untracked 
| 102|0x00000000e6600000, 0x00000000e6600000, 0x00000000e6700000|  0%| F|  |TAMS 0x00000000e6600000| PB 0x00000000e6600000| Untracked 
| 103|0x00000000e6700000, 0x00000000e6700000, 0x00000000e6800000|  0%| F|  |TAMS 0x00000000e6700000| PB 0x00000000e6700000| Untracked 
| 104|0x00000000e6800000, 0x00000000e6800000, 0x00000000e6900000|  0%| F|  |TAMS 0x00000000e6800000| PB 0x00000000e6800000| Untracked 
| 105|0x00000000e6900000, 0x00000000e6900000, 0x00000000e6a00000|  0%| F|  |TAMS 0x00000000e6900000| PB 0x00000000e6900000| Untracked 
| 106|0x00000000e6a00000, 0x00000000e6a00000, 0x00000000e6b00000|  0%| F|  |TAMS 0x00000000e6a00000| PB 0x00000000e6a00000| Untracked 
| 107|0x00000000e6b00000, 0x00000000e6b00000, 0x00000000e6c00000|  0%| F|  |TAMS 0x00000000e6b00000| PB 0x00000000e6b00000| Untracked 
| 108|0x00000000e6c00000, 0x00000000e6c00000, 0x00000000e6d00000|  0%| F|  |TAMS 0x00000000e6c00000| PB 0x00000000e6c00000| Untracked 
| 109|0x00000000e6d00000, 0x00000000e6d00000, 0x00000000e6e00000|  0%| F|  |TAMS 0x00000000e6d00000| PB 0x00000000e6d00000| Untracked 
| 110|0x00000000e6e00000, 0x00000000e6e00000, 0x00000000e6f00000|  0%| F|  |TAMS 0x00000000e6e00000| PB 0x00000000e6e00000| Untracked 
| 111|0x00000000e6f00000, 0x00000000e6f00000, 0x00000000e7000000|  0%| F|  |TAMS 0x00000000e6f00000| PB 0x00000000e6f00000| Untracked 
| 112|0x00000000e7000000, 0x00000000e7000000, 0x00000000e7100000|  0%| F|  |TAMS 0x00000000e7000000| PB 0x00000000e7000000| Untracked 
| 113|0x00000000e7100000, 0x00000000e7100000, 0x00000000e7200000|  0%| F|  |TAMS 0x00000000e7100000| PB 0x00000000e7100000| Untracked 
| 114|0x00000000e7200000, 0x00000000e7200000, 0x00000000e7300000|  0%| F|  |TAMS 0x00000000e7200000| PB 0x00000000e7200000| Untracked 
| 115|0x00000000e7300000, 0x00000000e7300000, 0x00000000e7400000|  0%| F|  |TAMS 0x00000000e7300000| PB 0x00000000e7300000| Untracked 
| 116|0x00000000e7400000, 0x00000000e7400000, 0x00000000e7500000|  0%| F|  |TAMS 0x00000000e7400000| PB 0x00000000e7400000| Untracked 
| 117|0x00000000e7500000, 0x00000000e7500000, 0x00000000e7600000|  0%| F|  |TAMS 0x00000000e7500000| PB 0x00000000e7500000| Untracked 
| 118|0x00000000e7600000, 0x00000000e7600000, 0x00000000e7700000|  0%| F|  |TAMS 0x00000000e7600000| PB 0x00000000e7600000| Untracked 
| 119|0x00000000e7700000, 0x00000000e7700000, 0x00000000e7800000|  0%| F|  |TAMS 0x00000000e7700000| PB 0x00000000e7700000| Untracked 
| 120|0x00000000e7800000, 0x00000000e7800000, 0x00000000e7900000|  0%| F|  |TAMS 0x00000000e7800000| PB 0x00000000e7800000| Untracked 
| 121|0x00000000e7900000, 0x00000000e7900000, 0x00000000e7a00000|  0%| F|  |TAMS 0x00000000e7900000| PB 0x00000000e7900000| Untracked 
| 122|0x00000000e7a00000, 0x00000000e7a00000, 0x00000000e7b00000|  0%| F|  |TAMS 0x00000000e7a00000| PB 0x00000000e7a00000| Untracked 
| 123|0x00000000e7b00000, 0x00000000e7b00000, 0x00000000e7c00000|  0%| F|  |TAMS 0x00000000e7b00000| PB 0x00000000e7b00000| Untracked 
| 124|0x00000000e7c00000, 0x00000000e7c00000, 0x00000000e7d00000|  0%| F|  |TAMS 0x00000000e7c00000| PB 0x00000000e7c00000| Untracked 
| 125|0x00000000e7d00000, 0x00000000e7d00000, 0x00000000e7e00000|  0%| F|  |TAMS 0x00000000e7d00000| PB 0x00000000e7d00000| Untracked 
| 126|0x00000000e7e00000, 0x00000000e7e00000, 0x00000000e7f00000|  0%| F|  |TAMS 0x00000000e7e00000| PB 0x00000000e7e00000| Untracked 
| 127|0x00000000e7f00000, 0x00000000e7f00000, 0x00000000e8000000|  0%| F|  |TAMS 0x00000000e7f00000| PB 0x00000000e7f00000| Untracked 
| 128|0x00000000e8000000, 0x00000000e8000000, 0x00000000e8100000|  0%| F|  |TAMS 0x00000000e8000000| PB 0x00000000e8000000| Untracked 
| 129|0x00000000e8100000, 0x00000000e8100000, 0x00000000e8200000|  0%| F|  |TAMS 0x00000000e8100000| PB 0x00000000e8100000| Untracked 
| 130|0x00000000e8200000, 0x00000000e8200000, 0x00000000e8300000|  0%| F|  |TAMS 0x00000000e8200000| PB 0x00000000e8200000| Untracked 
| 131|0x00000000e8300000, 0x00000000e8300000, 0x00000000e8400000|  0%| F|  |TAMS 0x00000000e8300000| PB 0x00000000e8300000| Untracked 
| 132|0x00000000e8400000, 0x00000000e8400000, 0x00000000e8500000|  0%| F|  |TAMS 0x00000000e8400000| PB 0x00000000e8400000| Untracked 
| 133|0x00000000e8500000, 0x00000000e8500000, 0x00000000e8600000|  0%| F|  |TAMS 0x00000000e8500000| PB 0x00000000e8500000| Untracked 
| 134|0x00000000e8600000, 0x00000000e8600000, 0x00000000e8700000|  0%| F|  |TAMS 0x00000000e8600000| PB 0x00000000e8600000| Untracked 
| 135|0x00000000e8700000, 0x00000000e8700000, 0x00000000e8800000|  0%| F|  |TAMS 0x00000000e8700000| PB 0x00000000e8700000| Untracked 
| 136|0x00000000e8800000, 0x00000000e8800000, 0x00000000e8900000|  0%| F|  |TAMS 0x00000000e8800000| PB 0x00000000e8800000| Untracked 
| 137|0x00000000e8900000, 0x00000000e8900000, 0x00000000e8a00000|  0%| F|  |TAMS 0x00000000e8900000| PB 0x00000000e8900000| Untracked 
| 138|0x00000000e8a00000, 0x00000000e8a00000, 0x00000000e8b00000|  0%| F|  |TAMS 0x00000000e8a00000| PB 0x00000000e8a00000| Untracked 
| 139|0x00000000e8b00000, 0x00000000e8b00000, 0x00000000e8c00000|  0%| F|  |TAMS 0x00000000e8b00000| PB 0x00000000e8b00000| Untracked 
| 140|0x00000000e8c00000, 0x00000000e8c00000, 0x00000000e8d00000|  0%| F|  |TAMS 0x00000000e8c00000| PB 0x00000000e8c00000| Untracked 
| 141|0x00000000e8d00000, 0x00000000e8d00000, 0x00000000e8e00000|  0%| F|  |TAMS 0x00000000e8d00000| PB 0x00000000e8d00000| Untracked 
| 142|0x00000000e8e00000, 0x00000000e8e00000, 0x00000000e8f00000|  0%| F|  |TAMS 0x00000000e8e00000| PB 0x00000000e8e00000| Untracked 
| 143|0x00000000e8f00000, 0x00000000e8fa3760, 0x00000000e9000000| 63%| S|CS|TAMS 0x00000000e8f00000| PB 0x00000000e8f00000| Complete 
| 144|0x00000000e9000000, 0x00000000e9100000, 0x00000000e9100000|100%| S|CS|TAMS 0x00000000e9000000| PB 0x00000000e9000000| Complete 
| 145|0x00000000e9100000, 0x00000000e9200000, 0x00000000e9200000|100%| S|CS|TAMS 0x00000000e9100000| PB 0x00000000e9100000| Complete 
| 146|0x00000000e9200000, 0x00000000e9300000, 0x00000000e9300000|100%| S|CS|TAMS 0x00000000e9200000| PB 0x00000000e9200000| Complete 
| 147|0x00000000e9300000, 0x00000000e9400000, 0x00000000e9400000|100%| S|CS|TAMS 0x00000000e9300000| PB 0x00000000e9300000| Complete 
| 148|0x00000000e9400000, 0x00000000e9500000, 0x00000000e9500000|100%| S|CS|TAMS 0x00000000e9400000| PB 0x00000000e9400000| Complete 
| 149|0x00000000e9500000, 0x00000000e9600000, 0x00000000e9600000|100%| S|CS|TAMS 0x00000000e9500000| PB 0x00000000e9500000| Complete 
| 150|0x00000000e9600000, 0x00000000e9700000, 0x00000000e9700000|100%| S|CS|TAMS 0x00000000e9600000| PB 0x00000000e9600000| Complete 
| 151|0x00000000e9700000, 0x00000000e9800000, 0x00000000e9800000|100%| S|CS|TAMS 0x00000000e9700000| PB 0x00000000e9700000| Complete 
| 152|0x00000000e9800000, 0x00000000e9900000, 0x00000000e9900000|100%| S|CS|TAMS 0x00000000e9800000| PB 0x00000000e9800000| Complete 
| 153|0x00000000e9900000, 0x00000000e9a00000, 0x00000000e9a00000|100%| S|CS|TAMS 0x00000000e9900000| PB 0x00000000e9900000| Complete 
| 154|0x00000000e9a00000, 0x00000000e9b00000, 0x00000000e9b00000|100%| S|CS|TAMS 0x00000000e9a00000| PB 0x00000000e9a00000| Complete 
| 155|0x00000000e9b00000, 0x00000000e9c00000, 0x00000000e9c00000|100%| S|CS|TAMS 0x00000000e9b00000| PB 0x00000000e9b00000| Complete 
| 156|0x00000000e9c00000, 0x00000000e9d00000, 0x00000000e9d00000|100%| S|CS|TAMS 0x00000000e9c00000| PB 0x00000000e9c00000| Complete 
| 157|0x00000000e9d00000, 0x00000000e9e00000, 0x00000000e9e00000|100%| S|CS|TAMS 0x00000000e9d00000| PB 0x00000000e9d00000| Complete 
| 158|0x00000000e9e00000, 0x00000000e9e00000, 0x00000000e9f00000|  0%| F|  |TAMS 0x00000000e9e00000| PB 0x00000000e9e00000| Untracked 
| 159|0x00000000e9f00000, 0x00000000e9f00000, 0x00000000ea000000|  0%| F|  |TAMS 0x00000000e9f00000| PB 0x00000000e9f00000| Untracked 
| 160|0x00000000ea000000, 0x00000000ea000000, 0x00000000ea100000|  0%| F|  |TAMS 0x00000000ea000000| PB 0x00000000ea000000| Untracked 
| 161|0x00000000ea100000, 0x00000000ea100000, 0x00000000ea200000|  0%| F|  |TAMS 0x00000000ea100000| PB 0x00000000ea100000| Untracked 
| 162|0x00000000ea200000, 0x00000000ea200000, 0x00000000ea300000|  0%| F|  |TAMS 0x00000000ea200000| PB 0x00000000ea200000| Untracked 
| 163|0x00000000ea300000, 0x00000000ea300000, 0x00000000ea400000|  0%| F|  |TAMS 0x00000000ea300000| PB 0x00000000ea300000| Untracked 
| 164|0x00000000ea400000, 0x00000000ea400000, 0x00000000ea500000|  0%| F|  |TAMS 0x00000000ea400000| PB 0x00000000ea400000| Untracked 
| 165|0x00000000ea500000, 0x00000000ea500000, 0x00000000ea600000|  0%| F|  |TAMS 0x00000000ea500000| PB 0x00000000ea500000| Untracked 
| 166|0x00000000ea600000, 0x00000000ea600000, 0x00000000ea700000|  0%| F|  |TAMS 0x00000000ea600000| PB 0x00000000ea600000| Untracked 
| 167|0x00000000ea700000, 0x00000000ea700000, 0x00000000ea800000|  0%| F|  |TAMS 0x00000000ea700000| PB 0x00000000ea700000| Untracked 
| 168|0x00000000ea800000, 0x00000000ea800000, 0x00000000ea900000|  0%| F|  |TAMS 0x00000000ea800000| PB 0x00000000ea800000| Untracked 
| 169|0x00000000ea900000, 0x00000000ea900000, 0x00000000eaa00000|  0%| F|  |TAMS 0x00000000ea900000| PB 0x00000000ea900000| Untracked 
| 170|0x00000000eaa00000, 0x00000000eaa00000, 0x00000000eab00000|  0%| F|  |TAMS 0x00000000eaa00000| PB 0x00000000eaa00000| Untracked 
| 171|0x00000000eab00000, 0x00000000eab00000, 0x00000000eac00000|  0%| F|  |TAMS 0x00000000eab00000| PB 0x00000000eab00000| Untracked 
| 172|0x00000000eac00000, 0x00000000eac00000, 0x00000000ead00000|  0%| F|  |TAMS 0x00000000eac00000| PB 0x00000000eac00000| Untracked 
| 173|0x00000000ead00000, 0x00000000ead00000, 0x00000000eae00000|  0%| F|  |TAMS 0x00000000ead00000| PB 0x00000000ead00000| Untracked 
| 174|0x00000000eae00000, 0x00000000eae00000, 0x00000000eaf00000|  0%| F|  |TAMS 0x00000000eae00000| PB 0x00000000eae00000| Untracked 
| 175|0x00000000eaf00000, 0x00000000eaf00000, 0x00000000eb000000|  0%| F|  |TAMS 0x00000000eaf00000| PB 0x00000000eaf00000| Untracked 
| 176|0x00000000eb000000, 0x00000000eb000000, 0x00000000eb100000|  0%| F|  |TAMS 0x00000000eb000000| PB 0x00000000eb000000| Untracked 
| 177|0x00000000eb100000, 0x00000000eb100000, 0x00000000eb200000|  0%| F|  |TAMS 0x00000000eb100000| PB 0x00000000eb100000| Untracked 
| 178|0x00000000eb200000, 0x00000000eb200000, 0x00000000eb300000|  0%| F|  |TAMS 0x00000000eb200000| PB 0x00000000eb200000| Untracked 
| 179|0x00000000eb300000, 0x00000000eb300000, 0x00000000eb400000|  0%| F|  |TAMS 0x00000000eb300000| PB 0x00000000eb300000| Untracked 
| 180|0x00000000eb400000, 0x00000000eb400000, 0x00000000eb500000|  0%| F|  |TAMS 0x00000000eb400000| PB 0x00000000eb400000| Untracked 
| 181|0x00000000eb500000, 0x00000000eb500000, 0x00000000eb600000|  0%| F|  |TAMS 0x00000000eb500000| PB 0x00000000eb500000| Untracked 
| 182|0x00000000eb600000, 0x00000000eb600000, 0x00000000eb700000|  0%| F|  |TAMS 0x00000000eb600000| PB 0x00000000eb600000| Untracked 
| 183|0x00000000eb700000, 0x00000000eb700000, 0x00000000eb800000|  0%| F|  |TAMS 0x00000000eb700000| PB 0x00000000eb700000| Untracked 
| 184|0x00000000eb800000, 0x00000000eb800000, 0x00000000eb900000|  0%| F|  |TAMS 0x00000000eb800000| PB 0x00000000eb800000| Untracked 
| 185|0x00000000eb900000, 0x00000000eb900000, 0x00000000eba00000|  0%| F|  |TAMS 0x00000000eb900000| PB 0x00000000eb900000| Untracked 
| 186|0x00000000eba00000, 0x00000000eba00000, 0x00000000ebb00000|  0%| F|  |TAMS 0x00000000eba00000| PB 0x00000000eba00000| Untracked 
| 187|0x00000000ebb00000, 0x00000000ebb00000, 0x00000000ebc00000|  0%| F|  |TAMS 0x00000000ebb00000| PB 0x00000000ebb00000| Untracked 
| 188|0x00000000ebc00000, 0x00000000ebc00000, 0x00000000ebd00000|  0%| F|  |TAMS 0x00000000ebc00000| PB 0x00000000ebc00000| Untracked 
| 189|0x00000000ebd00000, 0x00000000ebd00000, 0x00000000ebe00000|  0%| F|  |TAMS 0x00000000ebd00000| PB 0x00000000ebd00000| Untracked 
| 190|0x00000000ebe00000, 0x00000000ebe00000, 0x00000000ebf00000|  0%| F|  |TAMS 0x00000000ebe00000| PB 0x00000000ebe00000| Untracked 
| 191|0x00000000ebf00000, 0x00000000ebf00000, 0x00000000ec000000|  0%| F|  |TAMS 0x00000000ebf00000| PB 0x00000000ebf00000| Untracked 
| 192|0x00000000ec000000, 0x00000000ec000000, 0x00000000ec100000|  0%| F|  |TAMS 0x00000000ec000000| PB 0x00000000ec000000| Untracked 
| 193|0x00000000ec100000, 0x00000000ec100000, 0x00000000ec200000|  0%| F|  |TAMS 0x00000000ec100000| PB 0x00000000ec100000| Untracked 
| 194|0x00000000ec200000, 0x00000000ec200000, 0x00000000ec300000|  0%| F|  |TAMS 0x00000000ec200000| PB 0x00000000ec200000| Untracked 
| 195|0x00000000ec300000, 0x00000000ec300000, 0x00000000ec400000|  0%| F|  |TAMS 0x00000000ec300000| PB 0x00000000ec300000| Untracked 
| 196|0x00000000ec400000, 0x00000000ec400000, 0x00000000ec500000|  0%| F|  |TAMS 0x00000000ec400000| PB 0x00000000ec400000| Untracked 
| 197|0x00000000ec500000, 0x00000000ec500000, 0x00000000ec600000|  0%| F|  |TAMS 0x00000000ec500000| PB 0x00000000ec500000| Untracked 
| 198|0x00000000ec600000, 0x00000000ec600000, 0x00000000ec700000|  0%| F|  |TAMS 0x00000000ec600000| PB 0x00000000ec600000| Untracked 
| 199|0x00000000ec700000, 0x00000000ec700000, 0x00000000ec800000|  0%| F|  |TAMS 0x00000000ec700000| PB 0x00000000ec700000| Untracked 
| 200|0x00000000ec800000, 0x00000000ec800000, 0x00000000ec900000|  0%| F|  |TAMS 0x00000000ec800000| PB 0x00000000ec800000| Untracked 
| 201|0x00000000ec900000, 0x00000000ec900000, 0x00000000eca00000|  0%| F|  |TAMS 0x00000000ec900000| PB 0x00000000ec900000| Untracked 
| 202|0x00000000eca00000, 0x00000000eca00000, 0x00000000ecb00000|  0%| F|  |TAMS 0x00000000eca00000| PB 0x00000000eca00000| Untracked 
| 203|0x00000000ecb00000, 0x00000000ecb00000, 0x00000000ecc00000|  0%| F|  |TAMS 0x00000000ecb00000| PB 0x00000000ecb00000| Untracked 
| 204|0x00000000ecc00000, 0x00000000ecc00000, 0x00000000ecd00000|  0%| F|  |TAMS 0x00000000ecc00000| PB 0x00000000ecc00000| Untracked 
| 205|0x00000000ecd00000, 0x00000000ecd00000, 0x00000000ece00000|  0%| F|  |TAMS 0x00000000ecd00000| PB 0x00000000ecd00000| Untracked 
| 206|0x00000000ece00000, 0x00000000ece00000, 0x00000000ecf00000|  0%| F|  |TAMS 0x00000000ece00000| PB 0x00000000ece00000| Untracked 
| 207|0x00000000ecf00000, 0x00000000ecf00000, 0x00000000ed000000|  0%| F|  |TAMS 0x00000000ecf00000| PB 0x00000000ecf00000| Untracked 
| 208|0x00000000ed000000, 0x00000000ed000000, 0x00000000ed100000|  0%| F|  |TAMS 0x00000000ed000000| PB 0x00000000ed000000| Untracked 
| 209|0x00000000ed100000, 0x00000000ed100000, 0x00000000ed200000|  0%| F|  |TAMS 0x00000000ed100000| PB 0x00000000ed100000| Untracked 
| 210|0x00000000ed200000, 0x00000000ed200000, 0x00000000ed300000|  0%| F|  |TAMS 0x00000000ed200000| PB 0x00000000ed200000| Untracked 
| 211|0x00000000ed300000, 0x00000000ed300000, 0x00000000ed400000|  0%| F|  |TAMS 0x00000000ed300000| PB 0x00000000ed300000| Untracked 
| 212|0x00000000ed400000, 0x00000000ed400000, 0x00000000ed500000|  0%| F|  |TAMS 0x00000000ed400000| PB 0x00000000ed400000| Untracked 
| 213|0x00000000ed500000, 0x00000000ed500000, 0x00000000ed600000|  0%| F|  |TAMS 0x00000000ed500000| PB 0x00000000ed500000| Untracked 
| 214|0x00000000ed600000, 0x00000000ed600000, 0x00000000ed700000|  0%| F|  |TAMS 0x00000000ed600000| PB 0x00000000ed600000| Untracked 
| 215|0x00000000ed700000, 0x00000000ed700000, 0x00000000ed800000|  0%| F|  |TAMS 0x00000000ed700000| PB 0x00000000ed700000| Untracked 
| 216|0x00000000ed800000, 0x00000000ed800000, 0x00000000ed900000|  0%| F|  |TAMS 0x00000000ed800000| PB 0x00000000ed800000| Untracked 
| 217|0x00000000ed900000, 0x00000000ed900000, 0x00000000eda00000|  0%| F|  |TAMS 0x00000000ed900000| PB 0x00000000ed900000| Untracked 
| 218|0x00000000eda00000, 0x00000000eda00000, 0x00000000edb00000|  0%| F|  |TAMS 0x00000000eda00000| PB 0x00000000eda00000| Untracked 
| 219|0x00000000edb00000, 0x00000000edb80800, 0x00000000edc00000| 50%| E|  |TAMS 0x00000000edb00000| PB 0x00000000edb00000| Complete 
| 220|0x00000000edc00000, 0x00000000edd00000, 0x00000000edd00000|100%| E|CS|TAMS 0x00000000edc00000| PB 0x00000000edc00000| Complete 
| 221|0x00000000edd00000, 0x00000000ede00000, 0x00000000ede00000|100%| E|CS|TAMS 0x00000000edd00000| PB 0x00000000edd00000| Complete 
| 222|0x00000000ede00000, 0x00000000edf00000, 0x00000000edf00000|100%| E|CS|TAMS 0x00000000ede00000| PB 0x00000000ede00000| Complete 
| 223|0x00000000edf00000, 0x00000000ee000000, 0x00000000ee000000|100%| E|CS|TAMS 0x00000000edf00000| PB 0x00000000edf00000| Complete 
| 224|0x00000000ee000000, 0x00000000ee100000, 0x00000000ee100000|100%| E|CS|TAMS 0x00000000ee000000| PB 0x00000000ee000000| Complete 
| 225|0x00000000ee100000, 0x00000000ee200000, 0x00000000ee200000|100%| E|CS|TAMS 0x00000000ee100000| PB 0x00000000ee100000| Complete 
| 226|0x00000000ee200000, 0x00000000ee300000, 0x00000000ee300000|100%| E|CS|TAMS 0x00000000ee200000| PB 0x00000000ee200000| Complete 
| 227|0x00000000ee300000, 0x00000000ee400000, 0x00000000ee400000|100%| E|CS|TAMS 0x00000000ee300000| PB 0x00000000ee300000| Complete 
| 228|0x00000000ee400000, 0x00000000ee500000, 0x00000000ee500000|100%| E|CS|TAMS 0x00000000ee400000| PB 0x00000000ee400000| Complete 
| 229|0x00000000ee500000, 0x00000000ee600000, 0x00000000ee600000|100%| E|CS|TAMS 0x00000000ee500000| PB 0x00000000ee500000| Complete 
| 230|0x00000000ee600000, 0x00000000ee700000, 0x00000000ee700000|100%| E|CS|TAMS 0x00000000ee600000| PB 0x00000000ee600000| Complete 
| 231|0x00000000ee700000, 0x00000000ee800000, 0x00000000ee800000|100%| E|CS|TAMS 0x00000000ee700000| PB 0x00000000ee700000| Complete 
| 232|0x00000000ee800000, 0x00000000ee900000, 0x00000000ee900000|100%| E|CS|TAMS 0x00000000ee800000| PB 0x00000000ee800000| Complete 
| 233|0x00000000ee900000, 0x00000000eea00000, 0x00000000eea00000|100%| E|CS|TAMS 0x00000000ee900000| PB 0x00000000ee900000| Complete 
| 234|0x00000000eea00000, 0x00000000eeb00000, 0x00000000eeb00000|100%| E|CS|TAMS 0x00000000eea00000| PB 0x00000000eea00000| Complete 
| 235|0x00000000eeb00000, 0x00000000eec00000, 0x00000000eec00000|100%| E|CS|TAMS 0x00000000eeb00000| PB 0x00000000eeb00000| Complete 
| 236|0x00000000eec00000, 0x00000000eed00000, 0x00000000eed00000|100%| E|CS|TAMS 0x00000000eec00000| PB 0x00000000eec00000| Complete 
| 237|0x00000000eed00000, 0x00000000eee00000, 0x00000000eee00000|100%| E|CS|TAMS 0x00000000eed00000| PB 0x00000000eed00000| Complete 
| 238|0x00000000eee00000, 0x00000000eef00000, 0x00000000eef00000|100%| E|CS|TAMS 0x00000000eee00000| PB 0x00000000eee00000| Complete 
| 239|0x00000000eef00000, 0x00000000ef000000, 0x00000000ef000000|100%| E|CS|TAMS 0x00000000eef00000| PB 0x00000000eef00000| Complete 
| 240|0x00000000ef000000, 0x00000000ef100000, 0x00000000ef100000|100%| E|CS|TAMS 0x00000000ef000000| PB 0x00000000ef000000| Complete 
| 241|0x00000000ef100000, 0x00000000ef200000, 0x00000000ef200000|100%| E|CS|TAMS 0x00000000ef100000| PB 0x00000000ef100000| Complete 
| 242|0x00000000ef200000, 0x00000000ef300000, 0x00000000ef300000|100%| E|CS|TAMS 0x00000000ef200000| PB 0x00000000ef200000| Complete 
| 243|0x00000000ef300000, 0x00000000ef400000, 0x00000000ef400000|100%| E|CS|TAMS 0x00000000ef300000| PB 0x00000000ef300000| Complete 
| 244|0x00000000ef400000, 0x00000000ef500000, 0x00000000ef500000|100%| E|CS|TAMS 0x00000000ef400000| PB 0x00000000ef400000| Complete 
| 245|0x00000000ef500000, 0x00000000ef600000, 0x00000000ef600000|100%| E|CS|TAMS 0x00000000ef500000| PB 0x00000000ef500000| Complete 
| 246|0x00000000ef600000, 0x00000000ef700000, 0x00000000ef700000|100%| E|CS|TAMS 0x00000000ef600000| PB 0x00000000ef600000| Complete 
| 247|0x00000000ef700000, 0x00000000ef800000, 0x00000000ef800000|100%| E|CS|TAMS 0x00000000ef700000| PB 0x00000000ef700000| Complete 
| 248|0x00000000ef800000, 0x00000000ef900000, 0x00000000ef900000|100%| E|CS|TAMS 0x00000000ef800000| PB 0x00000000ef800000| Complete 
| 249|0x00000000ef900000, 0x00000000efa00000, 0x00000000efa00000|100%| E|CS|TAMS 0x00000000ef900000| PB 0x00000000ef900000| Complete 
| 250|0x00000000efa00000, 0x00000000efb00000, 0x00000000efb00000|100%| E|CS|TAMS 0x00000000efa00000| PB 0x00000000efa00000| Complete 
| 251|0x00000000efb00000, 0x00000000efc00000, 0x00000000efc00000|100%| E|CS|TAMS 0x00000000efb00000| PB 0x00000000efb00000| Complete 
| 252|0x00000000efc00000, 0x00000000efd00000, 0x00000000efd00000|100%| E|CS|TAMS 0x00000000efc00000| PB 0x00000000efc00000| Complete 
| 253|0x00000000efd00000, 0x00000000efe00000, 0x00000000efe00000|100%| E|CS|TAMS 0x00000000efd00000| PB 0x00000000efd00000| Complete 
| 254|0x00000000efe00000, 0x00000000eff00000, 0x00000000eff00000|100%| E|CS|TAMS 0x00000000efe00000| PB 0x00000000efe00000| Complete 
| 255|0x00000000eff00000, 0x00000000f0000000, 0x00000000f0000000|100%| E|CS|TAMS 0x00000000eff00000| PB 0x00000000eff00000| Complete 

Card table byte_map: [0x0000019cf72e0000,0x0000019cf73e0000] _byte_map_base: 0x0000019cf6be0000

Marking Bits: (CMBitMap*) 0x0000019cdfa65a20
 Bits: [0x0000019cf73e0000, 0x0000019cf7be0000)

Polling page: 0x0000019cdf200000

Metaspace:

Usage:
  Non-class:     21.04 MB used.
      Class:      3.67 MB used.
       Both:     24.71 MB used.

Virtual space:
  Non-class space:       64.00 MB reserved,      21.50 MB ( 34%) committed,  1 nodes.
      Class space:      320.00 MB reserved,       4.06 MB (  1%) committed,  1 nodes.
             Both:      384.00 MB reserved,      25.56 MB (  7%) committed. 

Chunk freelists:
   Non-Class:  10.06 MB
       Class:  11.95 MB
        Both:  22.02 MB

MaxMetaspaceSize: 384.00 MB
CompressedClassSpaceSize: 320.00 MB
Initial GC threshold: 21.00 MB
Current GC threshold: 35.31 MB
CDS: on
 - commit_granule_bytes: 65536.
 - commit_granule_words: 8192.
 - virtual_space_node_default_size: 8388608.
 - enlarge_chunks_in_place: 1.
 - use_allocation_guard: 0.


Internal statistics:

num_allocs_failed_limit: 3.
num_arena_births: 1436.
num_arena_deaths: 0.
num_vsnodes_births: 2.
num_vsnodes_deaths: 0.
num_space_committed: 409.
num_space_uncommitted: 0.
num_chunks_returned_to_freelist: 3.
num_chunks_taken_from_freelist: 2577.
num_chunk_merges: 3.
num_chunk_splits: 1636.
num_chunks_enlarged: 986.
num_inconsistent_stats: 0.

CodeHeap 'non-profiled nmethods': size=120000Kb used=2076Kb max_used=2076Kb free=117923Kb
 bounds [0x0000019cef980000, 0x0000019cefbf0000, 0x0000019cf6eb0000]
CodeHeap 'profiled nmethods': size=120000Kb used=7072Kb max_used=7072Kb free=112927Kb
 bounds [0x0000019ce7eb0000, 0x0000019ce85a0000, 0x0000019cef3e0000]
CodeHeap 'non-nmethods': size=5760Kb used=1679Kb max_used=1719Kb free=4080Kb
 bounds [0x0000019cef3e0000, 0x0000019cef650000, 0x0000019cef980000]
 total_blobs=4145 nmethods=3564 adapters=485
 compilation: enabled
              stopped_count=0, restarted_count=0
 full_count=0

Compilation events (20 events):
Event: 38.980 Thread 0x0000019cfa679f70 3555       3       org.objectweb.asm.SymbolTable::hash (15 bytes)
Event: 38.980 Thread 0x0000019cfa679f70 nmethod 3555 0x0000019ce8591690 code [0x0000019ce8591840, 0x0000019ce85919c0]
Event: 38.981 Thread 0x0000019cfa679f70 3557       3       org.objectweb.asm.SymbolTable::addConstantNameAndType (137 bytes)
Event: 38.982 Thread 0x0000019cfa679f70 nmethod 3557 0x0000019ce8591b10 code [0x0000019ce8591d60, 0x0000019ce8592490]
Event: 38.982 Thread 0x0000019cfa679f70 3560       3       org.objectweb.asm.ByteVector::putByteArray (49 bytes)
Event: 38.982 Thread 0x0000019cfa679f70 nmethod 3560 0x0000019ce8592890 code [0x0000019ce8592a40, 0x0000019ce8592d10]
Event: 38.982 Thread 0x0000019cfa679f70 3558       3       org.objectweb.asm.MethodWriter::visitInsn (115 bytes)
Event: 38.983 Thread 0x0000019cfa679f70 nmethod 3558 0x0000019ce8592e10 code [0x0000019ce8593000, 0x0000019ce8593478]
Event: 38.983 Thread 0x0000019cfa679f70 3559       3       org.objectweb.asm.SymbolTable$Entry::<init> (18 bytes)
Event: 38.983 Thread 0x0000019cfa679f70 nmethod 3559 0x0000019ce8593610 code [0x0000019ce85937c0, 0x0000019ce8593940]
Event: 38.983 Thread 0x0000019cfa679f70 3556       3       java.util.stream.AbstractPipeline::evaluate (94 bytes)
Event: 38.983 Thread 0x0000019cfa679f70 nmethod 3556 0x0000019ce8593a10 code [0x0000019ce8593c40, 0x0000019ce8594300]
Event: 38.992 Thread 0x0000019cfa679f70 3561       3       com.google.common.collect.ImmutableList::<init> (5 bytes)
Event: 38.992 Thread 0x0000019cfa679f70 nmethod 3561 0x0000019ce8594510 code [0x0000019ce85946c0, 0x0000019ce85948e8]
Event: 39.115 Thread 0x0000019cfa678160 nmethod 3533 0x0000019cefb80410 code [0x0000019cefb80880, 0x0000019cefb84640]
Event: 39.117 Thread 0x0000019cfa678160 3544       4       java.lang.reflect.Modifier::isPrivate (12 bytes)
Event: 39.117 Thread 0x0000019cfa678160 nmethod 3544 0x0000019cefb86690 code [0x0000019cefb86800, 0x0000019cefb86870]
Event: 39.373 Thread 0x0000019cfa678160 3562       4       java.util.zip.ZipFile$ZipFileInputStream::<init> (96 bytes)
Event: 39.378 Thread 0x0000019cfa678160 nmethod 3562 0x0000019cefb86990 code [0x0000019cefb86b40, 0x0000019cefb86f40]
Event: 39.407 Thread 0x0000019cfa678160 3563   !   4       java.util.zip.ZipFile::getInputStream (275 bytes)

GC Heap History (8 events):
Event: 3.474 GC heap before
{Heap before GC invocations=0 (full 0):
 garbage-first heap   total 262144K, used 22528K [0x00000000e0000000, 0x0000000100000000)
  region size 1024K, 23 young (23552K), 0 survivors (0K)
 Metaspace       used 1065K, committed 1216K, reserved 393216K
  class space    used 78K, committed 128K, reserved 327680K
}
Event: 3.929 GC heap after
{Heap after GC invocations=1 (full 0):
 garbage-first heap   total 262144K, used 2730K [0x00000000e0000000, 0x0000000100000000)
  region size 1024K, 3 young (3072K), 3 survivors (3072K)
 Metaspace       used 1065K, committed 1216K, reserved 393216K
  class space    used 78K, committed 128K, reserved 327680K
}
Event: 5.952 GC heap before
{Heap before GC invocations=1 (full 0):
 garbage-first heap   total 262144K, used 38570K [0x00000000e0000000, 0x0000000100000000)
  region size 1024K, 36 young (36864K), 3 survivors (3072K)
 Metaspace       used 4393K, committed 4608K, reserved 393216K
  class space    used 539K, committed 640K, reserved 327680K
}
Event: 5.956 GC heap after
{Heap after GC invocations=2 (full 0):
 garbage-first heap   total 262144K, used 10393K [0x00000000e0000000, 0x0000000100000000)
  region size 1024K, 5 young (5120K), 5 survivors (5120K)
 Metaspace       used 4393K, committed 4608K, reserved 393216K
  class space    used 539K, committed 640K, reserved 327680K
}
Event: 9.033 GC heap before
{Heap before GC invocations=2 (full 0):
 garbage-first heap   total 262144K, used 59545K [0x00000000e0000000, 0x0000000100000000)
  region size 1024K, 51 young (52224K), 5 survivors (5120K)
 Metaspace       used 4800K, committed 4992K, reserved 393216K
  class space    used 607K, committed 704K, reserved 327680K
}
Event: 9.042 GC heap after
{Heap after GC invocations=3 (full 0):
 garbage-first heap   total 262144K, used 15791K [0x00000000e0000000, 0x0000000100000000)
  region size 1024K, 7 young (7168K), 7 survivors (7168K)
 Metaspace       used 4800K, committed 4992K, reserved 393216K
  class space    used 607K, committed 704K, reserved 327680K
}
Event: 35.630 GC heap before
{Heap before GC invocations=3 (full 0):
 garbage-first heap   total 262144K, used 107951K [0x00000000e0000000, 0x0000000100000000)
  region size 1024K, 98 young (100352K), 7 survivors (7168K)
 Metaspace       used 20856K, committed 21504K, reserved 393216K
  class space    used 3003K, committed 3328K, reserved 327680K
}
Event: 35.643 GC heap after
{Heap after GC invocations=4 (full 0):
 garbage-first heap   total 262144K, used 23612K [0x00000000e0000000, 0x0000000100000000)
  region size 1024K, 15 young (15360K), 15 survivors (15360K)
 Metaspace       used 20856K, committed 21504K, reserved 393216K
  class space    used 3003K, committed 3328K, reserved 327680K
}

Dll operation events (15 events):
Event: 0.332 Loaded shared library C:\Program Files\Java\jdk-21\bin\java.dll
Event: 1.472 Loaded shared library C:\Program Files\Java\jdk-21\bin\zip.dll
Event: 1.554 Loaded shared library C:\Program Files\Java\jdk-21\bin\instrument.dll
Event: 1.758 Loaded shared library C:\Program Files\Java\jdk-21\bin\jsvml.dll
Event: 1.759 Loaded shared library C:\Program Files\Java\jdk-21\bin\net.dll
Event: 1.763 Loaded shared library C:\Program Files\Java\jdk-21\bin\nio.dll
Event: 1.769 Loaded shared library C:\Program Files\Java\jdk-21\bin\zip.dll
Event: 3.202 Loaded shared library C:\Program Files\Java\jdk-21\bin\jimage.dll
Event: 4.082 Loaded shared library C:\Program Files\Java\jdk-21\bin\verify.dll
Event: 4.456 Loaded shared library C:\Users\TUAN ANH\.gradle\native\c067742578af261105cb4f569cf0c3c89f3d7b1fecec35dd04571415982c5e48\windows-amd64\native-platform.dll
Event: 4.472 Loaded shared library C:\Users\TUAN ANH\.gradle\native\100fb08df4bc3b14c8652ba06237920a3bd2aa13389f12d3474272988ae205f9\windows-amd64\native-platform-file-events.dll
Event: 9.591 Loaded shared library C:\Program Files\Java\jdk-21\bin\management.dll
Event: 9.596 Loaded shared library C:\Program Files\Java\jdk-21\bin\management_ext.dll
Event: 10.300 Loaded shared library C:\Program Files\Java\jdk-21\bin\extnet.dll
Event: 11.274 Loaded shared library C:\Program Files\Java\jdk-21\bin\sunmscapi.dll

Deoptimization events (20 events):
Event: 34.737 Thread 0x0000019c961f3c20 Uncommon trap: trap_request=0xffffff45 fr.pc=0x0000019cefb1798c relative=0x000000000000076c
Event: 34.737 Thread 0x0000019c961f3c20 Uncommon trap: reason=unstable_if action=reinterpret pc=0x0000019cefb1798c method=java.util.HashMap.putVal(ILjava/lang/Object;Ljava/lang/Object;ZZ)Ljava/lang/Object; @ 206 c2
Event: 34.737 Thread 0x0000019c961f3c20 DEOPT PACKING pc=0x0000019cefb1798c sp=0x00000027ba1fb8e0
Event: 34.737 Thread 0x0000019c961f3c20 DEOPT UNPACKING pc=0x0000019cef437da2 sp=0x00000027ba1fb868 mode 2
Event: 36.159 Thread 0x0000019c961f3c20 Uncommon trap: trap_request=0xffffff6e fr.pc=0x0000019cefa4c12c relative=0x00000000000003ec
Event: 36.159 Thread 0x0000019c961f3c20 Uncommon trap: reason=loop_limit_check action=maybe_recompile pc=0x0000019cefa4c12c method=java.lang.StringLatin1.indexOf([BI[BII)I @ 37 c2
Event: 36.159 Thread 0x0000019c961f3c20 DEOPT PACKING pc=0x0000019cefa4c12c sp=0x00000027ba1fa160
Event: 36.159 Thread 0x0000019c961f3c20 DEOPT UNPACKING pc=0x0000019cef437da2 sp=0x00000027ba1fa0c0 mode 2
Event: 36.916 Thread 0x0000019c961f3c20 Uncommon trap: trap_request=0xffffff45 fr.pc=0x0000019cefaa36ac relative=0x00000000000003cc
Event: 36.916 Thread 0x0000019c961f3c20 Uncommon trap: reason=unstable_if action=reinterpret pc=0x0000019cefaa36ac method=jdk.internal.org.objectweb.asm.SymbolTable.addType(Ljava/lang/String;)I @ 33 c2
Event: 36.916 Thread 0x0000019c961f3c20 DEOPT PACKING pc=0x0000019cefaa36ac sp=0x00000027ba1fa100
Event: 36.916 Thread 0x0000019c961f3c20 DEOPT UNPACKING pc=0x0000019cef437da2 sp=0x00000027ba1fa088 mode 2
Event: 37.974 Thread 0x0000019c961f3c20 Uncommon trap: trap_request=0xffffff45 fr.pc=0x0000019cefae7f98 relative=0x0000000000000d78
Event: 37.974 Thread 0x0000019c961f3c20 Uncommon trap: reason=unstable_if action=reinterpret pc=0x0000019cefae7f98 method=jdk.internal.org.objectweb.asm.SymbolTable.addType(Ljava/lang/String;)I @ 33 c2
Event: 37.974 Thread 0x0000019c961f3c20 DEOPT PACKING pc=0x0000019cefae7f98 sp=0x00000027ba1fbed0
Event: 37.974 Thread 0x0000019c961f3c20 DEOPT UNPACKING pc=0x0000019cef437da2 sp=0x00000027ba1fbe08 mode 2
Event: 38.424 Thread 0x0000019c961f3c20 Uncommon trap: trap_request=0xffffff76 fr.pc=0x0000019cefb5bf84 relative=0x00000000000001c4
Event: 38.424 Thread 0x0000019c961f3c20 Uncommon trap: reason=predicate action=maybe_recompile pc=0x0000019cefb5bf84 method=com.google.common.base.CharMatcher.indexIn(Ljava/lang/CharSequence;I)I @ 19 c2
Event: 38.424 Thread 0x0000019c961f3c20 DEOPT PACKING pc=0x0000019cefb5bf84 sp=0x00000027ba1fb1d0
Event: 38.424 Thread 0x0000019c961f3c20 DEOPT UNPACKING pc=0x0000019cef437da2 sp=0x00000027ba1fb160 mode 2

Classes loaded (20 events):
Event: 36.530 Loading class java/util/zip/GZIPInputStream
Event: 36.532 Loading class java/util/zip/GZIPInputStream done
Event: 36.532 Loading class java/util/zip/GZIPOutputStream
Event: 36.532 Loading class java/util/zip/DeflaterOutputStream
Event: 36.532 Loading class java/util/zip/DeflaterOutputStream done
Event: 36.532 Loading class java/util/zip/GZIPOutputStream done
Event: 36.534 Loading class java/io/UnsupportedEncodingException
Event: 36.537 Loading class java/io/UnsupportedEncodingException done
Event: 38.082 Loading class java/util/function/UnaryOperator
Event: 38.082 Loading class java/util/function/UnaryOperator done
Event: 38.238 Loading class java/util/concurrent/TimeoutException
Event: 38.238 Loading class java/util/concurrent/TimeoutException done
Event: 38.238 Loading class java/util/concurrent/CancellationException
Event: 38.238 Loading class java/util/concurrent/CancellationException done
Event: 38.468 Loading class java/util/concurrent/locks/AbstractQueuedSynchronizer$SharedNode
Event: 38.468 Loading class java/util/concurrent/locks/AbstractQueuedSynchronizer$SharedNode done
Event: 38.478 Loading class java/io/InterruptedIOException
Event: 38.478 Loading class java/io/InterruptedIOException done
Event: 38.506 Loading class java/util/ArrayDeque$DeqSpliterator
Event: 38.506 Loading class java/util/ArrayDeque$DeqSpliterator done

Classes unloaded (0 events):
No events

Classes redefined (0 events):
No events

Internal exceptions (20 events):
Event: 31.607 Thread 0x0000019c961f3c20 Exception <a 'java/lang/NoSuchMethodError'{0x00000000eafd9710}: 'int java.lang.invoke.DirectMethodHandle$Holder.invokeStaticInit(java.lang.Object, java.lang.Object, java.lang.Object)'> (0x00000000eafd9710) 
thrown [s\open\src\hotspot\share\interpreter\linkResolver.cpp, line 773]
Event: 32.757 Thread 0x0000019c961f3c20 Exception <a 'java/lang/NoSuchMethodError'{0x00000000ea971540}: 'java.lang.Object java.lang.invoke.DirectMethodHandle$Holder.invokeVirtual(java.lang.Object, java.lang.Object, java.lang.Object, java.lang.Object, java.lang.Object, java.lang.Object, java.lang.Object, java.lang.Object, java.lang.Object, java.lang.Object, java.lang.Object, java.lang.Object, java.lang.Object, java.lang.Object, java.lang.Object, java.lang.Object, java.lang.Object, java.lang.Object, java.lang.Object, java.lang.Object, java.lang.Ob
Event: 32.777 Thread 0x0000019c961f3c20 Exception <a 'java/lang/NoSuchMethodError'{0x00000000ea9e6068}: 'java.lang.Object java.lang.invoke.DirectMethodHandle$Holder.invokeSpecial(java.lang.Object, java.lang.Object, java.lang.Object, java.lang.Object, java.lang.Object, java.lang.Object, java.lang.Object, java.lang.Object, java.lang.Object, java.lang.Object, java.lang.Object, java.lang.Object, java.lang.Object, java.lang.Object, java.lang.Object, java.lang.Object, java.lang.Object, java.lang.Object, java.lang.Object, java.lang.Object, java.lang.Ob
Event: 34.751 Thread 0x0000019c961f3c20 Exception <a 'java/lang/NoSuchMethodError'{0x00000000ea073788}: 'java.lang.Object java.lang.invoke.DirectMethodHandle$Holder.newInvokeSpecial(java.lang.Object, java.lang.Object, java.lang.Object, java.lang.Object, java.lang.Object, java.lang.Object, java.lang.Object)'> (0x00000000ea073788) 
thrown [s\open\src\hotspot\share\interpreter\linkResolver.cpp, line 773]
Event: 35.600 Thread 0x0000019c961f3c20 Exception <a 'java/lang/NoSuchMethodError'{0x00000000e9e83340}: 'java.lang.Object java.lang.invoke.DirectMethodHandle$Holder.invokeVirtual(java.lang.Object, java.lang.Object, java.lang.Object, java.lang.Object, java.lang.Object, java.lang.Object, java.lang.Object, java.lang.Object, java.lang.Object, java.lang.Object, java.lang.Object)'> (0x00000000e9e83340) 
thrown [s\open\src\hotspot\share\interpreter\linkResolver.cpp, line 773]
Event: 36.616 Thread 0x0000019c961f3c20 Exception <a 'java/lang/NoSuchMethodError'{0x00000000ef8f4740}: 'java.lang.Object java.lang.invoke.DirectMethodHandle$Holder.invokeVirtual(java.lang.Object, java.lang.Object, java.lang.Object, java.lang.Object, java.lang.Object, java.lang.Object, java.lang.Object, java.lang.Object, java.lang.Object, java.lang.Object)'> (0x00000000ef8f4740) 
thrown [s\open\src\hotspot\share\interpreter\linkResolver.cpp, line 773]
Event: 36.938 Thread 0x0000019c961f3c20 Exception <a 'java/lang/NoSuchMethodError'{0x00000000ef62a6c0}: 'java.lang.Object java.lang.invoke.DirectMethodHandle$Holder.invokeSpecial(java.lang.Object, java.lang.Object, java.lang.Object, java.lang.Object, java.lang.Object, java.lang.Object, java.lang.Object, java.lang.Object, java.lang.Object, java.lang.Object, java.lang.Object, java.lang.Object, java.lang.Object, java.lang.Object, java.lang.Object, java.lang.Object, java.lang.Object, java.lang.Object, java.lang.Object, java.lang.Object, java.lang.Ob
Event: 36.938 Thread 0x0000019c961f3c20 Exception <a 'java/lang/NoSuchMethodError'{0x00000000ef630098}: 'java.lang.Object java.lang.invoke.DelegatingMethodHandle$Holder.reinvoke_L(java.lang.Object, java.lang.Object, java.lang.Object, java.lang.Object, java.lang.Object, java.lang.Object, java.lang.Object, java.lang.Object, java.lang.Object, java.lang.Object, java.lang.Object, java.lang.Object, java.lang.Object, java.lang.Object, java.lang.Object, java.lang.Object, java.lang.Object, java.lang.Object, java.lang.Object, java.lang.Object, java.lang.O
Event: 36.939 Thread 0x0000019c961f3c20 Exception <a 'java/lang/NoSuchMethodError'{0x00000000ef63b688}: 'java.lang.Object java.lang.invoke.DirectMethodHandle$Holder.invokeSpecial(java.lang.Object, java.lang.Object, java.lang.Object, java.lang.Object, java.lang.Object, java.lang.Object, java.lang.Object, java.lang.Object, java.lang.Object, java.lang.Object, java.lang.Object, java.lang.Object, java.lang.Object, java.lang.Object, java.lang.Object, java.lang.Object, java.lang.Object, java.lang.Object, java.lang.Object, java.lang.Object, java.lang.Ob
Event: 36.939 Thread 0x0000019c961f3c20 Exception <a 'java/lang/NoSuchMethodError'{0x00000000ef640e80}: 'java.lang.Object java.lang.invoke.Invokers$Holder.invoker(java.lang.Object, java.lang.Object, java.lang.Object, java.lang.Object, java.lang.Object, java.lang.Object, java.lang.Object, java.lang.Object, java.lang.Object, java.lang.Object, java.lang.Object, java.lang.Object, java.lang.Object, java.lang.Object, java.lang.Object, java.lang.Object, java.lang.Object, java.lang.Object, java.lang.Object, java.lang.Object, java.lang.Object, java.lang.
Event: 36.939 Thread 0x0000019c961f3c20 Exception <a 'java/lang/NoSuchMethodError'{0x00000000ef647058}: 'java.lang.Object java.lang.invoke.DelegatingMethodHandle$Holder.delegate(java.lang.Object, java.lang.Object, java.lang.Object, java.lang.Object, java.lang.Object, java.lang.Object, java.lang.Object, java.lang.Object, java.lang.Object, java.lang.Object, java.lang.Object, java.lang.Object, java.lang.Object, java.lang.Object, java.lang.Object, java.lang.Object, java.lang.Object, java.lang.Object, java.lang.Object, java.lang.Object, java.lang.Obj
Event: 37.216 Thread 0x0000019c961f3c20 Exception <a 'java/lang/NoSuchMethodError'{0x00000000ef4ab120}: 'java.lang.Object java.lang.invoke.DirectMethodHandle$Holder.invokeStaticInit(java.lang.Object, java.lang.Object, java.lang.Object, java.lang.Object)'> (0x00000000ef4ab120) 
thrown [s\open\src\hotspot\share\interpreter\linkResolver.cpp, line 773]
Event: 37.444 Thread 0x0000019c961f3c20 Exception <a 'java/lang/NoSuchMethodError'{0x00000000ef2a8a58}: 'void java.lang.invoke.DirectMethodHandle$Holder.invokeStatic(java.lang.Object, java.lang.Object, java.lang.Object, java.lang.Object)'> (0x00000000ef2a8a58) 
thrown [s\open\src\hotspot\share\interpreter\linkResolver.cpp, line 773]
Event: 37.518 Thread 0x0000019c961f3c20 Exception <a 'java/lang/NoSuchMethodError'{0x00000000ef13ebe8}: 'java.lang.Object java.lang.invoke.DirectMethodHandle$Holder.invokeVirtual(java.lang.Object, java.lang.Object, java.lang.Object, java.lang.Object, java.lang.Object, java.lang.Object, java.lang.Object, java.lang.Object, java.lang.Object, java.lang.Object, java.lang.Object, java.lang.Object, java.lang.Object)'> (0x00000000ef13ebe8) 
thrown [s\open\src\hotspot\share\interpreter\linkResolver.cpp, line 773]
Event: 37.519 Thread 0x0000019c961f3c20 Exception <a 'java/lang/NoSuchMethodError'{0x00000000ef143df0}: 'java.lang.Object java.lang.invoke.DirectMethodHandle$Holder.invokeSpecial(java.lang.Object, java.lang.Object, java.lang.Object, java.lang.Object, java.lang.Object, java.lang.Object, java.lang.Object, java.lang.Object, java.lang.Object, java.lang.Object, java.lang.Object, java.lang.Object, java.lang.Object, java.lang.Object)'> (0x00000000ef143df0) 
thrown [s\open\src\hotspot\share\interpreter\linkResolver.cpp, line 773]
Event: 37.519 Thread 0x0000019c961f3c20 Exception <a 'java/lang/NoSuchMethodError'{0x00000000ef148b30}: 'java.lang.Object java.lang.invoke.DelegatingMethodHandle$Holder.reinvoke_L(java.lang.Object, java.lang.Object, java.lang.Object, java.lang.Object, java.lang.Object, java.lang.Object, java.lang.Object, java.lang.Object, java.lang.Object, java.lang.Object, java.lang.Object, java.lang.Object, java.lang.Object)'> (0x00000000ef148b30) 
thrown [s\open\src\hotspot\share\interpreter\linkResolver.cpp, line 773]
Event: 37.842 Thread 0x0000019c961f3c20 Exception <a 'java/lang/NoSuchMethodError'{0x00000000ef0ef5e8}: 'void java.lang.invoke.DirectMethodHandle$Holder.invokeStaticInit(java.lang.Object, java.lang.Object)'> (0x00000000ef0ef5e8) 
thrown [s\open\src\hotspot\share\interpreter\linkResolver.cpp, line 773]
Event: 38.485 Thread 0x0000019c961f3c20 Exception <a 'java/lang/NoSuchMethodError'{0x00000000ee937af0}: 'int java.lang.invoke.DirectMethodHandle$Holder.invokeVirtual(java.lang.Object, java.lang.Object)'> (0x00000000ee937af0) 
thrown [s\open\src\hotspot\share\interpreter\linkResolver.cpp, line 773]
Event: 38.660 Thread 0x0000019c961f3c20 Exception <a 'java/lang/NoSuchMethodError'{0x00000000ee63ca18}: 'void java.lang.invoke.DirectMethodHandle$Holder.invokeInterface(java.lang.Object, java.lang.Object, java.lang.Object, java.lang.Object, java.lang.Object)'> (0x00000000ee63ca18) 
thrown [s\open\src\hotspot\share\interpreter\linkResolver.cpp, line 773]
Event: 38.665 Thread 0x0000019c961f3c20 Exception <a 'java/lang/NoSuchMethodError'{0x00000000ee67a920}: 'void java.lang.invoke.DirectMethodHandle$Holder.invokeStatic(java.lang.Object, java.lang.Object, java.lang.Object, java.lang.Object, java.lang.Object, java.lang.Object)'> (0x00000000ee67a920) 
thrown [s\open\src\hotspot\share\interpreter\linkResolver.cpp, line 773]

ZGC Phase Switch (0 events):
No events

VM Operations (20 events):
Event: 32.396 Executing VM operation: Cleanup
Event: 32.397 Executing VM operation: Cleanup done
Event: 33.403 Executing VM operation: Cleanup
Event: 33.405 Executing VM operation: Cleanup done
Event: 34.409 Executing VM operation: Cleanup
Event: 34.409 Executing VM operation: Cleanup done
Event: 35.421 Executing VM operation: Cleanup
Event: 35.539 Executing VM operation: Cleanup done
Event: 35.630 Executing VM operation: CollectForMetadataAllocation (Metadata GC Threshold)
Event: 35.643 Executing VM operation: CollectForMetadataAllocation (Metadata GC Threshold) done
Event: 35.961 Executing VM operation: G1PauseRemark
Event: 36.020 Executing VM operation: G1PauseRemark done
Event: 36.022 Executing VM operation: G1PauseCleanup
Event: 36.023 Executing VM operation: G1PauseCleanup done
Event: 37.036 Executing VM operation: Cleanup
Event: 37.232 Executing VM operation: Cleanup done
Event: 38.242 Executing VM operation: Cleanup
Event: 38.243 Executing VM operation: Cleanup done
Event: 38.578 Executing VM operation: HandshakeAllThreads (Deoptimize)
Event: 38.631 Executing VM operation: HandshakeAllThreads (Deoptimize) done

Events (20 events):
Event: 10.472 Thread 0x0000019c95ff40e0 Thread added: 0x0000019c95ff40e0
Event: 10.855 Thread 0x0000019c9606e770 Thread added: 0x0000019c9606e770
Event: 11.332 Thread 0x0000019c96194bd0 Thread added: 0x0000019c96194bd0
Event: 11.344 Thread 0x0000019c961c2420 Thread added: 0x0000019c961c2420
Event: 11.815 Thread 0x0000019c961e6020 Thread added: 0x0000019c961e6020
Event: 11.832 Thread 0x0000019c961f3c20 Thread added: 0x0000019c961f3c20
Event: 11.842 Thread 0x0000019c96219d70 Thread added: 0x0000019c96219d70
Event: 11.847 Thread 0x0000019c962168f0 Thread added: 0x0000019c962168f0
Event: 11.852 Thread 0x0000019c96217ca0 Thread added: 0x0000019c96217ca0
Event: 15.987 Thread 0x0000019c962196e0 Thread added: 0x0000019c962196e0
Event: 16.241 Thread 0x0000019c96216f80 Thread added: 0x0000019c96216f80
Event: 25.210 Thread 0x0000019c962189c0 Thread added: 0x0000019c962189c0
Event: 25.696 Thread 0x0000019c96217610 Thread added: 0x0000019c96217610
Event: 30.899 Thread 0x0000019c966badc0 Thread added: 0x0000019c966badc0
Event: 31.279 Thread 0x0000019c966badc0 Thread exited: 0x0000019c966badc0
Event: 33.046 Thread 0x0000019c96219050 Thread added: 0x0000019c96219050
Event: 36.880 Thread 0x0000019c9642e460 Thread added: 0x0000019c9642e460
Event: 36.924 Thread 0x0000019c96432c90 Thread added: 0x0000019c96432c90
Event: 38.468 Thread 0x0000019c96430530 Thread added: 0x0000019c96430530
Event: 38.482 Thread 0x0000019c96432600 Thread added: 0x0000019c96432600


Dynamic libraries:
0x00007ff6f7880000 - 0x00007ff6f7890000 	C:\Program Files\Java\jdk-21\bin\java.exe
0x00007ff8ab730000 - 0x00007ff8ab947000 	C:\WINDOWS\SYSTEM32\ntdll.dll
0x00007ff8aa0c0000 - 0x00007ff8aa184000 	C:\WINDOWS\System32\KERNEL32.DLL
0x00007ff8a8e80000 - 0x00007ff8a923a000 	C:\WINDOWS\System32\KERNELBASE.dll
0x00007ff8a9300000 - 0x00007ff8a9411000 	C:\WINDOWS\System32\ucrtbase.dll
0x00007ff8a0840000 - 0x00007ff8a0859000 	C:\Program Files\Java\jdk-21\bin\jli.dll
0x00007ff8ab260000 - 0x00007ff8ab312000 	C:\WINDOWS\System32\ADVAPI32.dll
0x00007ff8ab100000 - 0x00007ff8ab1a7000 	C:\WINDOWS\System32\msvcrt.dll
0x00007ff8aaec0000 - 0x00007ff8aaf67000 	C:\WINDOWS\System32\sechost.dll
0x00007ff8a8d50000 - 0x00007ff8a8d78000 	C:\WINDOWS\System32\bcrypt.dll
0x00007ff8a9fa0000 - 0x00007ff8aa0b4000 	C:\WINDOWS\System32\RPCRT4.dll
0x00007ff8a9860000 - 0x00007ff8a9a0e000 	C:\WINDOWS\System32\USER32.dll
0x00007ff8a89f0000 - 0x00007ff8a8a16000 	C:\WINDOWS\System32\win32u.dll
0x00007ff8ab400000 - 0x00007ff8ab429000 	C:\WINDOWS\System32\GDI32.dll
0x00007ff8a8c30000 - 0x00007ff8a8d4b000 	C:\WINDOWS\System32\gdi32full.dll
0x00007ff8a8b90000 - 0x00007ff8a8c2a000 	C:\WINDOWS\System32\msvcp_win.dll
0x00007ff8a0080000 - 0x00007ff8a009b000 	C:\Program Files\Java\jdk-21\bin\VCRUNTIME140.dll
0x00007ff891120000 - 0x00007ff8913b2000 	C:\WINDOWS\WinSxS\amd64_microsoft.windows.common-controls_6595b64144ccf1df_6.0.22621.4541_none_2710d1c57384c085\COMCTL32.dll
0x00007ff89d3d0000 - 0x00007ff89d3da000 	C:\WINDOWS\SYSTEM32\VERSION.dll
0x00007ff8ab1b0000 - 0x00007ff8ab1e1000 	C:\WINDOWS\System32\IMM32.DLL
0x00007ff8a1570000 - 0x00007ff8a157c000 	C:\Program Files\Java\jdk-21\bin\vcruntime140_1.dll
0x00007ff899d30000 - 0x00007ff899dbe000 	C:\Program Files\Java\jdk-21\bin\msvcp140.dll
0x00007ff84a690000 - 0x00007ff84b3a3000 	C:\Program Files\Java\jdk-21\bin\server\jvm.dll
0x00007ff8a97e0000 - 0x00007ff8a9851000 	C:\WINDOWS\System32\WS2_32.dll
0x00007ff8a7860000 - 0x00007ff8a78ad000 	C:\WINDOWS\SYSTEM32\POWRPROF.dll
0x00007ff8a07f0000 - 0x00007ff8a0824000 	C:\WINDOWS\SYSTEM32\WINMM.dll
0x00007ff8a7830000 - 0x00007ff8a7843000 	C:\WINDOWS\SYSTEM32\UMPDC.dll
0x00007ff8a7aa0000 - 0x00007ff8a7ab8000 	C:\WINDOWS\SYSTEM32\kernel.appcore.dll
0x00007ff8a1000000 - 0x00007ff8a100a000 	C:\Program Files\Java\jdk-21\bin\jimage.dll
0x00007ff8a6110000 - 0x00007ff8a6342000 	C:\WINDOWS\SYSTEM32\DBGHELP.DLL
0x00007ff8a9440000 - 0x00007ff8a97d1000 	C:\WINDOWS\System32\combase.dll
0x00007ff8ab320000 - 0x00007ff8ab3f7000 	C:\WINDOWS\System32\OLEAUT32.dll
0x00007ff896270000 - 0x00007ff8962a2000 	C:\WINDOWS\SYSTEM32\dbgcore.DLL
0x00007ff8a8d80000 - 0x00007ff8a8dfb000 	C:\WINDOWS\System32\bcryptPrimitives.dll
0x00007ff8a08d0000 - 0x00007ff8a08df000 	C:\Program Files\Java\jdk-21\bin\instrument.dll
0x00007ff8a0060000 - 0x00007ff8a007f000 	C:\Program Files\Java\jdk-21\bin\java.dll
0x00007ff8aa190000 - 0x00007ff8aaa09000 	C:\WINDOWS\System32\SHELL32.dll
0x00007ff8a68f0000 - 0x00007ff8a71f9000 	C:\WINDOWS\SYSTEM32\windows.storage.dll
0x00007ff8a67b0000 - 0x00007ff8a68ef000 	C:\WINDOWS\SYSTEM32\wintypes.dll
0x00007ff8a9d30000 - 0x00007ff8a9e2a000 	C:\WINDOWS\System32\SHCORE.dll
0x00007ff8ab090000 - 0x00007ff8ab0ee000 	C:\WINDOWS\System32\shlwapi.dll
0x00007ff8a8920000 - 0x00007ff8a894b000 	C:\WINDOWS\SYSTEM32\profapi.dll
0x00007ff8a0040000 - 0x00007ff8a0058000 	C:\Program Files\Java\jdk-21\bin\zip.dll
0x00007ff8980c0000 - 0x00007ff898197000 	C:\Program Files\Java\jdk-21\bin\jsvml.dll
0x00007ff8a0830000 - 0x00007ff8a0840000 	C:\Program Files\Java\jdk-21\bin\net.dll
0x00007ff8a1f60000 - 0x00007ff8a2096000 	C:\WINDOWS\SYSTEM32\WINHTTP.dll
0x00007ff8a7fa0000 - 0x00007ff8a8009000 	C:\WINDOWS\system32\mswsock.dll
0x00007ff8a0020000 - 0x00007ff8a0036000 	C:\Program Files\Java\jdk-21\bin\nio.dll
0x00007ff8a0000000 - 0x00007ff8a0010000 	C:\Program Files\Java\jdk-21\bin\verify.dll
0x00007ff8a1010000 - 0x00007ff8a1037000 	C:\Users\TUAN ANH\.gradle\native\c067742578af261105cb4f569cf0c3c89f3d7b1fecec35dd04571415982c5e48\windows-amd64\native-platform.dll
0x00007ff897f70000 - 0x00007ff8980b4000 	C:\Users\TUAN ANH\.gradle\native\100fb08df4bc3b14c8652ba06237920a3bd2aa13389f12d3474272988ae205f9\windows-amd64\native-platform-file-events.dll
0x00007ff89fff0000 - 0x00007ff89fffa000 	C:\Program Files\Java\jdk-21\bin\management.dll
0x00007ff89ffe0000 - 0x00007ff89ffeb000 	C:\Program Files\Java\jdk-21\bin\management_ext.dll
0x00007ff8ab0f0000 - 0x00007ff8ab0f8000 	C:\WINDOWS\System32\PSAPI.DLL
0x00007ff8a8200000 - 0x00007ff8a821b000 	C:\WINDOWS\SYSTEM32\CRYPTSP.dll
0x00007ff8a7a60000 - 0x00007ff8a7a95000 	C:\WINDOWS\system32\rsaenh.dll
0x00007ff8a8090000 - 0x00007ff8a80b8000 	C:\WINDOWS\SYSTEM32\USERENV.dll
0x00007ff8a81f0000 - 0x00007ff8a81fc000 	C:\WINDOWS\SYSTEM32\CRYPTBASE.dll
0x00007ff8a7450000 - 0x00007ff8a747d000 	C:\WINDOWS\SYSTEM32\IPHLPAPI.DLL
0x00007ff8aae90000 - 0x00007ff8aae99000 	C:\WINDOWS\System32\NSI.dll
0x00007ff89ffd0000 - 0x00007ff89ffd9000 	C:\Program Files\Java\jdk-21\bin\extnet.dll
0x00007ff89e680000 - 0x00007ff89e68e000 	C:\Program Files\Java\jdk-21\bin\sunmscapi.dll
0x00007ff8a8a20000 - 0x00007ff8a8b86000 	C:\WINDOWS\System32\CRYPT32.dll
0x00007ff8a8390000 - 0x00007ff8a83bd000 	C:\WINDOWS\SYSTEM32\ncrypt.dll
0x00007ff8a8350000 - 0x00007ff8a8387000 	C:\WINDOWS\SYSTEM32\NTASN1.dll
0x00007ff8884e0000 - 0x00007ff8884e8000 	C:\WINDOWS\system32\wshunix.dll

dbghelp: loaded successfully - version: 4.0.5 - missing functions: none
symbol engine: initialized successfully - sym options: 0x614 - pdb path: .;C:\Program Files\Java\jdk-21\bin;C:\WINDOWS\SYSTEM32;C:\WINDOWS\WinSxS\amd64_microsoft.windows.common-controls_6595b64144ccf1df_6.0.22621.4541_none_2710d1c57384c085;C:\Program Files\Java\jdk-21\bin\server;C:\Users\TUAN ANH\.gradle\native\c067742578af261105cb4f569cf0c3c89f3d7b1fecec35dd04571415982c5e48\windows-amd64;C:\Users\TUAN ANH\.gradle\native\100fb08df4bc3b14c8652ba06237920a3bd2aa13389f12d3474272988ae205f9\windows-amd64

VM Arguments:
jvm_args: --add-opens=java.base/java.lang=ALL-UNNAMED --add-opens=java.base/java.lang.invoke=ALL-UNNAMED --add-opens=java.base/java.util=ALL-UNNAMED --add-opens=java.prefs/java.util.prefs=ALL-UNNAMED --add-exports=jdk.compiler/com.sun.tools.javac.api=ALL-UNNAMED --add-exports=jdk.compiler/com.sun.tools.javac.util=ALL-UNNAMED --add-opens=java.base/java.util=ALL-UNNAMED --add-opens=java.prefs/java.util.prefs=ALL-UNNAMED --add-opens=java.base/java.nio.charset=ALL-UNNAMED --add-opens=java.base/java.net=ALL-UNNAMED --add-opens=java.base/java.util.concurrent.atomic=ALL-UNNAMED --add-opens=java.xml/javax.xml.namespace=ALL-UNNAMED -XX:MaxMetaspaceSize=384m -XX:+HeapDumpOnOutOfMemoryError -Xms256m -Xmx512m -Dfile.encoding=windows-1252 -Duser.country=US -Duser.language=en -Duser.variant -javaagent:C:\Users\TUAN ANH\.gradle\wrapper\dists\gradle-8.11.1-bin\bpt9gzteqjrbo1mjrsomdt32c\gradle-8.11.1\lib\agents\gradle-instrumentation-agent-8.11.1.jar 
java_command: org.gradle.launcher.daemon.bootstrap.GradleDaemon 8.11.1
java_class_path (initial): C:\Users\TUAN ANH\.gradle\wrapper\dists\gradle-8.11.1-bin\bpt9gzteqjrbo1mjrsomdt32c\gradle-8.11.1\lib\gradle-daemon-main-8.11.1.jar
Launcher Type: SUN_STANDARD

[Global flags]
     intx CICompilerCount                          = 4                                         {product} {ergonomic}
   size_t CompressedClassSpaceSize                 = 335544320                                 {product} {ergonomic}
     uint ConcGCThreads                            = 2                                         {product} {ergonomic}
     uint G1ConcRefinementThreads                  = 8                                         {product} {ergonomic}
   size_t G1HeapRegionSize                         = 1048576                                   {product} {ergonomic}
    uintx GCDrainStackTargetSize                   = 64                                        {product} {ergonomic}
     bool HeapDumpOnOutOfMemoryError               = true                                   {manageable} {command line}
   size_t InitialHeapSize                          = 268435456                                 {product} {command line}
   size_t MarkStackSize                            = 4194304                                   {product} {ergonomic}
   size_t MaxHeapSize                              = 536870912                                 {product} {command line}
   size_t MaxMetaspaceSize                         = 402653184                                 {product} {command line}
   size_t MaxNewSize                               = 321912832                                 {product} {ergonomic}
   size_t MinHeapDeltaBytes                        = 1048576                                   {product} {ergonomic}
   size_t MinHeapSize                              = 268435456                                 {product} {command line}
    uintx NonNMethodCodeHeapSize                   = 5839372                                {pd product} {ergonomic}
    uintx NonProfiledCodeHeapSize                  = 122909434                              {pd product} {ergonomic}
    uintx ProfiledCodeHeapSize                     = 122909434                              {pd product} {ergonomic}
    uintx ReservedCodeCacheSize                    = 251658240                              {pd product} {ergonomic}
     bool SegmentedCodeCache                       = true                                      {product} {ergonomic}
   size_t SoftMaxHeapSize                          = 536870912                              {manageable} {ergonomic}
     bool UseCompressedOops                        = true                           {product lp64_product} {ergonomic}
     bool UseG1GC                                  = true                                      {product} {ergonomic}
     bool UseLargePagesIndividualAllocation        = false                                  {pd product} {ergonomic}

Logging:
Log output configuration:
 #0: stdout all=warning uptime,level,tags foldmultilines=false
 #1: stderr all=off uptime,level,tags foldmultilines=false

Environment Variables:
PATH=C:\Program Files\Common Files\Oracle\Java\javapath;C:\Windows;C:\Windows\System32\Wbem;C:\Windows\System32\WindowsPowerShell\v1.0\;C:\Windows\System32\OpenSSH\;C:\Program Files (x86)\NVIDIA Corporation\PhysX\Common;C:\Program Files\NVIDIA Corporation\NVIDIA NvDLISR;C:\WINDOWS\system32;C:\WINDOWS;C:\WINDOWS\System32\Wbem;C:\WINDOWS\System32\WindowsPowerShell\v1.0\;C:\WINDOWS\System32\OpenSSH\;C:\MinGW\bin;C:\Program Files\Azure Data Studio\bin;C:\Program Files\MongoDB\Tools\100\bin;C:\Program Files\MongoDB\Server\5.0\bin;C:\Program Files (x86)\Microsoft SQL Server\160\Tools\Binn\;C:\Program Files\Microsoft SQL Server\160\Tools\Binn\;C:\Program Files\Microsoft SQL Server\Client SDK\ODBC\170\Tools\Binn\;C:\Program Files\Microsoft SQL Server\160\DTS\Binn\;C:\Program Files (x86)\Microsoft SQL Server\160\DTS\Binn\;C:\Program Files\Git\cmd;C:\Program Files\Java\jdk-20\bin;C:\Program Files\nodejs\;C:\Program Files\dotnet\;C:\Program Files\Docker\Docker\resources\bin;C:\Users\TUAN ANH\Downloads\apache-maven-3.9.9\bin;C:\Program Files\Oracle\VirtualBox\;C:\Users\TUAN ANH\AppData\Local\Microsoft\WindowsApps;C:\Program Files\Azure Data Studio\bin;C:\Users\TUAN ANH\AppData\Local\Programs\mongosh\;C:\Users\TUAN ANH\IntelliJ IDEA 2023.3.2\bin;;C:\Users\TUAN ANH\AppData\Local\GitHubDesktop\bin;C:\Users\TUAN ANH\AppData\Local\Programs\Microsoft VS Code\bin;C:\Users\TUAN ANH\AppData\Roaming\npm;C:\Users\TUAN ANH\.dotnet\tools
USERNAME=TUAN ANH
OS=Windows_NT
PROCESSOR_IDENTIFIER=Intel64 Family 6 Model 140 Stepping 1, GenuineIntel
TMP=C:\Users\TUANAN~1\AppData\Local\Temp
TEMP=C:\Users\TUANAN~1\AppData\Local\Temp




Periodic native trim disabled

---------------  S Y S T E M  ---------------

OS:
 Windows 11 , 64 bit Build 22621 (10.0.22621.4391)
OS uptime: 1 days 9:06 hours
Hyper-V role detected

CPU: total 8 (initial active 8) (4 cores per cpu, 2 threads per core) family 6 model 140 stepping 1 microcode 0x8a, cx8, cmov, fxsr, ht, mmx, 3dnowpref, sse, sse2, sse3, ssse3, sse4.1, sse4.2, popcnt, lzcnt, tsc, tscinvbit, avx, avx2, aes, erms, clmul, bmi1, bmi2, adx, avx512f, avx512dq, avx512cd, avx512bw, avx512vl, sha, fma, vzeroupper, avx512_vpopcntdq, avx512_vpclmulqdq, avx512_vaes, avx512_vnni, clflush, clflushopt, clwb, avx512_vbmi2, avx512_vbmi, hv, rdtscp, rdpid, fsrm, gfni, avx512_bitalg, f16c, cet_ibt, cet_ss, avx512_ifma
Processor Information for all 8 processors :
  Max Mhz: 2419, Current Mhz: 2419, Mhz Limit: 2419

Memory: 4k page, system-wide physical 12067M (129M free)
TotalPageFile size 34453M (AvailPageFile size 0M)
current process WorkingSet (physical memory assigned to process): 235M, peak: 242M
current process commit charge ("private bytes"): 412M, peak: 422M

vm_info: Java HotSpot(TM) 64-Bit Server VM (21.0.4+8-LTS-274) for windows-amd64 JRE (21.0.4+8-LTS-274), built on 2024-06-05T05:23:33Z by "mach5one" with MS VC++ 17.6 (VS2022)

END.
